23-Apr-2023 00:02:13.602 INFO [main] org.apache.catalina.startup.VersionLoggerListener.log Server version name:   Apache Tomcat/9.0.73
23-Apr-2023 00:02:13.604 INFO [main] org.apache.catalina.startup.VersionLoggerListener.log Server built:          Feb 27 2023 15:33:40 UTC
23-Apr-2023 00:02:13.604 INFO [main] org.apache.catalina.startup.VersionLoggerListener.log Server version number: 9.0.73.0
23-Apr-2023 00:02:13.604 INFO [main] org.apache.catalina.startup.VersionLoggerListener.log OS Name:               Linux
23-Apr-2023 00:02:13.605 INFO [main] org.apache.catalina.startup.VersionLoggerListener.log OS Version:            6.2.7-arch1-1
23-Apr-2023 00:02:13.605 INFO [main] org.apache.catalina.startup.VersionLoggerListener.log Architecture:          amd64
23-Apr-2023 00:02:13.605 INFO [main] org.apache.catalina.startup.VersionLoggerListener.log Java Home:             /usr/lib/jvm/java-17-openjdk
23-Apr-2023 00:02:13.605 INFO [main] org.apache.catalina.startup.VersionLoggerListener.log JVM Version:           17.0.6+10
23-Apr-2023 00:02:13.605 INFO [main] org.apache.catalina.startup.VersionLoggerListener.log JVM Vendor:            Oracle Corporation
23-Apr-2023 00:02:13.605 INFO [main] org.apache.catalina.startup.VersionLoggerListener.log CATALINA_BASE:         /home/danih/Documents/Universidad/Segundo Cuatrimestre/Sistemas Distribuidos/Práctica/Entregas/ssdd/apache-tomcat-9_2
23-Apr-2023 00:02:13.605 INFO [main] org.apache.catalina.startup.VersionLoggerListener.log CATALINA_HOME:         /home/danih/Documents/Universidad/Segundo Cuatrimestre/Sistemas Distribuidos/Práctica/Entregas/ssdd/apache-tomcat-9_2
23-Apr-2023 00:02:13.611 INFO [main] org.apache.catalina.startup.VersionLoggerListener.log Command line argument: --add-opens=java.base/java.lang=ALL-UNNAMED
23-Apr-2023 00:02:13.611 INFO [main] org.apache.catalina.startup.VersionLoggerListener.log Command line argument: --add-opens=java.base/java.io=ALL-UNNAMED
23-Apr-2023 00:02:13.611 INFO [main] org.apache.catalina.startup.VersionLoggerListener.log Command line argument: --add-opens=java.base/java.util=ALL-UNNAMED
23-Apr-2023 00:02:13.611 INFO [main] org.apache.catalina.startup.VersionLoggerListener.log Command line argument: --add-opens=java.base/java.util.concurrent=ALL-UNNAMED
23-Apr-2023 00:02:13.611 INFO [main] org.apache.catalina.startup.VersionLoggerListener.log Command line argument: --add-opens=java.rmi/sun.rmi.transport=ALL-UNNAMED
23-Apr-2023 00:02:13.611 INFO [main] org.apache.catalina.startup.VersionLoggerListener.log Command line argument: -Djava.util.logging.config.file=/home/danih/Documents/Universidad/Segundo Cuatrimestre/Sistemas Distribuidos/Práctica/Entregas/ssdd/apache-tomcat-9_2/conf/logging.properties
23-Apr-2023 00:02:13.611 INFO [main] org.apache.catalina.startup.VersionLoggerListener.log Command line argument: -Djava.util.logging.manager=org.apache.juli.ClassLoaderLogManager
23-Apr-2023 00:02:13.611 INFO [main] org.apache.catalina.startup.VersionLoggerListener.log Command line argument: -Djdk.tls.ephemeralDHKeySize=2048
23-Apr-2023 00:02:13.611 INFO [main] org.apache.catalina.startup.VersionLoggerListener.log Command line argument: -Djava.protocol.handler.pkgs=org.apache.catalina.webresources
23-Apr-2023 00:02:13.611 INFO [main] org.apache.catalina.startup.VersionLoggerListener.log Command line argument: -Dorg.apache.catalina.security.SecurityListener.UMASK=0027
23-Apr-2023 00:02:13.611 INFO [main] org.apache.catalina.startup.VersionLoggerListener.log Command line argument: -Dignore.endorsed.dirs=
23-Apr-2023 00:02:13.611 INFO [main] org.apache.catalina.startup.VersionLoggerListener.log Command line argument: -Dcatalina.base=/home/danih/Documents/Universidad/Segundo Cuatrimestre/Sistemas Distribuidos/Práctica/Entregas/ssdd/apache-tomcat-9_2
23-Apr-2023 00:02:13.611 INFO [main] org.apache.catalina.startup.VersionLoggerListener.log Command line argument: -Dcatalina.home=/home/danih/Documents/Universidad/Segundo Cuatrimestre/Sistemas Distribuidos/Práctica/Entregas/ssdd/apache-tomcat-9_2
23-Apr-2023 00:02:13.611 INFO [main] org.apache.catalina.startup.VersionLoggerListener.log Command line argument: -Djava.io.tmpdir=/home/danih/Documents/Universidad/Segundo Cuatrimestre/Sistemas Distribuidos/Práctica/Entregas/ssdd/apache-tomcat-9_2/temp
23-Apr-2023 00:02:13.612 INFO [main] org.apache.catalina.core.AprLifecycleListener.lifecycleEvent The Apache Tomcat Native library which allows using OpenSSL was not found on the java.library.path: [/usr/local/lib64::/usr/java/packages/lib:/usr/lib64:/lib64:/lib:/usr/lib]
23-Apr-2023 00:02:13.765 INFO [main] org.apache.coyote.AbstractProtocol.init Initializing ProtocolHandler ["http-nio-8081"]
23-Apr-2023 00:02:13.779 INFO [main] org.apache.catalina.startup.Catalina.load Server initialization in [268] milliseconds
23-Apr-2023 00:02:13.799 INFO [main] org.apache.catalina.core.StandardService.startInternal Starting service [Catalina]
23-Apr-2023 00:02:13.799 INFO [main] org.apache.catalina.core.StandardEngine.startInternal Starting Servlet engine: [Apache Tomcat/9.0.73]
23-Apr-2023 00:02:13.806 INFO [main] org.apache.catalina.startup.HostConfig.deployWAR Deploying web application archive [/home/danih/Documents/Universidad/Segundo Cuatrimestre/Sistemas Distribuidos/Práctica/Entregas/ssdd/apache-tomcat-9_2/webapps/ssdd.war]
23-Apr-2023 00:02:13.816 INFO [main] org.apache.catalina.startup.ExpandWar.expand An expanded directory [/home/danih/Documents/Universidad/Segundo Cuatrimestre/Sistemas Distribuidos/Práctica/Entregas/ssdd/apache-tomcat-9_2/webapps/ssdd] was found with a last modified time that did not match the associated WAR. It will be deleted.
23-Apr-2023 00:02:14.192 INFO [main] org.apache.jasper.servlet.TldScanner.scanJars At least one JAR was scanned for TLDs yet contained no TLDs. Enable debug logging for this logger for a complete list of JARs that were scanned but no TLDs were found in them. Skipping unneeded JARs during scanning can improve startup time and JSP compilation time.
23-Apr-2023 00:02:14.431 WARNING [main] org.glassfish.jersey.server.wadl.WadlFeature.configure JAXBContext implementation could not be found. WADL feature is disabled.
23-Apr-2023 00:02:14.560 INFO [main] org.apache.catalina.startup.HostConfig.deployWAR Deployment of web application archive [/home/danih/Documents/Universidad/Segundo Cuatrimestre/Sistemas Distribuidos/Práctica/Entregas/ssdd/apache-tomcat-9_2/webapps/ssdd.war] has finished in [754] ms
23-Apr-2023 00:02:14.561 INFO [main] org.apache.catalina.startup.HostConfig.deployDirectory Deploying web application directory [/home/danih/Documents/Universidad/Segundo Cuatrimestre/Sistemas Distribuidos/Práctica/Entregas/ssdd/apache-tomcat-9_2/webapps/docs]
23-Apr-2023 00:02:14.573 INFO [main] org.apache.catalina.startup.HostConfig.deployDirectory Deployment of web application directory [/home/danih/Documents/Universidad/Segundo Cuatrimestre/Sistemas Distribuidos/Práctica/Entregas/ssdd/apache-tomcat-9_2/webapps/docs] has finished in [12] ms
23-Apr-2023 00:02:14.573 INFO [main] org.apache.catalina.startup.HostConfig.deployDirectory Deploying web application directory [/home/danih/Documents/Universidad/Segundo Cuatrimestre/Sistemas Distribuidos/Práctica/Entregas/ssdd/apache-tomcat-9_2/webapps/host-manager]
23-Apr-2023 00:02:14.589 INFO [main] org.apache.catalina.startup.HostConfig.deployDirectory Deployment of web application directory [/home/danih/Documents/Universidad/Segundo Cuatrimestre/Sistemas Distribuidos/Práctica/Entregas/ssdd/apache-tomcat-9_2/webapps/host-manager] has finished in [16] ms
23-Apr-2023 00:02:14.589 INFO [main] org.apache.catalina.startup.HostConfig.deployDirectory Deploying web application directory [/home/danih/Documents/Universidad/Segundo Cuatrimestre/Sistemas Distribuidos/Práctica/Entregas/ssdd/apache-tomcat-9_2/webapps/examples]
23-Apr-2023 00:02:14.670 INFO [main] org.apache.catalina.startup.HostConfig.deployDirectory Deployment of web application directory [/home/danih/Documents/Universidad/Segundo Cuatrimestre/Sistemas Distribuidos/Práctica/Entregas/ssdd/apache-tomcat-9_2/webapps/examples] has finished in [80] ms
23-Apr-2023 00:02:14.670 INFO [main] org.apache.catalina.startup.HostConfig.deployDirectory Deploying web application directory [/home/danih/Documents/Universidad/Segundo Cuatrimestre/Sistemas Distribuidos/Práctica/Entregas/ssdd/apache-tomcat-9_2/webapps/manager]
23-Apr-2023 00:02:14.681 INFO [main] org.apache.catalina.startup.HostConfig.deployDirectory Deployment of web application directory [/home/danih/Documents/Universidad/Segundo Cuatrimestre/Sistemas Distribuidos/Práctica/Entregas/ssdd/apache-tomcat-9_2/webapps/manager] has finished in [11] ms
23-Apr-2023 00:02:14.681 INFO [main] org.apache.catalina.startup.HostConfig.deployDirectory Deploying web application directory [/home/danih/Documents/Universidad/Segundo Cuatrimestre/Sistemas Distribuidos/Práctica/Entregas/ssdd/apache-tomcat-9_2/webapps/ROOT]
23-Apr-2023 00:02:14.691 INFO [main] org.apache.catalina.startup.HostConfig.deployDirectory Deployment of web application directory [/home/danih/Documents/Universidad/Segundo Cuatrimestre/Sistemas Distribuidos/Práctica/Entregas/ssdd/apache-tomcat-9_2/webapps/ROOT] has finished in [9] ms
23-Apr-2023 00:02:14.693 INFO [main] org.apache.coyote.AbstractProtocol.start Starting ProtocolHandler ["http-nio-8081"]
23-Apr-2023 00:02:14.699 INFO [main] org.apache.catalina.startup.Catalina.start Server startup in [919] milliseconds
23-Apr-2023 00:07:07.779 INFO [main] org.apache.catalina.startup.VersionLoggerListener.log Server version name:   Apache Tomcat/9.0.73
23-Apr-2023 00:07:07.782 INFO [main] org.apache.catalina.startup.VersionLoggerListener.log Server built:          Feb 27 2023 15:33:40 UTC
23-Apr-2023 00:07:07.782 INFO [main] org.apache.catalina.startup.VersionLoggerListener.log Server version number: 9.0.73.0
23-Apr-2023 00:07:07.783 INFO [main] org.apache.catalina.startup.VersionLoggerListener.log OS Name:               Linux
23-Apr-2023 00:07:07.783 INFO [main] org.apache.catalina.startup.VersionLoggerListener.log OS Version:            6.2.7-arch1-1
23-Apr-2023 00:07:07.783 INFO [main] org.apache.catalina.startup.VersionLoggerListener.log Architecture:          amd64
23-Apr-2023 00:07:07.783 INFO [main] org.apache.catalina.startup.VersionLoggerListener.log Java Home:             /usr/lib/jvm/java-17-openjdk
23-Apr-2023 00:07:07.783 INFO [main] org.apache.catalina.startup.VersionLoggerListener.log JVM Version:           17.0.6+10
23-Apr-2023 00:07:07.783 INFO [main] org.apache.catalina.startup.VersionLoggerListener.log JVM Vendor:            Oracle Corporation
23-Apr-2023 00:07:07.783 INFO [main] org.apache.catalina.startup.VersionLoggerListener.log CATALINA_BASE:         /home/danih/Documents/Universidad/Segundo Cuatrimestre/Sistemas Distribuidos/Práctica/Entregas/ssdd/apache-tomcat-9_2
23-Apr-2023 00:07:07.783 INFO [main] org.apache.catalina.startup.VersionLoggerListener.log CATALINA_HOME:         /home/danih/Documents/Universidad/Segundo Cuatrimestre/Sistemas Distribuidos/Práctica/Entregas/ssdd/apache-tomcat-9_2
23-Apr-2023 00:07:07.789 INFO [main] org.apache.catalina.startup.VersionLoggerListener.log Command line argument: --add-opens=java.base/java.lang=ALL-UNNAMED
23-Apr-2023 00:07:07.789 INFO [main] org.apache.catalina.startup.VersionLoggerListener.log Command line argument: --add-opens=java.base/java.io=ALL-UNNAMED
23-Apr-2023 00:07:07.789 INFO [main] org.apache.catalina.startup.VersionLoggerListener.log Command line argument: --add-opens=java.base/java.util=ALL-UNNAMED
23-Apr-2023 00:07:07.789 INFO [main] org.apache.catalina.startup.VersionLoggerListener.log Command line argument: --add-opens=java.base/java.util.concurrent=ALL-UNNAMED
23-Apr-2023 00:07:07.789 INFO [main] org.apache.catalina.startup.VersionLoggerListener.log Command line argument: --add-opens=java.rmi/sun.rmi.transport=ALL-UNNAMED
23-Apr-2023 00:07:07.789 INFO [main] org.apache.catalina.startup.VersionLoggerListener.log Command line argument: -Djava.util.logging.config.file=/home/danih/Documents/Universidad/Segundo Cuatrimestre/Sistemas Distribuidos/Práctica/Entregas/ssdd/apache-tomcat-9_2/conf/logging.properties
23-Apr-2023 00:07:07.789 INFO [main] org.apache.catalina.startup.VersionLoggerListener.log Command line argument: -Djava.util.logging.manager=org.apache.juli.ClassLoaderLogManager
23-Apr-2023 00:07:07.789 INFO [main] org.apache.catalina.startup.VersionLoggerListener.log Command line argument: -Djdk.tls.ephemeralDHKeySize=2048
23-Apr-2023 00:07:07.790 INFO [main] org.apache.catalina.startup.VersionLoggerListener.log Command line argument: -Djava.protocol.handler.pkgs=org.apache.catalina.webresources
23-Apr-2023 00:07:07.790 INFO [main] org.apache.catalina.startup.VersionLoggerListener.log Command line argument: -Dorg.apache.catalina.security.SecurityListener.UMASK=0027
23-Apr-2023 00:07:07.790 INFO [main] org.apache.catalina.startup.VersionLoggerListener.log Command line argument: -Dignore.endorsed.dirs=
23-Apr-2023 00:07:07.790 INFO [main] org.apache.catalina.startup.VersionLoggerListener.log Command line argument: -Dcatalina.base=/home/danih/Documents/Universidad/Segundo Cuatrimestre/Sistemas Distribuidos/Práctica/Entregas/ssdd/apache-tomcat-9_2
23-Apr-2023 00:07:07.790 INFO [main] org.apache.catalina.startup.VersionLoggerListener.log Command line argument: -Dcatalina.home=/home/danih/Documents/Universidad/Segundo Cuatrimestre/Sistemas Distribuidos/Práctica/Entregas/ssdd/apache-tomcat-9_2
23-Apr-2023 00:07:07.790 INFO [main] org.apache.catalina.startup.VersionLoggerListener.log Command line argument: -Djava.io.tmpdir=/home/danih/Documents/Universidad/Segundo Cuatrimestre/Sistemas Distribuidos/Práctica/Entregas/ssdd/apache-tomcat-9_2/temp
23-Apr-2023 00:07:07.791 INFO [main] org.apache.catalina.core.AprLifecycleListener.lifecycleEvent The Apache Tomcat Native library which allows using OpenSSL was not found on the java.library.path: [/usr/local/lib64::/usr/java/packages/lib:/usr/lib64:/lib64:/lib:/usr/lib]
23-Apr-2023 00:07:07.955 INFO [main] org.apache.coyote.AbstractProtocol.init Initializing ProtocolHandler ["http-nio-8081"]
23-Apr-2023 00:07:07.970 INFO [main] org.apache.catalina.startup.Catalina.load Server initialization in [305] milliseconds
23-Apr-2023 00:07:07.993 INFO [main] org.apache.catalina.core.StandardService.startInternal Starting service [Catalina]
23-Apr-2023 00:07:07.993 INFO [main] org.apache.catalina.core.StandardEngine.startInternal Starting Servlet engine: [Apache Tomcat/9.0.73]
23-Apr-2023 00:07:08.001 INFO [main] org.apache.catalina.startup.HostConfig.deployWAR Deploying web application archive [/home/danih/Documents/Universidad/Segundo Cuatrimestre/Sistemas Distribuidos/Práctica/Entregas/ssdd/apache-tomcat-9_2/webapps/ssdd.war]
23-Apr-2023 00:07:08.012 INFO [main] org.apache.catalina.startup.ExpandWar.expand An expanded directory [/home/danih/Documents/Universidad/Segundo Cuatrimestre/Sistemas Distribuidos/Práctica/Entregas/ssdd/apache-tomcat-9_2/webapps/ssdd] was found with a last modified time that did not match the associated WAR. It will be deleted.
23-Apr-2023 00:07:08.386 INFO [main] org.apache.jasper.servlet.TldScanner.scanJars At least one JAR was scanned for TLDs yet contained no TLDs. Enable debug logging for this logger for a complete list of JARs that were scanned but no TLDs were found in them. Skipping unneeded JARs during scanning can improve startup time and JSP compilation time.
23-Apr-2023 00:07:08.630 WARNING [main] org.glassfish.jersey.server.wadl.WadlFeature.configure JAXBContext implementation could not be found. WADL feature is disabled.
23-Apr-2023 00:07:08.761 INFO [main] org.apache.catalina.startup.HostConfig.deployWAR Deployment of web application archive [/home/danih/Documents/Universidad/Segundo Cuatrimestre/Sistemas Distribuidos/Práctica/Entregas/ssdd/apache-tomcat-9_2/webapps/ssdd.war] has finished in [761] ms
23-Apr-2023 00:07:08.761 INFO [main] org.apache.catalina.startup.HostConfig.deployDirectory Deploying web application directory [/home/danih/Documents/Universidad/Segundo Cuatrimestre/Sistemas Distribuidos/Práctica/Entregas/ssdd/apache-tomcat-9_2/webapps/docs]
23-Apr-2023 00:07:08.776 INFO [main] org.apache.catalina.startup.HostConfig.deployDirectory Deployment of web application directory [/home/danih/Documents/Universidad/Segundo Cuatrimestre/Sistemas Distribuidos/Práctica/Entregas/ssdd/apache-tomcat-9_2/webapps/docs] has finished in [15] ms
23-Apr-2023 00:07:08.776 INFO [main] org.apache.catalina.startup.HostConfig.deployDirectory Deploying web application directory [/home/danih/Documents/Universidad/Segundo Cuatrimestre/Sistemas Distribuidos/Práctica/Entregas/ssdd/apache-tomcat-9_2/webapps/host-manager]
23-Apr-2023 00:07:08.793 INFO [main] org.apache.catalina.startup.HostConfig.deployDirectory Deployment of web application directory [/home/danih/Documents/Universidad/Segundo Cuatrimestre/Sistemas Distribuidos/Práctica/Entregas/ssdd/apache-tomcat-9_2/webapps/host-manager] has finished in [17] ms
23-Apr-2023 00:07:08.793 INFO [main] org.apache.catalina.startup.HostConfig.deployDirectory Deploying web application directory [/home/danih/Documents/Universidad/Segundo Cuatrimestre/Sistemas Distribuidos/Práctica/Entregas/ssdd/apache-tomcat-9_2/webapps/examples]
23-Apr-2023 00:07:08.878 INFO [main] org.apache.catalina.startup.HostConfig.deployDirectory Deployment of web application directory [/home/danih/Documents/Universidad/Segundo Cuatrimestre/Sistemas Distribuidos/Práctica/Entregas/ssdd/apache-tomcat-9_2/webapps/examples] has finished in [85] ms
23-Apr-2023 00:07:08.878 INFO [main] org.apache.catalina.startup.HostConfig.deployDirectory Deploying web application directory [/home/danih/Documents/Universidad/Segundo Cuatrimestre/Sistemas Distribuidos/Práctica/Entregas/ssdd/apache-tomcat-9_2/webapps/manager]
23-Apr-2023 00:07:08.889 INFO [main] org.apache.catalina.startup.HostConfig.deployDirectory Deployment of web application directory [/home/danih/Documents/Universidad/Segundo Cuatrimestre/Sistemas Distribuidos/Práctica/Entregas/ssdd/apache-tomcat-9_2/webapps/manager] has finished in [11] ms
23-Apr-2023 00:07:08.890 INFO [main] org.apache.catalina.startup.HostConfig.deployDirectory Deploying web application directory [/home/danih/Documents/Universidad/Segundo Cuatrimestre/Sistemas Distribuidos/Práctica/Entregas/ssdd/apache-tomcat-9_2/webapps/ROOT]
23-Apr-2023 00:07:08.899 INFO [main] org.apache.catalina.startup.HostConfig.deployDirectory Deployment of web application directory [/home/danih/Documents/Universidad/Segundo Cuatrimestre/Sistemas Distribuidos/Práctica/Entregas/ssdd/apache-tomcat-9_2/webapps/ROOT] has finished in [9] ms
23-Apr-2023 00:07:08.901 INFO [main] org.apache.coyote.AbstractProtocol.start Starting ProtocolHandler ["http-nio-8081"]
23-Apr-2023 00:07:08.907 INFO [main] org.apache.catalina.startup.Catalina.start Server startup in [937] milliseconds
23-Apr-2023 00:11:42.288 INFO [Thread-1] org.apache.coyote.AbstractProtocol.pause Pausing ProtocolHandler ["http-nio-8081"]
23-Apr-2023 00:11:42.290 INFO [Thread-1] org.apache.catalina.core.StandardService.stopInternal Stopping service [Catalina]
23-Apr-2023 00:11:42.304 INFO [Thread-1] org.apache.coyote.AbstractProtocol.stop Stopping ProtocolHandler ["http-nio-8081"]
23-Apr-2023 00:11:42.312 INFO [Thread-1] org.apache.coyote.AbstractProtocol.destroy Destroying ProtocolHandler ["http-nio-8081"]
23-Apr-2023 11:18:34.841 INFO [main] org.apache.catalina.startup.VersionLoggerListener.log Server version name:   Apache Tomcat/9.0.73
23-Apr-2023 11:18:34.849 INFO [main] org.apache.catalina.startup.VersionLoggerListener.log Server built:          Feb 27 2023 15:33:40 UTC
23-Apr-2023 11:18:34.850 INFO [main] org.apache.catalina.startup.VersionLoggerListener.log Server version number: 9.0.73.0
23-Apr-2023 11:18:34.850 INFO [main] org.apache.catalina.startup.VersionLoggerListener.log OS Name:               Linux
23-Apr-2023 11:18:34.850 INFO [main] org.apache.catalina.startup.VersionLoggerListener.log OS Version:            6.2.7-arch1-1
23-Apr-2023 11:18:34.851 INFO [main] org.apache.catalina.startup.VersionLoggerListener.log Architecture:          amd64
23-Apr-2023 11:18:34.851 INFO [main] org.apache.catalina.startup.VersionLoggerListener.log Java Home:             /usr/lib/jvm/java-17-openjdk
23-Apr-2023 11:18:34.851 INFO [main] org.apache.catalina.startup.VersionLoggerListener.log JVM Version:           17.0.6+10
23-Apr-2023 11:18:34.851 INFO [main] org.apache.catalina.startup.VersionLoggerListener.log JVM Vendor:            Oracle Corporation
23-Apr-2023 11:18:34.851 INFO [main] org.apache.catalina.startup.VersionLoggerListener.log CATALINA_BASE:         /home/danih/Documents/Universidad/Segundo Cuatrimestre/Sistemas Distribuidos/Práctica/Entregas/ssdd/apache-tomcat-9_2
23-Apr-2023 11:18:34.851 INFO [main] org.apache.catalina.startup.VersionLoggerListener.log CATALINA_HOME:         /home/danih/Documents/Universidad/Segundo Cuatrimestre/Sistemas Distribuidos/Práctica/Entregas/ssdd/apache-tomcat-9_2
23-Apr-2023 11:18:34.867 INFO [main] org.apache.catalina.startup.VersionLoggerListener.log Command line argument: --add-opens=java.base/java.lang=ALL-UNNAMED
23-Apr-2023 11:18:34.868 INFO [main] org.apache.catalina.startup.VersionLoggerListener.log Command line argument: --add-opens=java.base/java.io=ALL-UNNAMED
23-Apr-2023 11:18:34.868 INFO [main] org.apache.catalina.startup.VersionLoggerListener.log Command line argument: --add-opens=java.base/java.util=ALL-UNNAMED
23-Apr-2023 11:18:34.868 INFO [main] org.apache.catalina.startup.VersionLoggerListener.log Command line argument: --add-opens=java.base/java.util.concurrent=ALL-UNNAMED
23-Apr-2023 11:18:34.868 INFO [main] org.apache.catalina.startup.VersionLoggerListener.log Command line argument: --add-opens=java.rmi/sun.rmi.transport=ALL-UNNAMED
23-Apr-2023 11:18:34.868 INFO [main] org.apache.catalina.startup.VersionLoggerListener.log Command line argument: -Djava.util.logging.config.file=/home/danih/Documents/Universidad/Segundo Cuatrimestre/Sistemas Distribuidos/Práctica/Entregas/ssdd/apache-tomcat-9_2/conf/logging.properties
23-Apr-2023 11:18:34.869 INFO [main] org.apache.catalina.startup.VersionLoggerListener.log Command line argument: -Djava.util.logging.manager=org.apache.juli.ClassLoaderLogManager
23-Apr-2023 11:18:34.869 INFO [main] org.apache.catalina.startup.VersionLoggerListener.log Command line argument: -Djdk.tls.ephemeralDHKeySize=2048
23-Apr-2023 11:18:34.869 INFO [main] org.apache.catalina.startup.VersionLoggerListener.log Command line argument: -Djava.protocol.handler.pkgs=org.apache.catalina.webresources
23-Apr-2023 11:18:34.869 INFO [main] org.apache.catalina.startup.VersionLoggerListener.log Command line argument: -Dorg.apache.catalina.security.SecurityListener.UMASK=0027
23-Apr-2023 11:18:34.869 INFO [main] org.apache.catalina.startup.VersionLoggerListener.log Command line argument: -Dignore.endorsed.dirs=
23-Apr-2023 11:18:34.869 INFO [main] org.apache.catalina.startup.VersionLoggerListener.log Command line argument: -Dcatalina.base=/home/danih/Documents/Universidad/Segundo Cuatrimestre/Sistemas Distribuidos/Práctica/Entregas/ssdd/apache-tomcat-9_2
23-Apr-2023 11:18:34.869 INFO [main] org.apache.catalina.startup.VersionLoggerListener.log Command line argument: -Dcatalina.home=/home/danih/Documents/Universidad/Segundo Cuatrimestre/Sistemas Distribuidos/Práctica/Entregas/ssdd/apache-tomcat-9_2
23-Apr-2023 11:18:34.870 INFO [main] org.apache.catalina.startup.VersionLoggerListener.log Command line argument: -Djava.io.tmpdir=/home/danih/Documents/Universidad/Segundo Cuatrimestre/Sistemas Distribuidos/Práctica/Entregas/ssdd/apache-tomcat-9_2/temp
23-Apr-2023 11:18:34.871 INFO [main] org.apache.catalina.core.AprLifecycleListener.lifecycleEvent The Apache Tomcat Native library which allows using OpenSSL was not found on the java.library.path: [/usr/local/lib64::/usr/java/packages/lib:/usr/lib64:/lib64:/lib:/usr/lib]
23-Apr-2023 11:18:35.294 INFO [main] org.apache.coyote.AbstractProtocol.init Initializing ProtocolHandler ["http-nio-8081"]
23-Apr-2023 11:18:35.356 INFO [main] org.apache.catalina.startup.Catalina.load Server initialization in [743] milliseconds
23-Apr-2023 11:18:35.439 INFO [main] org.apache.catalina.core.StandardService.startInternal Starting service [Catalina]
23-Apr-2023 11:18:35.440 INFO [main] org.apache.catalina.core.StandardEngine.startInternal Starting Servlet engine: [Apache Tomcat/9.0.73]
23-Apr-2023 11:18:35.471 INFO [main] org.apache.catalina.startup.HostConfig.deployWAR Deploying web application archive [/home/danih/Documents/Universidad/Segundo Cuatrimestre/Sistemas Distribuidos/Práctica/Entregas/ssdd/apache-tomcat-9_2/webapps/ssdd.war]
23-Apr-2023 11:18:36.999 INFO [main] org.apache.jasper.servlet.TldScanner.scanJars At least one JAR was scanned for TLDs yet contained no TLDs. Enable debug logging for this logger for a complete list of JARs that were scanned but no TLDs were found in them. Skipping unneeded JARs during scanning can improve startup time and JSP compilation time.
23-Apr-2023 11:18:37.761 WARNING [main] org.glassfish.jersey.server.wadl.WadlFeature.configure JAXBContext implementation could not be found. WADL feature is disabled.
23-Apr-2023 11:18:38.179 INFO [main] org.apache.catalina.startup.HostConfig.deployWAR Deployment of web application archive [/home/danih/Documents/Universidad/Segundo Cuatrimestre/Sistemas Distribuidos/Práctica/Entregas/ssdd/apache-tomcat-9_2/webapps/ssdd.war] has finished in [2,708] ms
23-Apr-2023 11:18:38.180 INFO [main] org.apache.catalina.startup.HostConfig.deployDirectory Deploying web application directory [/home/danih/Documents/Universidad/Segundo Cuatrimestre/Sistemas Distribuidos/Práctica/Entregas/ssdd/apache-tomcat-9_2/webapps/docs]
23-Apr-2023 11:18:38.269 INFO [main] org.apache.catalina.startup.HostConfig.deployDirectory Deployment of web application directory [/home/danih/Documents/Universidad/Segundo Cuatrimestre/Sistemas Distribuidos/Práctica/Entregas/ssdd/apache-tomcat-9_2/webapps/docs] has finished in [89] ms
23-Apr-2023 11:18:38.269 INFO [main] org.apache.catalina.startup.HostConfig.deployDirectory Deploying web application directory [/home/danih/Documents/Universidad/Segundo Cuatrimestre/Sistemas Distribuidos/Práctica/Entregas/ssdd/apache-tomcat-9_2/webapps/host-manager]
23-Apr-2023 11:18:38.333 INFO [main] org.apache.catalina.startup.HostConfig.deployDirectory Deployment of web application directory [/home/danih/Documents/Universidad/Segundo Cuatrimestre/Sistemas Distribuidos/Práctica/Entregas/ssdd/apache-tomcat-9_2/webapps/host-manager] has finished in [63] ms
23-Apr-2023 11:18:38.339 INFO [main] org.apache.catalina.startup.HostConfig.deployDirectory Deploying web application directory [/home/danih/Documents/Universidad/Segundo Cuatrimestre/Sistemas Distribuidos/Práctica/Entregas/ssdd/apache-tomcat-9_2/webapps/examples]
23-Apr-2023 11:18:38.729 INFO [main] org.apache.catalina.startup.HostConfig.deployDirectory Deployment of web application directory [/home/danih/Documents/Universidad/Segundo Cuatrimestre/Sistemas Distribuidos/Práctica/Entregas/ssdd/apache-tomcat-9_2/webapps/examples] has finished in [390] ms
23-Apr-2023 11:18:38.729 INFO [main] org.apache.catalina.startup.HostConfig.deployDirectory Deploying web application directory [/home/danih/Documents/Universidad/Segundo Cuatrimestre/Sistemas Distribuidos/Práctica/Entregas/ssdd/apache-tomcat-9_2/webapps/manager]
23-Apr-2023 11:18:38.776 INFO [main] org.apache.catalina.startup.HostConfig.deployDirectory Deployment of web application directory [/home/danih/Documents/Universidad/Segundo Cuatrimestre/Sistemas Distribuidos/Práctica/Entregas/ssdd/apache-tomcat-9_2/webapps/manager] has finished in [46] ms
23-Apr-2023 11:18:38.777 INFO [main] org.apache.catalina.startup.HostConfig.deployDirectory Deploying web application directory [/home/danih/Documents/Universidad/Segundo Cuatrimestre/Sistemas Distribuidos/Práctica/Entregas/ssdd/apache-tomcat-9_2/webapps/ROOT]
23-Apr-2023 11:18:38.803 INFO [main] org.apache.catalina.startup.HostConfig.deployDirectory Deployment of web application directory [/home/danih/Documents/Universidad/Segundo Cuatrimestre/Sistemas Distribuidos/Práctica/Entregas/ssdd/apache-tomcat-9_2/webapps/ROOT] has finished in [25] ms
23-Apr-2023 11:18:38.815 INFO [main] org.apache.coyote.AbstractProtocol.start Starting ProtocolHandler ["http-nio-8081"]
23-Apr-2023 11:18:38.896 INFO [main] org.apache.catalina.startup.Catalina.start Server startup in [3539] milliseconds
23-Apr-2023 20:19:22.054 INFORMACIÓN [main] org.apache.catalina.startup.VersionLoggerListener.log Nombre de la versión del servidor: Apache Tomcat/9.0.73
23-Apr-2023 20:19:22.060 INFORMACIÓN [main] org.apache.catalina.startup.VersionLoggerListener.log Server built:                      Feb 27 2023 15:33:40 UTC
23-Apr-2023 20:19:22.061 INFORMACIÓN [main] org.apache.catalina.startup.VersionLoggerListener.log Número de versión de servidor:     9.0.73.0
23-Apr-2023 20:19:22.061 INFORMACIÓN [main] org.apache.catalina.startup.VersionLoggerListener.log OS Name:                           Linux
23-Apr-2023 20:19:22.061 INFORMACIÓN [main] org.apache.catalina.startup.VersionLoggerListener.log Versión de Systema Operativo:      6.2.1-arch1-1
23-Apr-2023 20:19:22.061 INFORMACIÓN [main] org.apache.catalina.startup.VersionLoggerListener.log Arquitectura:                      amd64
23-Apr-2023 20:19:22.061 INFORMACIÓN [main] org.apache.catalina.startup.VersionLoggerListener.log Java Home:                         /usr/lib/jvm/java-11-openjdk
23-Apr-2023 20:19:22.061 INFORMACIÓN [main] org.apache.catalina.startup.VersionLoggerListener.log JVM Version:                       11.0.18+10
23-Apr-2023 20:19:22.061 INFORMACIÓN [main] org.apache.catalina.startup.VersionLoggerListener.log Vededor JVM:                       Oracle Corporation
23-Apr-2023 20:19:22.061 INFORMACIÓN [main] org.apache.catalina.startup.VersionLoggerListener.log CATALINA_BASE:                     /home/danih/Documents/Universidad/Segundo Cuatrimestre/Sistemas Distribuidos/Práctica/Entregas/ssdd/apache-tomcat-9_2
23-Apr-2023 20:19:22.062 INFORMACIÓN [main] org.apache.catalina.startup.VersionLoggerListener.log CATALINA_HOME:                     /home/danih/Documents/Universidad/Segundo Cuatrimestre/Sistemas Distribuidos/Práctica/Entregas/ssdd/apache-tomcat-9_2
23-Apr-2023 20:19:22.084 INFORMACIÓN [main] org.apache.catalina.startup.VersionLoggerListener.log Command line argument:             --add-opens=java.base/java.lang=ALL-UNNAMED
23-Apr-2023 20:19:22.085 INFORMACIÓN [main] org.apache.catalina.startup.VersionLoggerListener.log Command line argument:             --add-opens=java.base/java.io=ALL-UNNAMED
23-Apr-2023 20:19:22.086 INFORMACIÓN [main] org.apache.catalina.startup.VersionLoggerListener.log Command line argument:             --add-opens=java.base/java.util=ALL-UNNAMED
23-Apr-2023 20:19:22.086 INFORMACIÓN [main] org.apache.catalina.startup.VersionLoggerListener.log Command line argument:             --add-opens=java.base/java.util.concurrent=ALL-UNNAMED
23-Apr-2023 20:19:22.086 INFORMACIÓN [main] org.apache.catalina.startup.VersionLoggerListener.log Command line argument:             --add-opens=java.rmi/sun.rmi.transport=ALL-UNNAMED
23-Apr-2023 20:19:22.086 INFORMACIÓN [main] org.apache.catalina.startup.VersionLoggerListener.log Command line argument:             -Djava.util.logging.config.file=/home/danih/Documents/Universidad/Segundo Cuatrimestre/Sistemas Distribuidos/Práctica/Entregas/ssdd/apache-tomcat-9_2/conf/logging.properties
23-Apr-2023 20:19:22.087 INFORMACIÓN [main] org.apache.catalina.startup.VersionLoggerListener.log Command line argument:             -Djava.util.logging.manager=org.apache.juli.ClassLoaderLogManager
23-Apr-2023 20:19:22.087 INFORMACIÓN [main] org.apache.catalina.startup.VersionLoggerListener.log Command line argument:             -Djdk.tls.ephemeralDHKeySize=2048
23-Apr-2023 20:19:22.087 INFORMACIÓN [main] org.apache.catalina.startup.VersionLoggerListener.log Command line argument:             -Djava.protocol.handler.pkgs=org.apache.catalina.webresources
23-Apr-2023 20:19:22.087 INFORMACIÓN [main] org.apache.catalina.startup.VersionLoggerListener.log Command line argument:             -Dorg.apache.catalina.security.SecurityListener.UMASK=0027
23-Apr-2023 20:19:22.087 INFORMACIÓN [main] org.apache.catalina.startup.VersionLoggerListener.log Command line argument:             -Dignore.endorsed.dirs=
23-Apr-2023 20:19:22.087 INFORMACIÓN [main] org.apache.catalina.startup.VersionLoggerListener.log Command line argument:             -Dcatalina.base=/home/danih/Documents/Universidad/Segundo Cuatrimestre/Sistemas Distribuidos/Práctica/Entregas/ssdd/apache-tomcat-9_2
23-Apr-2023 20:19:22.088 INFORMACIÓN [main] org.apache.catalina.startup.VersionLoggerListener.log Command line argument:             -Dcatalina.home=/home/danih/Documents/Universidad/Segundo Cuatrimestre/Sistemas Distribuidos/Práctica/Entregas/ssdd/apache-tomcat-9_2
23-Apr-2023 20:19:22.088 INFORMACIÓN [main] org.apache.catalina.startup.VersionLoggerListener.log Command line argument:             -Djava.io.tmpdir=/home/danih/Documents/Universidad/Segundo Cuatrimestre/Sistemas Distribuidos/Práctica/Entregas/ssdd/apache-tomcat-9_2/temp
23-Apr-2023 20:19:22.090 INFORMACIÓN [main] org.apache.catalina.core.AprLifecycleListener.lifecycleEvent La biblioteca nativa de Apache Tomcat basada en ARP que permite un rendimiento óptimo en entornos de desarrollo no ha sido hallada en java.library.path: [/usr/local/lib64::/usr/java/packages/lib:/usr/lib64:/lib64:/lib:/usr/lib]
23-Apr-2023 20:19:22.626 INFORMACIÓN [main] org.apache.coyote.AbstractProtocol.init Inicializando el manejador de protocolo ["http-nio-8081"]

23-Apr-2023 20:19:22.666 INFORMACIÓN [main] org.apache.catalina.startup.Catalina.load Server initialization in [988] milliseconds
23-Apr-2023 20:19:22.766 INFORMACIÓN [main] org.apache.catalina.core.StandardService.startInternal Arrancando servicio [Catalina]
23-Apr-2023 20:19:22.767 INFORMACIÓN [main] org.apache.catalina.core.StandardEngine.startInternal Starting Servlet engine: [Apache Tomcat/9.0.73]
23-Apr-2023 20:19:22.794 INFORMACIÓN [main] org.apache.catalina.startup.HostConfig.deployWAR Despliegue del archivo [/home/danih/Documents/Universidad/Segundo Cuatrimestre/Sistemas Distribuidos/Práctica/Entregas/ssdd/apache-tomcat-9_2/webapps/ssdd.war] de la aplicación web
23-Apr-2023 20:19:22.826 INFORMACIÓN [main] org.apache.catalina.startup.ExpandWar.expand An expanded directory [/home/danih/Documents/Universidad/Segundo Cuatrimestre/Sistemas Distribuidos/Práctica/Entregas/ssdd/apache-tomcat-9_2/webapps/ssdd] was found with a last modified time that did not match the associated WAR. It will be deleted.
23-Apr-2023 20:19:24.010 INFORMACIÓN [main] org.apache.jasper.servlet.TldScanner.scanJars Al menos un JAR, que se ha explorado buscando TLDs, aún no contenía TLDs. Activar historial de depuración para este historiador para una completa lista de los JARs que fueron explorados y de los que nos se halló TLDs. Saltarse JARs no necesarios durante la exploración puede dar lugar a una mejora de tiempo significativa en el arranque y compilación de JSP .
23-Apr-2023 20:19:24.917 ADVERTENCIA [main] org.glassfish.jersey.server.wadl.WadlFeature.configure JAXBContext implementation could not be found. WADL feature is disabled.
23-Apr-2023 20:19:25.458 INFORMACIÓN [main] org.apache.catalina.startup.HostConfig.deployWAR Deployment of web application archive [/home/danih/Documents/Universidad/Segundo Cuatrimestre/Sistemas Distribuidos/Práctica/Entregas/ssdd/apache-tomcat-9_2/webapps/ssdd.war] has finished in [2.663] ms
23-Apr-2023 20:19:25.459 INFORMACIÓN [main] org.apache.catalina.startup.HostConfig.deployDirectory Desplegando el directorio [/home/danih/Documents/Universidad/Segundo Cuatrimestre/Sistemas Distribuidos/Práctica/Entregas/ssdd/apache-tomcat-9_2/webapps/examples] de la aplicación web
23-Apr-2023 20:19:25.823 INFORMACIÓN [main] org.apache.catalina.startup.HostConfig.deployDirectory Deployment of web application directory [/home/danih/Documents/Universidad/Segundo Cuatrimestre/Sistemas Distribuidos/Práctica/Entregas/ssdd/apache-tomcat-9_2/webapps/examples] has finished in [364] ms
23-Apr-2023 20:19:25.824 INFORMACIÓN [main] org.apache.catalina.startup.HostConfig.deployDirectory Desplegando el directorio [/home/danih/Documents/Universidad/Segundo Cuatrimestre/Sistemas Distribuidos/Práctica/Entregas/ssdd/apache-tomcat-9_2/webapps/manager] de la aplicación web
23-Apr-2023 20:19:25.874 INFORMACIÓN [main] org.apache.catalina.startup.HostConfig.deployDirectory Deployment of web application directory [/home/danih/Documents/Universidad/Segundo Cuatrimestre/Sistemas Distribuidos/Práctica/Entregas/ssdd/apache-tomcat-9_2/webapps/manager] has finished in [50] ms
23-Apr-2023 20:19:25.875 INFORMACIÓN [main] org.apache.catalina.startup.HostConfig.deployDirectory Desplegando el directorio [/home/danih/Documents/Universidad/Segundo Cuatrimestre/Sistemas Distribuidos/Práctica/Entregas/ssdd/apache-tomcat-9_2/webapps/docs] de la aplicación web
23-Apr-2023 20:19:25.919 INFORMACIÓN [main] org.apache.catalina.startup.HostConfig.deployDirectory Deployment of web application directory [/home/danih/Documents/Universidad/Segundo Cuatrimestre/Sistemas Distribuidos/Práctica/Entregas/ssdd/apache-tomcat-9_2/webapps/docs] has finished in [44] ms
23-Apr-2023 20:19:25.920 INFORMACIÓN [main] org.apache.catalina.startup.HostConfig.deployDirectory Desplegando el directorio [/home/danih/Documents/Universidad/Segundo Cuatrimestre/Sistemas Distribuidos/Práctica/Entregas/ssdd/apache-tomcat-9_2/webapps/host-manager] de la aplicación web
23-Apr-2023 20:19:25.954 INFORMACIÓN [main] org.apache.catalina.startup.HostConfig.deployDirectory Deployment of web application directory [/home/danih/Documents/Universidad/Segundo Cuatrimestre/Sistemas Distribuidos/Práctica/Entregas/ssdd/apache-tomcat-9_2/webapps/host-manager] has finished in [34] ms
23-Apr-2023 20:19:25.954 INFORMACIÓN [main] org.apache.catalina.startup.HostConfig.deployDirectory Desplegando el directorio [/home/danih/Documents/Universidad/Segundo Cuatrimestre/Sistemas Distribuidos/Práctica/Entregas/ssdd/apache-tomcat-9_2/webapps/ROOT] de la aplicación web
23-Apr-2023 20:19:25.982 INFORMACIÓN [main] org.apache.catalina.startup.HostConfig.deployDirectory Deployment of web application directory [/home/danih/Documents/Universidad/Segundo Cuatrimestre/Sistemas Distribuidos/Práctica/Entregas/ssdd/apache-tomcat-9_2/webapps/ROOT] has finished in [28] ms
23-Apr-2023 20:19:25.994 INFORMACIÓN [main] org.apache.coyote.AbstractProtocol.start Starting ProtocolHandler ["http-nio-8081"]
23-Apr-2023 20:19:26.018 INFORMACIÓN [main] org.apache.catalina.startup.Catalina.start Server startup in [3351] milliseconds
23-Apr-2023 20:23:30.856 INFORMACIÓN [Thread-1] org.apache.coyote.AbstractProtocol.pause Pausing ProtocolHandler ["http-nio-8081"]
23-Apr-2023 20:23:30.858 INFORMACIÓN [Thread-1] org.apache.catalina.core.StandardService.stopInternal Parando servicio [Catalina]
23-Apr-2023 20:23:30.960 INFORMACIÓN [Thread-1] org.apache.coyote.AbstractProtocol.stop Stopping ProtocolHandler ["http-nio-8081"]
23-Apr-2023 20:23:30.975 INFORMACIÓN [Thread-1] org.apache.coyote.AbstractProtocol.destroy Destroying ProtocolHandler ["http-nio-8081"]
