03-May-2023 00:01:52.259 INFORMACIÓN [Thread-1] org.apache.coyote.AbstractProtocol.pause Pausing ProtocolHandler ["http-nio-8081"]
03-May-2023 00:01:52.263 INFORMACIÓN [Thread-1] org.apache.catalina.core.StandardService.stopInternal Parando servicio [Catalina]
03-May-2023 00:01:52.314 INFORMACIÓN [Thread-1] org.apache.coyote.AbstractProtocol.stop Stopping ProtocolHandler ["http-nio-8081"]
03-May-2023 00:01:52.330 INFORMACIÓN [Thread-1] org.apache.coyote.AbstractProtocol.destroy Destroying ProtocolHandler ["http-nio-8081"]
03-May-2023 14:58:30.846 INFORMACIÓN [main] org.apache.catalina.startup.VersionLoggerListener.log Nombre de la versión del servidor: Apache Tomcat/9.0.73
03-May-2023 14:58:30.851 INFORMACIÓN [main] org.apache.catalina.startup.VersionLoggerListener.log Server built:                      Feb 27 2023 15:33:40 UTC
03-May-2023 14:58:30.852 INFORMACIÓN [main] org.apache.catalina.startup.VersionLoggerListener.log Número de versión de servidor:     9.0.73.0
03-May-2023 14:58:30.852 INFORMACIÓN [main] org.apache.catalina.startup.VersionLoggerListener.log OS Name:                           Linux
03-May-2023 14:58:30.852 INFORMACIÓN [main] org.apache.catalina.startup.VersionLoggerListener.log Versión de Systema Operativo:      6.2.1-arch1-1
03-May-2023 14:58:30.852 INFORMACIÓN [main] org.apache.catalina.startup.VersionLoggerListener.log Arquitectura:                      amd64
03-May-2023 14:58:30.853 INFORMACIÓN [main] org.apache.catalina.startup.VersionLoggerListener.log Java Home:                         /usr/lib/jvm/java-11-openjdk
03-May-2023 14:58:30.853 INFORMACIÓN [main] org.apache.catalina.startup.VersionLoggerListener.log JVM Version:                       11.0.18+10
03-May-2023 14:58:30.853 INFORMACIÓN [main] org.apache.catalina.startup.VersionLoggerListener.log Vededor JVM:                       Oracle Corporation
03-May-2023 14:58:30.853 INFORMACIÓN [main] org.apache.catalina.startup.VersionLoggerListener.log CATALINA_BASE:                     /home/danih/Documents/Universidad/Segundo Cuatrimestre/Sistemas Distribuidos/Práctica/Entregas/ObligatoriaDistribuidos/tomcat/apache-tomcat-9_2
03-May-2023 14:58:30.853 INFORMACIÓN [main] org.apache.catalina.startup.VersionLoggerListener.log CATALINA_HOME:                     /home/danih/Documents/Universidad/Segundo Cuatrimestre/Sistemas Distribuidos/Práctica/Entregas/ObligatoriaDistribuidos/tomcat/apache-tomcat-9_2
03-May-2023 14:58:30.872 INFORMACIÓN [main] org.apache.catalina.startup.VersionLoggerListener.log Command line argument:             --add-opens=java.base/java.lang=ALL-UNNAMED
03-May-2023 14:58:30.873 INFORMACIÓN [main] org.apache.catalina.startup.VersionLoggerListener.log Command line argument:             --add-opens=java.base/java.io=ALL-UNNAMED
03-May-2023 14:58:30.873 INFORMACIÓN [main] org.apache.catalina.startup.VersionLoggerListener.log Command line argument:             --add-opens=java.base/java.util=ALL-UNNAMED
03-May-2023 14:58:30.873 INFORMACIÓN [main] org.apache.catalina.startup.VersionLoggerListener.log Command line argument:             --add-opens=java.base/java.util.concurrent=ALL-UNNAMED
03-May-2023 14:58:30.873 INFORMACIÓN [main] org.apache.catalina.startup.VersionLoggerListener.log Command line argument:             --add-opens=java.rmi/sun.rmi.transport=ALL-UNNAMED
03-May-2023 14:58:30.874 INFORMACIÓN [main] org.apache.catalina.startup.VersionLoggerListener.log Command line argument:             -Djava.util.logging.config.file=/home/danih/Documents/Universidad/Segundo Cuatrimestre/Sistemas Distribuidos/Práctica/Entregas/ObligatoriaDistribuidos/tomcat/apache-tomcat-9_2/conf/logging.properties
03-May-2023 14:58:30.874 INFORMACIÓN [main] org.apache.catalina.startup.VersionLoggerListener.log Command line argument:             -Djava.util.logging.manager=org.apache.juli.ClassLoaderLogManager
03-May-2023 14:58:30.874 INFORMACIÓN [main] org.apache.catalina.startup.VersionLoggerListener.log Command line argument:             -Djdk.tls.ephemeralDHKeySize=2048
03-May-2023 14:58:30.874 INFORMACIÓN [main] org.apache.catalina.startup.VersionLoggerListener.log Command line argument:             -Djava.protocol.handler.pkgs=org.apache.catalina.webresources
03-May-2023 14:58:30.874 INFORMACIÓN [main] org.apache.catalina.startup.VersionLoggerListener.log Command line argument:             -Dorg.apache.catalina.security.SecurityListener.UMASK=0027
03-May-2023 14:58:30.874 INFORMACIÓN [main] org.apache.catalina.startup.VersionLoggerListener.log Command line argument:             -Dignore.endorsed.dirs=
03-May-2023 14:58:30.874 INFORMACIÓN [main] org.apache.catalina.startup.VersionLoggerListener.log Command line argument:             -Dcatalina.base=/home/danih/Documents/Universidad/Segundo Cuatrimestre/Sistemas Distribuidos/Práctica/Entregas/ObligatoriaDistribuidos/tomcat/apache-tomcat-9_2
03-May-2023 14:58:30.875 INFORMACIÓN [main] org.apache.catalina.startup.VersionLoggerListener.log Command line argument:             -Dcatalina.home=/home/danih/Documents/Universidad/Segundo Cuatrimestre/Sistemas Distribuidos/Práctica/Entregas/ObligatoriaDistribuidos/tomcat/apache-tomcat-9_2
03-May-2023 14:58:30.875 INFORMACIÓN [main] org.apache.catalina.startup.VersionLoggerListener.log Command line argument:             -Djava.io.tmpdir=/home/danih/Documents/Universidad/Segundo Cuatrimestre/Sistemas Distribuidos/Práctica/Entregas/ObligatoriaDistribuidos/tomcat/apache-tomcat-9_2/temp
03-May-2023 14:58:30.877 INFORMACIÓN [main] org.apache.catalina.core.AprLifecycleListener.lifecycleEvent La biblioteca nativa de Apache Tomcat basada en ARP que permite un rendimiento óptimo en entornos de desarrollo no ha sido hallada en java.library.path: [/usr/local/lib64::/usr/java/packages/lib:/usr/lib64:/lib64:/lib:/usr/lib]
03-May-2023 14:58:31.413 INFORMACIÓN [main] org.apache.coyote.AbstractProtocol.init Inicializando el manejador de protocolo ["http-nio-8081"]

03-May-2023 14:58:31.455 INFORMACIÓN [main] org.apache.catalina.startup.Catalina.load Server initialization in [1028] milliseconds
03-May-2023 14:58:31.547 INFORMACIÓN [main] org.apache.catalina.core.StandardService.startInternal Arrancando servicio [Catalina]
03-May-2023 14:58:31.548 INFORMACIÓN [main] org.apache.catalina.core.StandardEngine.startInternal Starting Servlet engine: [Apache Tomcat/9.0.73]
03-May-2023 14:58:31.577 INFORMACIÓN [main] org.apache.catalina.startup.HostConfig.deployWAR Despliegue del archivo [/home/danih/Documents/Universidad/Segundo Cuatrimestre/Sistemas Distribuidos/Práctica/Entregas/ObligatoriaDistribuidos/tomcat/apache-tomcat-9_2/webapps/ssdd.war] de la aplicación web
03-May-2023 14:58:31.612 INFORMACIÓN [main] org.apache.catalina.startup.ExpandWar.expand An expanded directory [/home/danih/Documents/Universidad/Segundo Cuatrimestre/Sistemas Distribuidos/Práctica/Entregas/ObligatoriaDistribuidos/tomcat/apache-tomcat-9_2/webapps/ssdd] was found with a last modified time that did not match the associated WAR. It will be deleted.
03-May-2023 14:58:32.459 INFORMACIÓN [main] org.apache.jasper.servlet.TldScanner.scanJars Al menos un JAR, que se ha explorado buscando TLDs, aún no contenía TLDs. Activar historial de depuración para este historiador para una completa lista de los JARs que fueron explorados y de los que nos se halló TLDs. Saltarse JARs no necesarios durante la exploración puede dar lugar a una mejora de tiempo significativa en el arranque y compilación de JSP .
03-May-2023 14:58:32.922 ADVERTENCIA [main] org.glassfish.jersey.server.wadl.WadlFeature.configure JAXBContext implementation could not be found. WADL feature is disabled.
03-May-2023 14:58:33.244 INFORMACIÓN [main] org.apache.catalina.startup.HostConfig.deployWAR Deployment of web application archive [/home/danih/Documents/Universidad/Segundo Cuatrimestre/Sistemas Distribuidos/Práctica/Entregas/ObligatoriaDistribuidos/tomcat/apache-tomcat-9_2/webapps/ssdd.war] has finished in [1.667] ms
03-May-2023 14:58:33.245 INFORMACIÓN [main] org.apache.catalina.startup.HostConfig.deployDirectory Desplegando el directorio [/home/danih/Documents/Universidad/Segundo Cuatrimestre/Sistemas Distribuidos/Práctica/Entregas/ObligatoriaDistribuidos/tomcat/apache-tomcat-9_2/webapps/examples] de la aplicación web
03-May-2023 14:58:33.434 INFORMACIÓN [main] org.apache.catalina.startup.HostConfig.deployDirectory Deployment of web application directory [/home/danih/Documents/Universidad/Segundo Cuatrimestre/Sistemas Distribuidos/Práctica/Entregas/ObligatoriaDistribuidos/tomcat/apache-tomcat-9_2/webapps/examples] has finished in [189] ms
03-May-2023 14:58:33.435 INFORMACIÓN [main] org.apache.catalina.startup.HostConfig.deployDirectory Desplegando el directorio [/home/danih/Documents/Universidad/Segundo Cuatrimestre/Sistemas Distribuidos/Práctica/Entregas/ObligatoriaDistribuidos/tomcat/apache-tomcat-9_2/webapps/manager] de la aplicación web
03-May-2023 14:58:33.462 INFORMACIÓN [main] org.apache.catalina.startup.HostConfig.deployDirectory Deployment of web application directory [/home/danih/Documents/Universidad/Segundo Cuatrimestre/Sistemas Distribuidos/Práctica/Entregas/ObligatoriaDistribuidos/tomcat/apache-tomcat-9_2/webapps/manager] has finished in [27] ms
03-May-2023 14:58:33.463 INFORMACIÓN [main] org.apache.catalina.startup.HostConfig.deployDirectory Desplegando el directorio [/home/danih/Documents/Universidad/Segundo Cuatrimestre/Sistemas Distribuidos/Práctica/Entregas/ObligatoriaDistribuidos/tomcat/apache-tomcat-9_2/webapps/docs] de la aplicación web
03-May-2023 14:58:33.484 INFORMACIÓN [main] org.apache.catalina.startup.HostConfig.deployDirectory Deployment of web application directory [/home/danih/Documents/Universidad/Segundo Cuatrimestre/Sistemas Distribuidos/Práctica/Entregas/ObligatoriaDistribuidos/tomcat/apache-tomcat-9_2/webapps/docs] has finished in [22] ms
03-May-2023 14:58:33.484 INFORMACIÓN [main] org.apache.catalina.startup.HostConfig.deployDirectory Desplegando el directorio [/home/danih/Documents/Universidad/Segundo Cuatrimestre/Sistemas Distribuidos/Práctica/Entregas/ObligatoriaDistribuidos/tomcat/apache-tomcat-9_2/webapps/host-manager] de la aplicación web
03-May-2023 14:58:33.503 INFORMACIÓN [main] org.apache.catalina.startup.HostConfig.deployDirectory Deployment of web application directory [/home/danih/Documents/Universidad/Segundo Cuatrimestre/Sistemas Distribuidos/Práctica/Entregas/ObligatoriaDistribuidos/tomcat/apache-tomcat-9_2/webapps/host-manager] has finished in [19] ms
03-May-2023 14:58:33.504 INFORMACIÓN [main] org.apache.catalina.startup.HostConfig.deployDirectory Desplegando el directorio [/home/danih/Documents/Universidad/Segundo Cuatrimestre/Sistemas Distribuidos/Práctica/Entregas/ObligatoriaDistribuidos/tomcat/apache-tomcat-9_2/webapps/ROOT] de la aplicación web
03-May-2023 14:58:33.519 INFORMACIÓN [main] org.apache.catalina.startup.HostConfig.deployDirectory Deployment of web application directory [/home/danih/Documents/Universidad/Segundo Cuatrimestre/Sistemas Distribuidos/Práctica/Entregas/ObligatoriaDistribuidos/tomcat/apache-tomcat-9_2/webapps/ROOT] has finished in [14] ms
03-May-2023 14:58:33.524 INFORMACIÓN [main] org.apache.coyote.AbstractProtocol.start Starting ProtocolHandler ["http-nio-8081"]
03-May-2023 14:58:33.536 INFORMACIÓN [main] org.apache.catalina.startup.Catalina.start Server startup in [2080] milliseconds
03-May-2023 14:59:16.070 INFORMACIÓN [main] org.apache.catalina.core.StandardServer.await Se ha recibido un comando de apagado a través del puerto de apagado. Parando la instancia del Servidor.
03-May-2023 14:59:16.071 INFORMACIÓN [main] org.apache.coyote.AbstractProtocol.pause Pausing ProtocolHandler ["http-nio-8081"]
03-May-2023 14:59:16.076 INFORMACIÓN [main] org.apache.catalina.core.StandardService.stopInternal Parando servicio [Catalina]
03-May-2023 14:59:16.114 INFORMACIÓN [main] org.apache.coyote.AbstractProtocol.stop Stopping ProtocolHandler ["http-nio-8081"]
03-May-2023 14:59:16.122 INFORMACIÓN [main] org.apache.coyote.AbstractProtocol.destroy Destroying ProtocolHandler ["http-nio-8081"]
03-May-2023 14:59:16.855 INFORMACIÓN [main] org.apache.catalina.startup.VersionLoggerListener.log Nombre de la versión del servidor: Apache Tomcat/9.0.73
03-May-2023 14:59:16.862 INFORMACIÓN [main] org.apache.catalina.startup.VersionLoggerListener.log Server built:                      Feb 27 2023 15:33:40 UTC
03-May-2023 14:59:16.863 INFORMACIÓN [main] org.apache.catalina.startup.VersionLoggerListener.log Número de versión de servidor:     9.0.73.0
03-May-2023 14:59:16.863 INFORMACIÓN [main] org.apache.catalina.startup.VersionLoggerListener.log OS Name:                           Linux
03-May-2023 14:59:16.863 INFORMACIÓN [main] org.apache.catalina.startup.VersionLoggerListener.log Versión de Systema Operativo:      6.2.1-arch1-1
03-May-2023 14:59:16.863 INFORMACIÓN [main] org.apache.catalina.startup.VersionLoggerListener.log Arquitectura:                      amd64
03-May-2023 14:59:16.863 INFORMACIÓN [main] org.apache.catalina.startup.VersionLoggerListener.log Java Home:                         /usr/lib/jvm/java-11-openjdk
03-May-2023 14:59:16.864 INFORMACIÓN [main] org.apache.catalina.startup.VersionLoggerListener.log JVM Version:                       11.0.18+10
03-May-2023 14:59:16.864 INFORMACIÓN [main] org.apache.catalina.startup.VersionLoggerListener.log Vededor JVM:                       Oracle Corporation
03-May-2023 14:59:16.864 INFORMACIÓN [main] org.apache.catalina.startup.VersionLoggerListener.log CATALINA_BASE:                     /home/danih/Documents/Universidad/Segundo Cuatrimestre/Sistemas Distribuidos/Práctica/Entregas/ObligatoriaDistribuidos/tomcat/apache-tomcat-9_2
03-May-2023 14:59:16.864 INFORMACIÓN [main] org.apache.catalina.startup.VersionLoggerListener.log CATALINA_HOME:                     /home/danih/Documents/Universidad/Segundo Cuatrimestre/Sistemas Distribuidos/Práctica/Entregas/ObligatoriaDistribuidos/tomcat/apache-tomcat-9_2
03-May-2023 14:59:16.887 INFORMACIÓN [main] org.apache.catalina.startup.VersionLoggerListener.log Command line argument:             --add-opens=java.base/java.lang=ALL-UNNAMED
03-May-2023 14:59:16.887 INFORMACIÓN [main] org.apache.catalina.startup.VersionLoggerListener.log Command line argument:             --add-opens=java.base/java.io=ALL-UNNAMED
03-May-2023 14:59:16.888 INFORMACIÓN [main] org.apache.catalina.startup.VersionLoggerListener.log Command line argument:             --add-opens=java.base/java.util=ALL-UNNAMED
03-May-2023 14:59:16.888 INFORMACIÓN [main] org.apache.catalina.startup.VersionLoggerListener.log Command line argument:             --add-opens=java.base/java.util.concurrent=ALL-UNNAMED
03-May-2023 14:59:16.889 INFORMACIÓN [main] org.apache.catalina.startup.VersionLoggerListener.log Command line argument:             --add-opens=java.rmi/sun.rmi.transport=ALL-UNNAMED
03-May-2023 14:59:16.889 INFORMACIÓN [main] org.apache.catalina.startup.VersionLoggerListener.log Command line argument:             -Djava.util.logging.config.file=/home/danih/Documents/Universidad/Segundo Cuatrimestre/Sistemas Distribuidos/Práctica/Entregas/ObligatoriaDistribuidos/tomcat/apache-tomcat-9_2/conf/logging.properties
03-May-2023 14:59:16.889 INFORMACIÓN [main] org.apache.catalina.startup.VersionLoggerListener.log Command line argument:             -Djava.util.logging.manager=org.apache.juli.ClassLoaderLogManager
03-May-2023 14:59:16.889 INFORMACIÓN [main] org.apache.catalina.startup.VersionLoggerListener.log Command line argument:             -Djdk.tls.ephemeralDHKeySize=2048
03-May-2023 14:59:16.889 INFORMACIÓN [main] org.apache.catalina.startup.VersionLoggerListener.log Command line argument:             -Djava.protocol.handler.pkgs=org.apache.catalina.webresources
03-May-2023 14:59:16.889 INFORMACIÓN [main] org.apache.catalina.startup.VersionLoggerListener.log Command line argument:             -Dorg.apache.catalina.security.SecurityListener.UMASK=0027
03-May-2023 14:59:16.889 INFORMACIÓN [main] org.apache.catalina.startup.VersionLoggerListener.log Command line argument:             -Dignore.endorsed.dirs=
03-May-2023 14:59:16.890 INFORMACIÓN [main] org.apache.catalina.startup.VersionLoggerListener.log Command line argument:             -Dcatalina.base=/home/danih/Documents/Universidad/Segundo Cuatrimestre/Sistemas Distribuidos/Práctica/Entregas/ObligatoriaDistribuidos/tomcat/apache-tomcat-9_2
03-May-2023 14:59:16.890 INFORMACIÓN [main] org.apache.catalina.startup.VersionLoggerListener.log Command line argument:             -Dcatalina.home=/home/danih/Documents/Universidad/Segundo Cuatrimestre/Sistemas Distribuidos/Práctica/Entregas/ObligatoriaDistribuidos/tomcat/apache-tomcat-9_2
03-May-2023 14:59:16.890 INFORMACIÓN [main] org.apache.catalina.startup.VersionLoggerListener.log Command line argument:             -Djava.io.tmpdir=/home/danih/Documents/Universidad/Segundo Cuatrimestre/Sistemas Distribuidos/Práctica/Entregas/ObligatoriaDistribuidos/tomcat/apache-tomcat-9_2/temp
03-May-2023 14:59:16.892 INFORMACIÓN [main] org.apache.catalina.core.AprLifecycleListener.lifecycleEvent La biblioteca nativa de Apache Tomcat basada en ARP que permite un rendimiento óptimo en entornos de desarrollo no ha sido hallada en java.library.path: [/usr/local/lib64::/usr/java/packages/lib:/usr/lib64:/lib64:/lib:/usr/lib]
03-May-2023 14:59:17.407 INFORMACIÓN [main] org.apache.coyote.AbstractProtocol.init Inicializando el manejador de protocolo ["http-nio-8081"]

03-May-2023 14:59:17.459 INFORMACIÓN [main] org.apache.catalina.startup.Catalina.load Server initialization in [1017] milliseconds
03-May-2023 14:59:17.608 INFORMACIÓN [main] org.apache.catalina.core.StandardService.startInternal Arrancando servicio [Catalina]
03-May-2023 14:59:17.608 INFORMACIÓN [main] org.apache.catalina.core.StandardEngine.startInternal Starting Servlet engine: [Apache Tomcat/9.0.73]
03-May-2023 14:59:17.647 INFORMACIÓN [main] org.apache.catalina.startup.HostConfig.deployWAR Despliegue del archivo [/home/danih/Documents/Universidad/Segundo Cuatrimestre/Sistemas Distribuidos/Práctica/Entregas/ObligatoriaDistribuidos/tomcat/apache-tomcat-9_2/webapps/ssdd.war] de la aplicación web
03-May-2023 14:59:17.680 INFORMACIÓN [main] org.apache.catalina.startup.ExpandWar.expand An expanded directory [/home/danih/Documents/Universidad/Segundo Cuatrimestre/Sistemas Distribuidos/Práctica/Entregas/ObligatoriaDistribuidos/tomcat/apache-tomcat-9_2/webapps/ssdd] was found with a last modified time that did not match the associated WAR. It will be deleted.
03-May-2023 14:59:18.588 INFORMACIÓN [main] org.apache.jasper.servlet.TldScanner.scanJars Al menos un JAR, que se ha explorado buscando TLDs, aún no contenía TLDs. Activar historial de depuración para este historiador para una completa lista de los JARs que fueron explorados y de los que nos se halló TLDs. Saltarse JARs no necesarios durante la exploración puede dar lugar a una mejora de tiempo significativa en el arranque y compilación de JSP .
03-May-2023 14:59:19.010 ADVERTENCIA [main] org.glassfish.jersey.server.wadl.WadlFeature.configure JAXBContext implementation could not be found. WADL feature is disabled.
03-May-2023 14:59:19.297 INFORMACIÓN [main] org.apache.catalina.startup.HostConfig.deployWAR Deployment of web application archive [/home/danih/Documents/Universidad/Segundo Cuatrimestre/Sistemas Distribuidos/Práctica/Entregas/ObligatoriaDistribuidos/tomcat/apache-tomcat-9_2/webapps/ssdd.war] has finished in [1.650] ms
03-May-2023 14:59:19.298 INFORMACIÓN [main] org.apache.catalina.startup.HostConfig.deployDirectory Desplegando el directorio [/home/danih/Documents/Universidad/Segundo Cuatrimestre/Sistemas Distribuidos/Práctica/Entregas/ObligatoriaDistribuidos/tomcat/apache-tomcat-9_2/webapps/examples] de la aplicación web
03-May-2023 14:59:19.482 INFORMACIÓN [main] org.apache.catalina.startup.HostConfig.deployDirectory Deployment of web application directory [/home/danih/Documents/Universidad/Segundo Cuatrimestre/Sistemas Distribuidos/Práctica/Entregas/ObligatoriaDistribuidos/tomcat/apache-tomcat-9_2/webapps/examples] has finished in [184] ms
03-May-2023 14:59:19.483 INFORMACIÓN [main] org.apache.catalina.startup.HostConfig.deployDirectory Desplegando el directorio [/home/danih/Documents/Universidad/Segundo Cuatrimestre/Sistemas Distribuidos/Práctica/Entregas/ObligatoriaDistribuidos/tomcat/apache-tomcat-9_2/webapps/manager] de la aplicación web
03-May-2023 14:59:19.509 INFORMACIÓN [main] org.apache.catalina.startup.HostConfig.deployDirectory Deployment of web application directory [/home/danih/Documents/Universidad/Segundo Cuatrimestre/Sistemas Distribuidos/Práctica/Entregas/ObligatoriaDistribuidos/tomcat/apache-tomcat-9_2/webapps/manager] has finished in [27] ms
03-May-2023 14:59:19.510 INFORMACIÓN [main] org.apache.catalina.startup.HostConfig.deployDirectory Desplegando el directorio [/home/danih/Documents/Universidad/Segundo Cuatrimestre/Sistemas Distribuidos/Práctica/Entregas/ObligatoriaDistribuidos/tomcat/apache-tomcat-9_2/webapps/docs] de la aplicación web
03-May-2023 14:59:19.535 INFORMACIÓN [main] org.apache.catalina.startup.HostConfig.deployDirectory Deployment of web application directory [/home/danih/Documents/Universidad/Segundo Cuatrimestre/Sistemas Distribuidos/Práctica/Entregas/ObligatoriaDistribuidos/tomcat/apache-tomcat-9_2/webapps/docs] has finished in [26] ms
03-May-2023 14:59:19.535 INFORMACIÓN [main] org.apache.catalina.startup.HostConfig.deployDirectory Desplegando el directorio [/home/danih/Documents/Universidad/Segundo Cuatrimestre/Sistemas Distribuidos/Práctica/Entregas/ObligatoriaDistribuidos/tomcat/apache-tomcat-9_2/webapps/host-manager] de la aplicación web
03-May-2023 14:59:19.557 INFORMACIÓN [main] org.apache.catalina.startup.HostConfig.deployDirectory Deployment of web application directory [/home/danih/Documents/Universidad/Segundo Cuatrimestre/Sistemas Distribuidos/Práctica/Entregas/ObligatoriaDistribuidos/tomcat/apache-tomcat-9_2/webapps/host-manager] has finished in [22] ms
03-May-2023 14:59:19.557 INFORMACIÓN [main] org.apache.catalina.startup.HostConfig.deployDirectory Desplegando el directorio [/home/danih/Documents/Universidad/Segundo Cuatrimestre/Sistemas Distribuidos/Práctica/Entregas/ObligatoriaDistribuidos/tomcat/apache-tomcat-9_2/webapps/ROOT] de la aplicación web
03-May-2023 14:59:19.572 INFORMACIÓN [main] org.apache.catalina.startup.HostConfig.deployDirectory Deployment of web application directory [/home/danih/Documents/Universidad/Segundo Cuatrimestre/Sistemas Distribuidos/Práctica/Entregas/ObligatoriaDistribuidos/tomcat/apache-tomcat-9_2/webapps/ROOT] has finished in [15] ms
03-May-2023 14:59:19.578 INFORMACIÓN [main] org.apache.coyote.AbstractProtocol.start Starting ProtocolHandler ["http-nio-8081"]
03-May-2023 14:59:19.592 INFORMACIÓN [main] org.apache.catalina.startup.Catalina.start Server startup in [2131] milliseconds
03-May-2023 15:02:26.653 INFORMACIÓN [Thread-1] org.apache.coyote.AbstractProtocol.pause Pausing ProtocolHandler ["http-nio-8081"]
03-May-2023 15:02:26.656 INFORMACIÓN [Thread-1] org.apache.catalina.core.StandardService.stopInternal Parando servicio [Catalina]
03-May-2023 15:02:26.695 INFORMACIÓN [Thread-1] org.apache.coyote.AbstractProtocol.stop Stopping ProtocolHandler ["http-nio-8081"]
03-May-2023 15:02:26.702 INFORMACIÓN [Thread-1] org.apache.coyote.AbstractProtocol.destroy Destroying ProtocolHandler ["http-nio-8081"]
03-May-2023 23:42:59.658 INFORMACIÓN [main] org.apache.catalina.startup.VersionLoggerListener.log Nombre de la versión del servidor: Apache Tomcat/9.0.73
03-May-2023 23:42:59.662 INFORMACIÓN [main] org.apache.catalina.startup.VersionLoggerListener.log Server built:                      Feb 27 2023 15:33:40 UTC
03-May-2023 23:42:59.662 INFORMACIÓN [main] org.apache.catalina.startup.VersionLoggerListener.log Número de versión de servidor:     9.0.73.0
03-May-2023 23:42:59.662 INFORMACIÓN [main] org.apache.catalina.startup.VersionLoggerListener.log OS Name:                           Linux
03-May-2023 23:42:59.662 INFORMACIÓN [main] org.apache.catalina.startup.VersionLoggerListener.log Versión de Systema Operativo:      6.2.1-arch1-1
03-May-2023 23:42:59.663 INFORMACIÓN [main] org.apache.catalina.startup.VersionLoggerListener.log Arquitectura:                      amd64
03-May-2023 23:42:59.663 INFORMACIÓN [main] org.apache.catalina.startup.VersionLoggerListener.log Java Home:                         /usr/lib/jvm/java-11-openjdk
03-May-2023 23:42:59.663 INFORMACIÓN [main] org.apache.catalina.startup.VersionLoggerListener.log JVM Version:                       11.0.18+10
03-May-2023 23:42:59.663 INFORMACIÓN [main] org.apache.catalina.startup.VersionLoggerListener.log Vededor JVM:                       Oracle Corporation
03-May-2023 23:42:59.663 INFORMACIÓN [main] org.apache.catalina.startup.VersionLoggerListener.log CATALINA_BASE:                     /home/danih/Documents/Universidad/Segundo Cuatrimestre/Sistemas Distribuidos/Práctica/Entregas/ObligatoriaDistribuidos/tomcat/apache-tomcat-9_2
03-May-2023 23:42:59.663 INFORMACIÓN [main] org.apache.catalina.startup.VersionLoggerListener.log CATALINA_HOME:                     /home/danih/Documents/Universidad/Segundo Cuatrimestre/Sistemas Distribuidos/Práctica/Entregas/ObligatoriaDistribuidos/tomcat/apache-tomcat-9_2
03-May-2023 23:42:59.680 INFORMACIÓN [main] org.apache.catalina.startup.VersionLoggerListener.log Command line argument:             --add-opens=java.base/java.lang=ALL-UNNAMED
03-May-2023 23:42:59.680 INFORMACIÓN [main] org.apache.catalina.startup.VersionLoggerListener.log Command line argument:             --add-opens=java.base/java.io=ALL-UNNAMED
03-May-2023 23:42:59.680 INFORMACIÓN [main] org.apache.catalina.startup.VersionLoggerListener.log Command line argument:             --add-opens=java.base/java.util=ALL-UNNAMED
03-May-2023 23:42:59.681 INFORMACIÓN [main] org.apache.catalina.startup.VersionLoggerListener.log Command line argument:             --add-opens=java.base/java.util.concurrent=ALL-UNNAMED
03-May-2023 23:42:59.681 INFORMACIÓN [main] org.apache.catalina.startup.VersionLoggerListener.log Command line argument:             --add-opens=java.rmi/sun.rmi.transport=ALL-UNNAMED
03-May-2023 23:42:59.681 INFORMACIÓN [main] org.apache.catalina.startup.VersionLoggerListener.log Command line argument:             -Djava.util.logging.config.file=/home/danih/Documents/Universidad/Segundo Cuatrimestre/Sistemas Distribuidos/Práctica/Entregas/ObligatoriaDistribuidos/tomcat/apache-tomcat-9_2/conf/logging.properties
03-May-2023 23:42:59.681 INFORMACIÓN [main] org.apache.catalina.startup.VersionLoggerListener.log Command line argument:             -Djava.util.logging.manager=org.apache.juli.ClassLoaderLogManager
03-May-2023 23:42:59.681 INFORMACIÓN [main] org.apache.catalina.startup.VersionLoggerListener.log Command line argument:             -Djdk.tls.ephemeralDHKeySize=2048
03-May-2023 23:42:59.681 INFORMACIÓN [main] org.apache.catalina.startup.VersionLoggerListener.log Command line argument:             -Djava.protocol.handler.pkgs=org.apache.catalina.webresources
03-May-2023 23:42:59.681 INFORMACIÓN [main] org.apache.catalina.startup.VersionLoggerListener.log Command line argument:             -Dorg.apache.catalina.security.SecurityListener.UMASK=0027
03-May-2023 23:42:59.681 INFORMACIÓN [main] org.apache.catalina.startup.VersionLoggerListener.log Command line argument:             -Dignore.endorsed.dirs=
03-May-2023 23:42:59.682 INFORMACIÓN [main] org.apache.catalina.startup.VersionLoggerListener.log Command line argument:             -Dcatalina.base=/home/danih/Documents/Universidad/Segundo Cuatrimestre/Sistemas Distribuidos/Práctica/Entregas/ObligatoriaDistribuidos/tomcat/apache-tomcat-9_2
03-May-2023 23:42:59.682 INFORMACIÓN [main] org.apache.catalina.startup.VersionLoggerListener.log Command line argument:             -Dcatalina.home=/home/danih/Documents/Universidad/Segundo Cuatrimestre/Sistemas Distribuidos/Práctica/Entregas/ObligatoriaDistribuidos/tomcat/apache-tomcat-9_2
03-May-2023 23:42:59.682 INFORMACIÓN [main] org.apache.catalina.startup.VersionLoggerListener.log Command line argument:             -Djava.io.tmpdir=/home/danih/Documents/Universidad/Segundo Cuatrimestre/Sistemas Distribuidos/Práctica/Entregas/ObligatoriaDistribuidos/tomcat/apache-tomcat-9_2/temp
03-May-2023 23:42:59.683 INFORMACIÓN [main] org.apache.catalina.core.AprLifecycleListener.lifecycleEvent La biblioteca nativa de Apache Tomcat basada en ARP que permite un rendimiento óptimo en entornos de desarrollo no ha sido hallada en java.library.path: [/usr/local/lib64::/usr/java/packages/lib:/usr/lib64:/lib64:/lib:/usr/lib]
03-May-2023 23:43:00.105 INFORMACIÓN [main] org.apache.coyote.AbstractProtocol.init Inicializando el manejador de protocolo ["http-nio-8081"]

03-May-2023 23:43:00.143 INFORMACIÓN [main] org.apache.catalina.startup.Catalina.load Server initialization in [808] milliseconds
03-May-2023 23:43:00.240 INFORMACIÓN [main] org.apache.catalina.core.StandardService.startInternal Arrancando servicio [Catalina]
03-May-2023 23:43:00.241 INFORMACIÓN [main] org.apache.catalina.core.StandardEngine.startInternal Starting Servlet engine: [Apache Tomcat/9.0.73]
03-May-2023 23:43:00.262 INFORMACIÓN [main] org.apache.catalina.startup.HostConfig.deployWAR Despliegue del archivo [/home/danih/Documents/Universidad/Segundo Cuatrimestre/Sistemas Distribuidos/Práctica/Entregas/ObligatoriaDistribuidos/tomcat/apache-tomcat-9_2/webapps/ssdd.war] de la aplicación web
03-May-2023 23:43:00.284 INFORMACIÓN [main] org.apache.catalina.startup.ExpandWar.expand An expanded directory [/home/danih/Documents/Universidad/Segundo Cuatrimestre/Sistemas Distribuidos/Práctica/Entregas/ObligatoriaDistribuidos/tomcat/apache-tomcat-9_2/webapps/ssdd] was found with a last modified time that did not match the associated WAR. It will be deleted.
03-May-2023 23:43:01.140 INFORMACIÓN [main] org.apache.jasper.servlet.TldScanner.scanJars Al menos un JAR, que se ha explorado buscando TLDs, aún no contenía TLDs. Activar historial de depuración para este historiador para una completa lista de los JARs que fueron explorados y de los que nos se halló TLDs. Saltarse JARs no necesarios durante la exploración puede dar lugar a una mejora de tiempo significativa en el arranque y compilación de JSP .
03-May-2023 23:43:01.600 ADVERTENCIA [main] org.glassfish.jersey.server.wadl.WadlFeature.configure JAXBContext implementation could not be found. WADL feature is disabled.
03-May-2023 23:43:01.894 INFORMACIÓN [main] org.apache.catalina.startup.HostConfig.deployWAR Deployment of web application archive [/home/danih/Documents/Universidad/Segundo Cuatrimestre/Sistemas Distribuidos/Práctica/Entregas/ObligatoriaDistribuidos/tomcat/apache-tomcat-9_2/webapps/ssdd.war] has finished in [1.632] ms
03-May-2023 23:43:01.895 INFORMACIÓN [main] org.apache.catalina.startup.HostConfig.deployDirectory Desplegando el directorio [/home/danih/Documents/Universidad/Segundo Cuatrimestre/Sistemas Distribuidos/Práctica/Entregas/ObligatoriaDistribuidos/tomcat/apache-tomcat-9_2/webapps/examples] de la aplicación web
03-May-2023 23:43:02.044 INFORMACIÓN [main] org.apache.catalina.startup.HostConfig.deployDirectory Deployment of web application directory [/home/danih/Documents/Universidad/Segundo Cuatrimestre/Sistemas Distribuidos/Práctica/Entregas/ObligatoriaDistribuidos/tomcat/apache-tomcat-9_2/webapps/examples] has finished in [149] ms
03-May-2023 23:43:02.045 INFORMACIÓN [main] org.apache.catalina.startup.HostConfig.deployDirectory Desplegando el directorio [/home/danih/Documents/Universidad/Segundo Cuatrimestre/Sistemas Distribuidos/Práctica/Entregas/ObligatoriaDistribuidos/tomcat/apache-tomcat-9_2/webapps/manager] de la aplicación web
03-May-2023 23:43:02.067 INFORMACIÓN [main] org.apache.catalina.startup.HostConfig.deployDirectory Deployment of web application directory [/home/danih/Documents/Universidad/Segundo Cuatrimestre/Sistemas Distribuidos/Práctica/Entregas/ObligatoriaDistribuidos/tomcat/apache-tomcat-9_2/webapps/manager] has finished in [22] ms
03-May-2023 23:43:02.067 INFORMACIÓN [main] org.apache.catalina.startup.HostConfig.deployDirectory Desplegando el directorio [/home/danih/Documents/Universidad/Segundo Cuatrimestre/Sistemas Distribuidos/Práctica/Entregas/ObligatoriaDistribuidos/tomcat/apache-tomcat-9_2/webapps/docs] de la aplicación web
03-May-2023 23:43:02.083 INFORMACIÓN [main] org.apache.catalina.startup.HostConfig.deployDirectory Deployment of web application directory [/home/danih/Documents/Universidad/Segundo Cuatrimestre/Sistemas Distribuidos/Práctica/Entregas/ObligatoriaDistribuidos/tomcat/apache-tomcat-9_2/webapps/docs] has finished in [15] ms
03-May-2023 23:43:02.083 INFORMACIÓN [main] org.apache.catalina.startup.HostConfig.deployDirectory Desplegando el directorio [/home/danih/Documents/Universidad/Segundo Cuatrimestre/Sistemas Distribuidos/Práctica/Entregas/ObligatoriaDistribuidos/tomcat/apache-tomcat-9_2/webapps/host-manager] de la aplicación web
03-May-2023 23:43:02.100 INFORMACIÓN [main] org.apache.catalina.startup.HostConfig.deployDirectory Deployment of web application directory [/home/danih/Documents/Universidad/Segundo Cuatrimestre/Sistemas Distribuidos/Práctica/Entregas/ObligatoriaDistribuidos/tomcat/apache-tomcat-9_2/webapps/host-manager] has finished in [16] ms
03-May-2023 23:43:02.100 INFORMACIÓN [main] org.apache.catalina.startup.HostConfig.deployDirectory Desplegando el directorio [/home/danih/Documents/Universidad/Segundo Cuatrimestre/Sistemas Distribuidos/Práctica/Entregas/ObligatoriaDistribuidos/tomcat/apache-tomcat-9_2/webapps/ROOT] de la aplicación web
03-May-2023 23:43:02.114 INFORMACIÓN [main] org.apache.catalina.startup.HostConfig.deployDirectory Deployment of web application directory [/home/danih/Documents/Universidad/Segundo Cuatrimestre/Sistemas Distribuidos/Práctica/Entregas/ObligatoriaDistribuidos/tomcat/apache-tomcat-9_2/webapps/ROOT] has finished in [14] ms
03-May-2023 23:43:02.120 INFORMACIÓN [main] org.apache.coyote.AbstractProtocol.start Starting ProtocolHandler ["http-nio-8081"]
03-May-2023 23:43:02.131 INFORMACIÓN [main] org.apache.catalina.startup.Catalina.start Server startup in [1986] milliseconds
03-May-2023 23:43:51.524 INFORMACIÓN [main] org.apache.catalina.core.StandardServer.await Se ha recibido un comando de apagado a través del puerto de apagado. Parando la instancia del Servidor.
03-May-2023 23:43:51.526 INFORMACIÓN [main] org.apache.coyote.AbstractProtocol.pause Pausing ProtocolHandler ["http-nio-8081"]
03-May-2023 23:43:51.531 INFORMACIÓN [main] org.apache.catalina.core.StandardService.stopInternal Parando servicio [Catalina]
03-May-2023 23:43:51.569 INFORMACIÓN [main] org.apache.coyote.AbstractProtocol.stop Stopping ProtocolHandler ["http-nio-8081"]
03-May-2023 23:43:51.579 INFORMACIÓN [main] org.apache.coyote.AbstractProtocol.destroy Destroying ProtocolHandler ["http-nio-8081"]
03-May-2023 23:43:52.291 INFORMACIÓN [main] org.apache.catalina.startup.VersionLoggerListener.log Nombre de la versión del servidor: Apache Tomcat/9.0.73
03-May-2023 23:43:52.296 INFORMACIÓN [main] org.apache.catalina.startup.VersionLoggerListener.log Server built:                      Feb 27 2023 15:33:40 UTC
03-May-2023 23:43:52.296 INFORMACIÓN [main] org.apache.catalina.startup.VersionLoggerListener.log Número de versión de servidor:     9.0.73.0
03-May-2023 23:43:52.296 INFORMACIÓN [main] org.apache.catalina.startup.VersionLoggerListener.log OS Name:                           Linux
03-May-2023 23:43:52.296 INFORMACIÓN [main] org.apache.catalina.startup.VersionLoggerListener.log Versión de Systema Operativo:      6.2.1-arch1-1
03-May-2023 23:43:52.296 INFORMACIÓN [main] org.apache.catalina.startup.VersionLoggerListener.log Arquitectura:                      amd64
03-May-2023 23:43:52.297 INFORMACIÓN [main] org.apache.catalina.startup.VersionLoggerListener.log Java Home:                         /usr/lib/jvm/java-11-openjdk
03-May-2023 23:43:52.297 INFORMACIÓN [main] org.apache.catalina.startup.VersionLoggerListener.log JVM Version:                       11.0.18+10
03-May-2023 23:43:52.297 INFORMACIÓN [main] org.apache.catalina.startup.VersionLoggerListener.log Vededor JVM:                       Oracle Corporation
03-May-2023 23:43:52.297 INFORMACIÓN [main] org.apache.catalina.startup.VersionLoggerListener.log CATALINA_BASE:                     /home/danih/Documents/Universidad/Segundo Cuatrimestre/Sistemas Distribuidos/Práctica/Entregas/ObligatoriaDistribuidos/tomcat/apache-tomcat-9_2
03-May-2023 23:43:52.297 INFORMACIÓN [main] org.apache.catalina.startup.VersionLoggerListener.log CATALINA_HOME:                     /home/danih/Documents/Universidad/Segundo Cuatrimestre/Sistemas Distribuidos/Práctica/Entregas/ObligatoriaDistribuidos/tomcat/apache-tomcat-9_2
03-May-2023 23:43:52.316 INFORMACIÓN [main] org.apache.catalina.startup.VersionLoggerListener.log Command line argument:             --add-opens=java.base/java.lang=ALL-UNNAMED
03-May-2023 23:43:52.317 INFORMACIÓN [main] org.apache.catalina.startup.VersionLoggerListener.log Command line argument:             --add-opens=java.base/java.io=ALL-UNNAMED
03-May-2023 23:43:52.317 INFORMACIÓN [main] org.apache.catalina.startup.VersionLoggerListener.log Command line argument:             --add-opens=java.base/java.util=ALL-UNNAMED
03-May-2023 23:43:52.317 INFORMACIÓN [main] org.apache.catalina.startup.VersionLoggerListener.log Command line argument:             --add-opens=java.base/java.util.concurrent=ALL-UNNAMED
03-May-2023 23:43:52.317 INFORMACIÓN [main] org.apache.catalina.startup.VersionLoggerListener.log Command line argument:             --add-opens=java.rmi/sun.rmi.transport=ALL-UNNAMED
03-May-2023 23:43:52.318 INFORMACIÓN [main] org.apache.catalina.startup.VersionLoggerListener.log Command line argument:             -Djava.util.logging.config.file=/home/danih/Documents/Universidad/Segundo Cuatrimestre/Sistemas Distribuidos/Práctica/Entregas/ObligatoriaDistribuidos/tomcat/apache-tomcat-9_2/conf/logging.properties
03-May-2023 23:43:52.318 INFORMACIÓN [main] org.apache.catalina.startup.VersionLoggerListener.log Command line argument:             -Djava.util.logging.manager=org.apache.juli.ClassLoaderLogManager
03-May-2023 23:43:52.318 INFORMACIÓN [main] org.apache.catalina.startup.VersionLoggerListener.log Command line argument:             -Djdk.tls.ephemeralDHKeySize=2048
03-May-2023 23:43:52.318 INFORMACIÓN [main] org.apache.catalina.startup.VersionLoggerListener.log Command line argument:             -Djava.protocol.handler.pkgs=org.apache.catalina.webresources
03-May-2023 23:43:52.318 INFORMACIÓN [main] org.apache.catalina.startup.VersionLoggerListener.log Command line argument:             -Dorg.apache.catalina.security.SecurityListener.UMASK=0027
03-May-2023 23:43:52.318 INFORMACIÓN [main] org.apache.catalina.startup.VersionLoggerListener.log Command line argument:             -Dignore.endorsed.dirs=
03-May-2023 23:43:52.318 INFORMACIÓN [main] org.apache.catalina.startup.VersionLoggerListener.log Command line argument:             -Dcatalina.base=/home/danih/Documents/Universidad/Segundo Cuatrimestre/Sistemas Distribuidos/Práctica/Entregas/ObligatoriaDistribuidos/tomcat/apache-tomcat-9_2
03-May-2023 23:43:52.319 INFORMACIÓN [main] org.apache.catalina.startup.VersionLoggerListener.log Command line argument:             -Dcatalina.home=/home/danih/Documents/Universidad/Segundo Cuatrimestre/Sistemas Distribuidos/Práctica/Entregas/ObligatoriaDistribuidos/tomcat/apache-tomcat-9_2
03-May-2023 23:43:52.319 INFORMACIÓN [main] org.apache.catalina.startup.VersionLoggerListener.log Command line argument:             -Djava.io.tmpdir=/home/danih/Documents/Universidad/Segundo Cuatrimestre/Sistemas Distribuidos/Práctica/Entregas/ObligatoriaDistribuidos/tomcat/apache-tomcat-9_2/temp
03-May-2023 23:43:52.321 INFORMACIÓN [main] org.apache.catalina.core.AprLifecycleListener.lifecycleEvent La biblioteca nativa de Apache Tomcat basada en ARP que permite un rendimiento óptimo en entornos de desarrollo no ha sido hallada en java.library.path: [/usr/local/lib64::/usr/java/packages/lib:/usr/lib64:/lib64:/lib:/usr/lib]
03-May-2023 23:43:52.740 INFORMACIÓN [main] org.apache.coyote.AbstractProtocol.init Inicializando el manejador de protocolo ["http-nio-8081"]

03-May-2023 23:43:52.774 INFORMACIÓN [main] org.apache.catalina.startup.Catalina.load Server initialization in [804] milliseconds
03-May-2023 23:43:52.879 INFORMACIÓN [main] org.apache.catalina.core.StandardService.startInternal Arrancando servicio [Catalina]
03-May-2023 23:43:52.880 INFORMACIÓN [main] org.apache.catalina.core.StandardEngine.startInternal Starting Servlet engine: [Apache Tomcat/9.0.73]
03-May-2023 23:43:52.899 INFORMACIÓN [main] org.apache.catalina.startup.HostConfig.deployWAR Despliegue del archivo [/home/danih/Documents/Universidad/Segundo Cuatrimestre/Sistemas Distribuidos/Práctica/Entregas/ObligatoriaDistribuidos/tomcat/apache-tomcat-9_2/webapps/ssdd.war] de la aplicación web
03-May-2023 23:43:52.923 INFORMACIÓN [main] org.apache.catalina.startup.ExpandWar.expand An expanded directory [/home/danih/Documents/Universidad/Segundo Cuatrimestre/Sistemas Distribuidos/Práctica/Entregas/ObligatoriaDistribuidos/tomcat/apache-tomcat-9_2/webapps/ssdd] was found with a last modified time that did not match the associated WAR. It will be deleted.
03-May-2023 23:43:53.786 INFORMACIÓN [main] org.apache.jasper.servlet.TldScanner.scanJars Al menos un JAR, que se ha explorado buscando TLDs, aún no contenía TLDs. Activar historial de depuración para este historiador para una completa lista de los JARs que fueron explorados y de los que nos se halló TLDs. Saltarse JARs no necesarios durante la exploración puede dar lugar a una mejora de tiempo significativa en el arranque y compilación de JSP .
03-May-2023 23:43:54.228 ADVERTENCIA [main] org.glassfish.jersey.server.wadl.WadlFeature.configure JAXBContext implementation could not be found. WADL feature is disabled.
03-May-2023 23:43:54.492 INFORMACIÓN [main] org.apache.catalina.startup.HostConfig.deployWAR Deployment of web application archive [/home/danih/Documents/Universidad/Segundo Cuatrimestre/Sistemas Distribuidos/Práctica/Entregas/ObligatoriaDistribuidos/tomcat/apache-tomcat-9_2/webapps/ssdd.war] has finished in [1.592] ms
03-May-2023 23:43:54.492 INFORMACIÓN [main] org.apache.catalina.startup.HostConfig.deployDirectory Desplegando el directorio [/home/danih/Documents/Universidad/Segundo Cuatrimestre/Sistemas Distribuidos/Práctica/Entregas/ObligatoriaDistribuidos/tomcat/apache-tomcat-9_2/webapps/examples] de la aplicación web
03-May-2023 23:43:54.657 INFORMACIÓN [main] org.apache.catalina.startup.HostConfig.deployDirectory Deployment of web application directory [/home/danih/Documents/Universidad/Segundo Cuatrimestre/Sistemas Distribuidos/Práctica/Entregas/ObligatoriaDistribuidos/tomcat/apache-tomcat-9_2/webapps/examples] has finished in [164] ms
03-May-2023 23:43:54.657 INFORMACIÓN [main] org.apache.catalina.startup.HostConfig.deployDirectory Desplegando el directorio [/home/danih/Documents/Universidad/Segundo Cuatrimestre/Sistemas Distribuidos/Práctica/Entregas/ObligatoriaDistribuidos/tomcat/apache-tomcat-9_2/webapps/manager] de la aplicación web
03-May-2023 23:43:54.683 INFORMACIÓN [main] org.apache.catalina.startup.HostConfig.deployDirectory Deployment of web application directory [/home/danih/Documents/Universidad/Segundo Cuatrimestre/Sistemas Distribuidos/Práctica/Entregas/ObligatoriaDistribuidos/tomcat/apache-tomcat-9_2/webapps/manager] has finished in [25] ms
03-May-2023 23:43:54.683 INFORMACIÓN [main] org.apache.catalina.startup.HostConfig.deployDirectory Desplegando el directorio [/home/danih/Documents/Universidad/Segundo Cuatrimestre/Sistemas Distribuidos/Práctica/Entregas/ObligatoriaDistribuidos/tomcat/apache-tomcat-9_2/webapps/docs] de la aplicación web
03-May-2023 23:43:54.700 INFORMACIÓN [main] org.apache.catalina.startup.HostConfig.deployDirectory Deployment of web application directory [/home/danih/Documents/Universidad/Segundo Cuatrimestre/Sistemas Distribuidos/Práctica/Entregas/ObligatoriaDistribuidos/tomcat/apache-tomcat-9_2/webapps/docs] has finished in [17] ms
03-May-2023 23:43:54.700 INFORMACIÓN [main] org.apache.catalina.startup.HostConfig.deployDirectory Desplegando el directorio [/home/danih/Documents/Universidad/Segundo Cuatrimestre/Sistemas Distribuidos/Práctica/Entregas/ObligatoriaDistribuidos/tomcat/apache-tomcat-9_2/webapps/host-manager] de la aplicación web
03-May-2023 23:43:54.719 INFORMACIÓN [main] org.apache.catalina.startup.HostConfig.deployDirectory Deployment of web application directory [/home/danih/Documents/Universidad/Segundo Cuatrimestre/Sistemas Distribuidos/Práctica/Entregas/ObligatoriaDistribuidos/tomcat/apache-tomcat-9_2/webapps/host-manager] has finished in [18] ms
03-May-2023 23:43:54.719 INFORMACIÓN [main] org.apache.catalina.startup.HostConfig.deployDirectory Desplegando el directorio [/home/danih/Documents/Universidad/Segundo Cuatrimestre/Sistemas Distribuidos/Práctica/Entregas/ObligatoriaDistribuidos/tomcat/apache-tomcat-9_2/webapps/ROOT] de la aplicación web
03-May-2023 23:43:54.733 INFORMACIÓN [main] org.apache.catalina.startup.HostConfig.deployDirectory Deployment of web application directory [/home/danih/Documents/Universidad/Segundo Cuatrimestre/Sistemas Distribuidos/Práctica/Entregas/ObligatoriaDistribuidos/tomcat/apache-tomcat-9_2/webapps/ROOT] has finished in [14] ms
03-May-2023 23:43:54.739 INFORMACIÓN [main] org.apache.coyote.AbstractProtocol.start Starting ProtocolHandler ["http-nio-8081"]
03-May-2023 23:43:54.753 INFORMACIÓN [main] org.apache.catalina.startup.Catalina.start Server startup in [1978] milliseconds
03-May-2023 23:48:29.342 INFORMACIÓN [main] org.apache.catalina.core.StandardServer.await Se ha recibido un comando de apagado a través del puerto de apagado. Parando la instancia del Servidor.
03-May-2023 23:48:29.342 INFORMACIÓN [main] org.apache.coyote.AbstractProtocol.pause Pausing ProtocolHandler ["http-nio-8081"]
03-May-2023 23:48:29.349 INFORMACIÓN [main] org.apache.catalina.core.StandardService.stopInternal Parando servicio [Catalina]
03-May-2023 23:48:29.388 INFORMACIÓN [main] org.apache.coyote.AbstractProtocol.stop Stopping ProtocolHandler ["http-nio-8081"]
03-May-2023 23:48:29.396 INFORMACIÓN [main] org.apache.coyote.AbstractProtocol.destroy Destroying ProtocolHandler ["http-nio-8081"]
03-May-2023 23:48:30.123 INFORMACIÓN [main] org.apache.catalina.startup.VersionLoggerListener.log Nombre de la versión del servidor: Apache Tomcat/9.0.73
03-May-2023 23:48:30.128 INFORMACIÓN [main] org.apache.catalina.startup.VersionLoggerListener.log Server built:                      Feb 27 2023 15:33:40 UTC
03-May-2023 23:48:30.128 INFORMACIÓN [main] org.apache.catalina.startup.VersionLoggerListener.log Número de versión de servidor:     9.0.73.0
03-May-2023 23:48:30.128 INFORMACIÓN [main] org.apache.catalina.startup.VersionLoggerListener.log OS Name:                           Linux
03-May-2023 23:48:30.128 INFORMACIÓN [main] org.apache.catalina.startup.VersionLoggerListener.log Versión de Systema Operativo:      6.2.1-arch1-1
03-May-2023 23:48:30.129 INFORMACIÓN [main] org.apache.catalina.startup.VersionLoggerListener.log Arquitectura:                      amd64
03-May-2023 23:48:30.129 INFORMACIÓN [main] org.apache.catalina.startup.VersionLoggerListener.log Java Home:                         /usr/lib/jvm/java-11-openjdk
03-May-2023 23:48:30.129 INFORMACIÓN [main] org.apache.catalina.startup.VersionLoggerListener.log JVM Version:                       11.0.18+10
03-May-2023 23:48:30.129 INFORMACIÓN [main] org.apache.catalina.startup.VersionLoggerListener.log Vededor JVM:                       Oracle Corporation
03-May-2023 23:48:30.129 INFORMACIÓN [main] org.apache.catalina.startup.VersionLoggerListener.log CATALINA_BASE:                     /home/danih/Documents/Universidad/Segundo Cuatrimestre/Sistemas Distribuidos/Práctica/Entregas/ObligatoriaDistribuidos/tomcat/apache-tomcat-9_2
03-May-2023 23:48:30.129 INFORMACIÓN [main] org.apache.catalina.startup.VersionLoggerListener.log CATALINA_HOME:                     /home/danih/Documents/Universidad/Segundo Cuatrimestre/Sistemas Distribuidos/Práctica/Entregas/ObligatoriaDistribuidos/tomcat/apache-tomcat-9_2
03-May-2023 23:48:30.144 INFORMACIÓN [main] org.apache.catalina.startup.VersionLoggerListener.log Command line argument:             --add-opens=java.base/java.lang=ALL-UNNAMED
03-May-2023 23:48:30.145 INFORMACIÓN [main] org.apache.catalina.startup.VersionLoggerListener.log Command line argument:             --add-opens=java.base/java.io=ALL-UNNAMED
03-May-2023 23:48:30.145 INFORMACIÓN [main] org.apache.catalina.startup.VersionLoggerListener.log Command line argument:             --add-opens=java.base/java.util=ALL-UNNAMED
03-May-2023 23:48:30.145 INFORMACIÓN [main] org.apache.catalina.startup.VersionLoggerListener.log Command line argument:             --add-opens=java.base/java.util.concurrent=ALL-UNNAMED
03-May-2023 23:48:30.145 INFORMACIÓN [main] org.apache.catalina.startup.VersionLoggerListener.log Command line argument:             --add-opens=java.rmi/sun.rmi.transport=ALL-UNNAMED
03-May-2023 23:48:30.145 INFORMACIÓN [main] org.apache.catalina.startup.VersionLoggerListener.log Command line argument:             -Djava.util.logging.config.file=/home/danih/Documents/Universidad/Segundo Cuatrimestre/Sistemas Distribuidos/Práctica/Entregas/ObligatoriaDistribuidos/tomcat/apache-tomcat-9_2/conf/logging.properties
03-May-2023 23:48:30.145 INFORMACIÓN [main] org.apache.catalina.startup.VersionLoggerListener.log Command line argument:             -Djava.util.logging.manager=org.apache.juli.ClassLoaderLogManager
03-May-2023 23:48:30.146 INFORMACIÓN [main] org.apache.catalina.startup.VersionLoggerListener.log Command line argument:             -Djdk.tls.ephemeralDHKeySize=2048
03-May-2023 23:48:30.146 INFORMACIÓN [main] org.apache.catalina.startup.VersionLoggerListener.log Command line argument:             -Djava.protocol.handler.pkgs=org.apache.catalina.webresources
03-May-2023 23:48:30.146 INFORMACIÓN [main] org.apache.catalina.startup.VersionLoggerListener.log Command line argument:             -Dorg.apache.catalina.security.SecurityListener.UMASK=0027
03-May-2023 23:48:30.146 INFORMACIÓN [main] org.apache.catalina.startup.VersionLoggerListener.log Command line argument:             -Dignore.endorsed.dirs=
03-May-2023 23:48:30.146 INFORMACIÓN [main] org.apache.catalina.startup.VersionLoggerListener.log Command line argument:             -Dcatalina.base=/home/danih/Documents/Universidad/Segundo Cuatrimestre/Sistemas Distribuidos/Práctica/Entregas/ObligatoriaDistribuidos/tomcat/apache-tomcat-9_2
03-May-2023 23:48:30.146 INFORMACIÓN [main] org.apache.catalina.startup.VersionLoggerListener.log Command line argument:             -Dcatalina.home=/home/danih/Documents/Universidad/Segundo Cuatrimestre/Sistemas Distribuidos/Práctica/Entregas/ObligatoriaDistribuidos/tomcat/apache-tomcat-9_2
03-May-2023 23:48:30.146 INFORMACIÓN [main] org.apache.catalina.startup.VersionLoggerListener.log Command line argument:             -Djava.io.tmpdir=/home/danih/Documents/Universidad/Segundo Cuatrimestre/Sistemas Distribuidos/Práctica/Entregas/ObligatoriaDistribuidos/tomcat/apache-tomcat-9_2/temp
03-May-2023 23:48:30.148 INFORMACIÓN [main] org.apache.catalina.core.AprLifecycleListener.lifecycleEvent La biblioteca nativa de Apache Tomcat basada en ARP que permite un rendimiento óptimo en entornos de desarrollo no ha sido hallada en java.library.path: [/usr/local/lib64::/usr/java/packages/lib:/usr/lib64:/lib64:/lib:/usr/lib]
03-May-2023 23:48:30.549 INFORMACIÓN [main] org.apache.coyote.AbstractProtocol.init Inicializando el manejador de protocolo ["http-nio-8081"]

03-May-2023 23:48:30.579 INFORMACIÓN [main] org.apache.catalina.startup.Catalina.load Server initialization in [802] milliseconds
03-May-2023 23:48:30.662 INFORMACIÓN [main] org.apache.catalina.core.StandardService.startInternal Arrancando servicio [Catalina]
03-May-2023 23:48:30.663 INFORMACIÓN [main] org.apache.catalina.core.StandardEngine.startInternal Starting Servlet engine: [Apache Tomcat/9.0.73]
03-May-2023 23:48:30.688 INFORMACIÓN [main] org.apache.catalina.startup.HostConfig.deployWAR Despliegue del archivo [/home/danih/Documents/Universidad/Segundo Cuatrimestre/Sistemas Distribuidos/Práctica/Entregas/ObligatoriaDistribuidos/tomcat/apache-tomcat-9_2/webapps/ssdd.war] de la aplicación web
03-May-2023 23:48:30.712 INFORMACIÓN [main] org.apache.catalina.startup.ExpandWar.expand An expanded directory [/home/danih/Documents/Universidad/Segundo Cuatrimestre/Sistemas Distribuidos/Práctica/Entregas/ObligatoriaDistribuidos/tomcat/apache-tomcat-9_2/webapps/ssdd] was found with a last modified time that did not match the associated WAR. It will be deleted.
03-May-2023 23:48:31.501 INFORMACIÓN [main] org.apache.jasper.servlet.TldScanner.scanJars Al menos un JAR, que se ha explorado buscando TLDs, aún no contenía TLDs. Activar historial de depuración para este historiador para una completa lista de los JARs que fueron explorados y de los que nos se halló TLDs. Saltarse JARs no necesarios durante la exploración puede dar lugar a una mejora de tiempo significativa en el arranque y compilación de JSP .
03-May-2023 23:48:31.990 ADVERTENCIA [main] org.glassfish.jersey.server.wadl.WadlFeature.configure JAXBContext implementation could not be found. WADL feature is disabled.
03-May-2023 23:48:32.276 INFORMACIÓN [main] org.apache.catalina.startup.HostConfig.deployWAR Deployment of web application archive [/home/danih/Documents/Universidad/Segundo Cuatrimestre/Sistemas Distribuidos/Práctica/Entregas/ObligatoriaDistribuidos/tomcat/apache-tomcat-9_2/webapps/ssdd.war] has finished in [1.589] ms
03-May-2023 23:48:32.277 INFORMACIÓN [main] org.apache.catalina.startup.HostConfig.deployDirectory Desplegando el directorio [/home/danih/Documents/Universidad/Segundo Cuatrimestre/Sistemas Distribuidos/Práctica/Entregas/ObligatoriaDistribuidos/tomcat/apache-tomcat-9_2/webapps/examples] de la aplicación web
03-May-2023 23:48:32.427 INFORMACIÓN [main] org.apache.catalina.startup.HostConfig.deployDirectory Deployment of web application directory [/home/danih/Documents/Universidad/Segundo Cuatrimestre/Sistemas Distribuidos/Práctica/Entregas/ObligatoriaDistribuidos/tomcat/apache-tomcat-9_2/webapps/examples] has finished in [150] ms
03-May-2023 23:48:32.427 INFORMACIÓN [main] org.apache.catalina.startup.HostConfig.deployDirectory Desplegando el directorio [/home/danih/Documents/Universidad/Segundo Cuatrimestre/Sistemas Distribuidos/Práctica/Entregas/ObligatoriaDistribuidos/tomcat/apache-tomcat-9_2/webapps/manager] de la aplicación web
03-May-2023 23:48:32.455 INFORMACIÓN [main] org.apache.catalina.startup.HostConfig.deployDirectory Deployment of web application directory [/home/danih/Documents/Universidad/Segundo Cuatrimestre/Sistemas Distribuidos/Práctica/Entregas/ObligatoriaDistribuidos/tomcat/apache-tomcat-9_2/webapps/manager] has finished in [28] ms
03-May-2023 23:48:32.455 INFORMACIÓN [main] org.apache.catalina.startup.HostConfig.deployDirectory Desplegando el directorio [/home/danih/Documents/Universidad/Segundo Cuatrimestre/Sistemas Distribuidos/Práctica/Entregas/ObligatoriaDistribuidos/tomcat/apache-tomcat-9_2/webapps/docs] de la aplicación web
03-May-2023 23:48:32.472 INFORMACIÓN [main] org.apache.catalina.startup.HostConfig.deployDirectory Deployment of web application directory [/home/danih/Documents/Universidad/Segundo Cuatrimestre/Sistemas Distribuidos/Práctica/Entregas/ObligatoriaDistribuidos/tomcat/apache-tomcat-9_2/webapps/docs] has finished in [17] ms
03-May-2023 23:48:32.472 INFORMACIÓN [main] org.apache.catalina.startup.HostConfig.deployDirectory Desplegando el directorio [/home/danih/Documents/Universidad/Segundo Cuatrimestre/Sistemas Distribuidos/Práctica/Entregas/ObligatoriaDistribuidos/tomcat/apache-tomcat-9_2/webapps/host-manager] de la aplicación web
03-May-2023 23:48:32.492 INFORMACIÓN [main] org.apache.catalina.startup.HostConfig.deployDirectory Deployment of web application directory [/home/danih/Documents/Universidad/Segundo Cuatrimestre/Sistemas Distribuidos/Práctica/Entregas/ObligatoriaDistribuidos/tomcat/apache-tomcat-9_2/webapps/host-manager] has finished in [20] ms
03-May-2023 23:48:32.492 INFORMACIÓN [main] org.apache.catalina.startup.HostConfig.deployDirectory Desplegando el directorio [/home/danih/Documents/Universidad/Segundo Cuatrimestre/Sistemas Distribuidos/Práctica/Entregas/ObligatoriaDistribuidos/tomcat/apache-tomcat-9_2/webapps/ROOT] de la aplicación web
03-May-2023 23:48:32.507 INFORMACIÓN [main] org.apache.catalina.startup.HostConfig.deployDirectory Deployment of web application directory [/home/danih/Documents/Universidad/Segundo Cuatrimestre/Sistemas Distribuidos/Práctica/Entregas/ObligatoriaDistribuidos/tomcat/apache-tomcat-9_2/webapps/ROOT] has finished in [15] ms
03-May-2023 23:48:32.513 INFORMACIÓN [main] org.apache.coyote.AbstractProtocol.start Starting ProtocolHandler ["http-nio-8081"]
03-May-2023 23:48:32.525 INFORMACIÓN [main] org.apache.catalina.startup.Catalina.start Server startup in [1946] milliseconds
03-May-2023 23:50:58.002 INFORMACIÓN [main] org.apache.catalina.core.StandardServer.await Se ha recibido un comando de apagado a través del puerto de apagado. Parando la instancia del Servidor.
03-May-2023 23:50:58.003 INFORMACIÓN [main] org.apache.coyote.AbstractProtocol.pause Pausing ProtocolHandler ["http-nio-8081"]
03-May-2023 23:50:58.008 INFORMACIÓN [main] org.apache.catalina.core.StandardService.stopInternal Parando servicio [Catalina]
03-May-2023 23:50:58.055 INFORMACIÓN [main] org.apache.coyote.AbstractProtocol.stop Stopping ProtocolHandler ["http-nio-8081"]
03-May-2023 23:50:58.067 INFORMACIÓN [main] org.apache.coyote.AbstractProtocol.destroy Destroying ProtocolHandler ["http-nio-8081"]
03-May-2023 23:50:58.913 INFORMACIÓN [main] org.apache.catalina.startup.VersionLoggerListener.log Nombre de la versión del servidor: Apache Tomcat/9.0.73
03-May-2023 23:50:58.921 INFORMACIÓN [main] org.apache.catalina.startup.VersionLoggerListener.log Server built:                      Feb 27 2023 15:33:40 UTC
03-May-2023 23:50:58.921 INFORMACIÓN [main] org.apache.catalina.startup.VersionLoggerListener.log Número de versión de servidor:     9.0.73.0
03-May-2023 23:50:58.921 INFORMACIÓN [main] org.apache.catalina.startup.VersionLoggerListener.log OS Name:                           Linux
03-May-2023 23:50:58.921 INFORMACIÓN [main] org.apache.catalina.startup.VersionLoggerListener.log Versión de Systema Operativo:      6.2.1-arch1-1
03-May-2023 23:50:58.922 INFORMACIÓN [main] org.apache.catalina.startup.VersionLoggerListener.log Arquitectura:                      amd64
03-May-2023 23:50:58.922 INFORMACIÓN [main] org.apache.catalina.startup.VersionLoggerListener.log Java Home:                         /usr/lib/jvm/java-11-openjdk
03-May-2023 23:50:58.922 INFORMACIÓN [main] org.apache.catalina.startup.VersionLoggerListener.log JVM Version:                       11.0.18+10
03-May-2023 23:50:58.922 INFORMACIÓN [main] org.apache.catalina.startup.VersionLoggerListener.log Vededor JVM:                       Oracle Corporation
03-May-2023 23:50:58.922 INFORMACIÓN [main] org.apache.catalina.startup.VersionLoggerListener.log CATALINA_BASE:                     /home/danih/Documents/Universidad/Segundo Cuatrimestre/Sistemas Distribuidos/Práctica/Entregas/ObligatoriaDistribuidos/tomcat/apache-tomcat-9_2
03-May-2023 23:50:58.922 INFORMACIÓN [main] org.apache.catalina.startup.VersionLoggerListener.log CATALINA_HOME:                     /home/danih/Documents/Universidad/Segundo Cuatrimestre/Sistemas Distribuidos/Práctica/Entregas/ObligatoriaDistribuidos/tomcat/apache-tomcat-9_2
03-May-2023 23:50:58.945 INFORMACIÓN [main] org.apache.catalina.startup.VersionLoggerListener.log Command line argument:             --add-opens=java.base/java.lang=ALL-UNNAMED
03-May-2023 23:50:58.947 INFORMACIÓN [main] org.apache.catalina.startup.VersionLoggerListener.log Command line argument:             --add-opens=java.base/java.io=ALL-UNNAMED
03-May-2023 23:50:58.947 INFORMACIÓN [main] org.apache.catalina.startup.VersionLoggerListener.log Command line argument:             --add-opens=java.base/java.util=ALL-UNNAMED
03-May-2023 23:50:58.948 INFORMACIÓN [main] org.apache.catalina.startup.VersionLoggerListener.log Command line argument:             --add-opens=java.base/java.util.concurrent=ALL-UNNAMED
03-May-2023 23:50:58.948 INFORMACIÓN [main] org.apache.catalina.startup.VersionLoggerListener.log Command line argument:             --add-opens=java.rmi/sun.rmi.transport=ALL-UNNAMED
03-May-2023 23:50:58.948 INFORMACIÓN [main] org.apache.catalina.startup.VersionLoggerListener.log Command line argument:             -Djava.util.logging.config.file=/home/danih/Documents/Universidad/Segundo Cuatrimestre/Sistemas Distribuidos/Práctica/Entregas/ObligatoriaDistribuidos/tomcat/apache-tomcat-9_2/conf/logging.properties
03-May-2023 23:50:58.948 INFORMACIÓN [main] org.apache.catalina.startup.VersionLoggerListener.log Command line argument:             -Djava.util.logging.manager=org.apache.juli.ClassLoaderLogManager
03-May-2023 23:50:58.948 INFORMACIÓN [main] org.apache.catalina.startup.VersionLoggerListener.log Command line argument:             -Djdk.tls.ephemeralDHKeySize=2048
03-May-2023 23:50:58.948 INFORMACIÓN [main] org.apache.catalina.startup.VersionLoggerListener.log Command line argument:             -Djava.protocol.handler.pkgs=org.apache.catalina.webresources
03-May-2023 23:50:58.948 INFORMACIÓN [main] org.apache.catalina.startup.VersionLoggerListener.log Command line argument:             -Dorg.apache.catalina.security.SecurityListener.UMASK=0027
03-May-2023 23:50:58.948 INFORMACIÓN [main] org.apache.catalina.startup.VersionLoggerListener.log Command line argument:             -Dignore.endorsed.dirs=
03-May-2023 23:50:58.949 INFORMACIÓN [main] org.apache.catalina.startup.VersionLoggerListener.log Command line argument:             -Dcatalina.base=/home/danih/Documents/Universidad/Segundo Cuatrimestre/Sistemas Distribuidos/Práctica/Entregas/ObligatoriaDistribuidos/tomcat/apache-tomcat-9_2
03-May-2023 23:50:58.949 INFORMACIÓN [main] org.apache.catalina.startup.VersionLoggerListener.log Command line argument:             -Dcatalina.home=/home/danih/Documents/Universidad/Segundo Cuatrimestre/Sistemas Distribuidos/Práctica/Entregas/ObligatoriaDistribuidos/tomcat/apache-tomcat-9_2
03-May-2023 23:50:58.949 INFORMACIÓN [main] org.apache.catalina.startup.VersionLoggerListener.log Command line argument:             -Djava.io.tmpdir=/home/danih/Documents/Universidad/Segundo Cuatrimestre/Sistemas Distribuidos/Práctica/Entregas/ObligatoriaDistribuidos/tomcat/apache-tomcat-9_2/temp
03-May-2023 23:50:58.951 INFORMACIÓN [main] org.apache.catalina.core.AprLifecycleListener.lifecycleEvent La biblioteca nativa de Apache Tomcat basada en ARP que permite un rendimiento óptimo en entornos de desarrollo no ha sido hallada en java.library.path: [/usr/local/lib64::/usr/java/packages/lib:/usr/lib64:/lib64:/lib:/usr/lib]
03-May-2023 23:50:59.380 INFORMACIÓN [main] org.apache.coyote.AbstractProtocol.init Inicializando el manejador de protocolo ["http-nio-8081"]

03-May-2023 23:50:59.420 INFORMACIÓN [main] org.apache.catalina.startup.Catalina.load Server initialization in [952] milliseconds
03-May-2023 23:50:59.517 INFORMACIÓN [main] org.apache.catalina.core.StandardService.startInternal Arrancando servicio [Catalina]
03-May-2023 23:50:59.517 INFORMACIÓN [main] org.apache.catalina.core.StandardEngine.startInternal Starting Servlet engine: [Apache Tomcat/9.0.73]
03-May-2023 23:50:59.539 INFORMACIÓN [main] org.apache.catalina.startup.HostConfig.deployWAR Despliegue del archivo [/home/danih/Documents/Universidad/Segundo Cuatrimestre/Sistemas Distribuidos/Práctica/Entregas/ObligatoriaDistribuidos/tomcat/apache-tomcat-9_2/webapps/ssdd.war] de la aplicación web
03-May-2023 23:50:59.573 INFORMACIÓN [main] org.apache.catalina.startup.ExpandWar.expand An expanded directory [/home/danih/Documents/Universidad/Segundo Cuatrimestre/Sistemas Distribuidos/Práctica/Entregas/ObligatoriaDistribuidos/tomcat/apache-tomcat-9_2/webapps/ssdd] was found with a last modified time that did not match the associated WAR. It will be deleted.
03-May-2023 23:51:00.415 INFORMACIÓN [main] org.apache.jasper.servlet.TldScanner.scanJars Al menos un JAR, que se ha explorado buscando TLDs, aún no contenía TLDs. Activar historial de depuración para este historiador para una completa lista de los JARs que fueron explorados y de los que nos se halló TLDs. Saltarse JARs no necesarios durante la exploración puede dar lugar a una mejora de tiempo significativa en el arranque y compilación de JSP .
03-May-2023 23:51:00.940 ADVERTENCIA [main] org.glassfish.jersey.server.wadl.WadlFeature.configure JAXBContext implementation could not be found. WADL feature is disabled.
03-May-2023 23:51:01.245 INFORMACIÓN [main] org.apache.catalina.startup.HostConfig.deployWAR Deployment of web application archive [/home/danih/Documents/Universidad/Segundo Cuatrimestre/Sistemas Distribuidos/Práctica/Entregas/ObligatoriaDistribuidos/tomcat/apache-tomcat-9_2/webapps/ssdd.war] has finished in [1.705] ms
03-May-2023 23:51:01.246 INFORMACIÓN [main] org.apache.catalina.startup.HostConfig.deployDirectory Desplegando el directorio [/home/danih/Documents/Universidad/Segundo Cuatrimestre/Sistemas Distribuidos/Práctica/Entregas/ObligatoriaDistribuidos/tomcat/apache-tomcat-9_2/webapps/examples] de la aplicación web
03-May-2023 23:51:01.457 INFORMACIÓN [main] org.apache.catalina.startup.HostConfig.deployDirectory Deployment of web application directory [/home/danih/Documents/Universidad/Segundo Cuatrimestre/Sistemas Distribuidos/Práctica/Entregas/ObligatoriaDistribuidos/tomcat/apache-tomcat-9_2/webapps/examples] has finished in [211] ms
03-May-2023 23:51:01.458 INFORMACIÓN [main] org.apache.catalina.startup.HostConfig.deployDirectory Desplegando el directorio [/home/danih/Documents/Universidad/Segundo Cuatrimestre/Sistemas Distribuidos/Práctica/Entregas/ObligatoriaDistribuidos/tomcat/apache-tomcat-9_2/webapps/manager] de la aplicación web
03-May-2023 23:51:01.487 INFORMACIÓN [main] org.apache.catalina.startup.HostConfig.deployDirectory Deployment of web application directory [/home/danih/Documents/Universidad/Segundo Cuatrimestre/Sistemas Distribuidos/Práctica/Entregas/ObligatoriaDistribuidos/tomcat/apache-tomcat-9_2/webapps/manager] has finished in [29] ms
03-May-2023 23:51:01.488 INFORMACIÓN [main] org.apache.catalina.startup.HostConfig.deployDirectory Desplegando el directorio [/home/danih/Documents/Universidad/Segundo Cuatrimestre/Sistemas Distribuidos/Práctica/Entregas/ObligatoriaDistribuidos/tomcat/apache-tomcat-9_2/webapps/docs] de la aplicación web
03-May-2023 23:51:01.505 INFORMACIÓN [main] org.apache.catalina.startup.HostConfig.deployDirectory Deployment of web application directory [/home/danih/Documents/Universidad/Segundo Cuatrimestre/Sistemas Distribuidos/Práctica/Entregas/ObligatoriaDistribuidos/tomcat/apache-tomcat-9_2/webapps/docs] has finished in [18] ms
03-May-2023 23:51:01.506 INFORMACIÓN [main] org.apache.catalina.startup.HostConfig.deployDirectory Desplegando el directorio [/home/danih/Documents/Universidad/Segundo Cuatrimestre/Sistemas Distribuidos/Práctica/Entregas/ObligatoriaDistribuidos/tomcat/apache-tomcat-9_2/webapps/host-manager] de la aplicación web
03-May-2023 23:51:01.523 INFORMACIÓN [main] org.apache.catalina.startup.HostConfig.deployDirectory Deployment of web application directory [/home/danih/Documents/Universidad/Segundo Cuatrimestre/Sistemas Distribuidos/Práctica/Entregas/ObligatoriaDistribuidos/tomcat/apache-tomcat-9_2/webapps/host-manager] has finished in [17] ms
03-May-2023 23:51:01.523 INFORMACIÓN [main] org.apache.catalina.startup.HostConfig.deployDirectory Desplegando el directorio [/home/danih/Documents/Universidad/Segundo Cuatrimestre/Sistemas Distribuidos/Práctica/Entregas/ObligatoriaDistribuidos/tomcat/apache-tomcat-9_2/webapps/ROOT] de la aplicación web
03-May-2023 23:51:01.536 INFORMACIÓN [main] org.apache.catalina.startup.HostConfig.deployDirectory Deployment of web application directory [/home/danih/Documents/Universidad/Segundo Cuatrimestre/Sistemas Distribuidos/Práctica/Entregas/ObligatoriaDistribuidos/tomcat/apache-tomcat-9_2/webapps/ROOT] has finished in [13] ms
03-May-2023 23:51:01.541 INFORMACIÓN [main] org.apache.coyote.AbstractProtocol.start Starting ProtocolHandler ["http-nio-8081"]
03-May-2023 23:51:01.551 INFORMACIÓN [main] org.apache.catalina.startup.Catalina.start Server startup in [2130] milliseconds
03-May-2023 23:53:35.121 INFORMACIÓN [main] org.apache.catalina.core.StandardServer.await Se ha recibido un comando de apagado a través del puerto de apagado. Parando la instancia del Servidor.
03-May-2023 23:53:35.122 INFORMACIÓN [main] org.apache.coyote.AbstractProtocol.pause Pausing ProtocolHandler ["http-nio-8081"]
03-May-2023 23:53:35.124 INFORMACIÓN [main] org.apache.catalina.core.StandardService.stopInternal Parando servicio [Catalina]
03-May-2023 23:53:35.157 INFORMACIÓN [main] org.apache.coyote.AbstractProtocol.stop Stopping ProtocolHandler ["http-nio-8081"]
03-May-2023 23:53:35.172 INFORMACIÓN [main] org.apache.coyote.AbstractProtocol.destroy Destroying ProtocolHandler ["http-nio-8081"]
03-May-2023 23:53:35.810 INFORMACIÓN [main] org.apache.catalina.startup.VersionLoggerListener.log Nombre de la versión del servidor: Apache Tomcat/9.0.73
03-May-2023 23:53:35.816 INFORMACIÓN [main] org.apache.catalina.startup.VersionLoggerListener.log Server built:                      Feb 27 2023 15:33:40 UTC
03-May-2023 23:53:35.816 INFORMACIÓN [main] org.apache.catalina.startup.VersionLoggerListener.log Número de versión de servidor:     9.0.73.0
03-May-2023 23:53:35.816 INFORMACIÓN [main] org.apache.catalina.startup.VersionLoggerListener.log OS Name:                           Linux
03-May-2023 23:53:35.817 INFORMACIÓN [main] org.apache.catalina.startup.VersionLoggerListener.log Versión de Systema Operativo:      6.2.1-arch1-1
03-May-2023 23:53:35.817 INFORMACIÓN [main] org.apache.catalina.startup.VersionLoggerListener.log Arquitectura:                      amd64
03-May-2023 23:53:35.817 INFORMACIÓN [main] org.apache.catalina.startup.VersionLoggerListener.log Java Home:                         /usr/lib/jvm/java-11-openjdk
03-May-2023 23:53:35.817 INFORMACIÓN [main] org.apache.catalina.startup.VersionLoggerListener.log JVM Version:                       11.0.18+10
03-May-2023 23:53:35.817 INFORMACIÓN [main] org.apache.catalina.startup.VersionLoggerListener.log Vededor JVM:                       Oracle Corporation
03-May-2023 23:53:35.817 INFORMACIÓN [main] org.apache.catalina.startup.VersionLoggerListener.log CATALINA_BASE:                     /home/danih/Documents/Universidad/Segundo Cuatrimestre/Sistemas Distribuidos/Práctica/Entregas/ObligatoriaDistribuidos/tomcat/apache-tomcat-9_2
03-May-2023 23:53:35.817 INFORMACIÓN [main] org.apache.catalina.startup.VersionLoggerListener.log CATALINA_HOME:                     /home/danih/Documents/Universidad/Segundo Cuatrimestre/Sistemas Distribuidos/Práctica/Entregas/ObligatoriaDistribuidos/tomcat/apache-tomcat-9_2
03-May-2023 23:53:35.834 INFORMACIÓN [main] org.apache.catalina.startup.VersionLoggerListener.log Command line argument:             --add-opens=java.base/java.lang=ALL-UNNAMED
03-May-2023 23:53:35.835 INFORMACIÓN [main] org.apache.catalina.startup.VersionLoggerListener.log Command line argument:             --add-opens=java.base/java.io=ALL-UNNAMED
03-May-2023 23:53:35.835 INFORMACIÓN [main] org.apache.catalina.startup.VersionLoggerListener.log Command line argument:             --add-opens=java.base/java.util=ALL-UNNAMED
03-May-2023 23:53:35.835 INFORMACIÓN [main] org.apache.catalina.startup.VersionLoggerListener.log Command line argument:             --add-opens=java.base/java.util.concurrent=ALL-UNNAMED
03-May-2023 23:53:35.836 INFORMACIÓN [main] org.apache.catalina.startup.VersionLoggerListener.log Command line argument:             --add-opens=java.rmi/sun.rmi.transport=ALL-UNNAMED
03-May-2023 23:53:35.836 INFORMACIÓN [main] org.apache.catalina.startup.VersionLoggerListener.log Command line argument:             -Djava.util.logging.config.file=/home/danih/Documents/Universidad/Segundo Cuatrimestre/Sistemas Distribuidos/Práctica/Entregas/ObligatoriaDistribuidos/tomcat/apache-tomcat-9_2/conf/logging.properties
03-May-2023 23:53:35.836 INFORMACIÓN [main] org.apache.catalina.startup.VersionLoggerListener.log Command line argument:             -Djava.util.logging.manager=org.apache.juli.ClassLoaderLogManager
03-May-2023 23:53:35.837 INFORMACIÓN [main] org.apache.catalina.startup.VersionLoggerListener.log Command line argument:             -Djdk.tls.ephemeralDHKeySize=2048
03-May-2023 23:53:35.837 INFORMACIÓN [main] org.apache.catalina.startup.VersionLoggerListener.log Command line argument:             -Djava.protocol.handler.pkgs=org.apache.catalina.webresources
03-May-2023 23:53:35.837 INFORMACIÓN [main] org.apache.catalina.startup.VersionLoggerListener.log Command line argument:             -Dorg.apache.catalina.security.SecurityListener.UMASK=0027
03-May-2023 23:53:35.837 INFORMACIÓN [main] org.apache.catalina.startup.VersionLoggerListener.log Command line argument:             -Dignore.endorsed.dirs=
03-May-2023 23:53:35.837 INFORMACIÓN [main] org.apache.catalina.startup.VersionLoggerListener.log Command line argument:             -Dcatalina.base=/home/danih/Documents/Universidad/Segundo Cuatrimestre/Sistemas Distribuidos/Práctica/Entregas/ObligatoriaDistribuidos/tomcat/apache-tomcat-9_2
03-May-2023 23:53:35.837 INFORMACIÓN [main] org.apache.catalina.startup.VersionLoggerListener.log Command line argument:             -Dcatalina.home=/home/danih/Documents/Universidad/Segundo Cuatrimestre/Sistemas Distribuidos/Práctica/Entregas/ObligatoriaDistribuidos/tomcat/apache-tomcat-9_2
03-May-2023 23:53:35.837 INFORMACIÓN [main] org.apache.catalina.startup.VersionLoggerListener.log Command line argument:             -Djava.io.tmpdir=/home/danih/Documents/Universidad/Segundo Cuatrimestre/Sistemas Distribuidos/Práctica/Entregas/ObligatoriaDistribuidos/tomcat/apache-tomcat-9_2/temp
03-May-2023 23:53:35.839 INFORMACIÓN [main] org.apache.catalina.core.AprLifecycleListener.lifecycleEvent La biblioteca nativa de Apache Tomcat basada en ARP que permite un rendimiento óptimo en entornos de desarrollo no ha sido hallada en java.library.path: [/usr/local/lib64::/usr/java/packages/lib:/usr/lib64:/lib64:/lib:/usr/lib]
03-May-2023 23:53:36.186 INFORMACIÓN [main] org.apache.coyote.AbstractProtocol.init Inicializando el manejador de protocolo ["http-nio-8081"]

03-May-2023 23:53:36.213 INFORMACIÓN [main] org.apache.catalina.startup.Catalina.load Server initialization in [732] milliseconds
03-May-2023 23:53:36.289 INFORMACIÓN [main] org.apache.catalina.core.StandardService.startInternal Arrancando servicio [Catalina]
03-May-2023 23:53:36.289 INFORMACIÓN [main] org.apache.catalina.core.StandardEngine.startInternal Starting Servlet engine: [Apache Tomcat/9.0.73]
03-May-2023 23:53:36.304 INFORMACIÓN [main] org.apache.catalina.startup.HostConfig.deployWAR Despliegue del archivo [/home/danih/Documents/Universidad/Segundo Cuatrimestre/Sistemas Distribuidos/Práctica/Entregas/ObligatoriaDistribuidos/tomcat/apache-tomcat-9_2/webapps/ssdd.war] de la aplicación web
03-May-2023 23:53:36.321 INFORMACIÓN [main] org.apache.catalina.startup.ExpandWar.expand An expanded directory [/home/danih/Documents/Universidad/Segundo Cuatrimestre/Sistemas Distribuidos/Práctica/Entregas/ObligatoriaDistribuidos/tomcat/apache-tomcat-9_2/webapps/ssdd] was found with a last modified time that did not match the associated WAR. It will be deleted.
03-May-2023 23:53:37.128 INFORMACIÓN [main] org.apache.jasper.servlet.TldScanner.scanJars Al menos un JAR, que se ha explorado buscando TLDs, aún no contenía TLDs. Activar historial de depuración para este historiador para una completa lista de los JARs que fueron explorados y de los que nos se halló TLDs. Saltarse JARs no necesarios durante la exploración puede dar lugar a una mejora de tiempo significativa en el arranque y compilación de JSP .
03-May-2023 23:53:37.618 ADVERTENCIA [main] org.glassfish.jersey.server.wadl.WadlFeature.configure JAXBContext implementation could not be found. WADL feature is disabled.
03-May-2023 23:53:37.911 INFORMACIÓN [main] org.apache.catalina.startup.HostConfig.deployWAR Deployment of web application archive [/home/danih/Documents/Universidad/Segundo Cuatrimestre/Sistemas Distribuidos/Práctica/Entregas/ObligatoriaDistribuidos/tomcat/apache-tomcat-9_2/webapps/ssdd.war] has finished in [1.607] ms
03-May-2023 23:53:37.912 INFORMACIÓN [main] org.apache.catalina.startup.HostConfig.deployDirectory Desplegando el directorio [/home/danih/Documents/Universidad/Segundo Cuatrimestre/Sistemas Distribuidos/Práctica/Entregas/ObligatoriaDistribuidos/tomcat/apache-tomcat-9_2/webapps/examples] de la aplicación web
03-May-2023 23:53:38.060 INFORMACIÓN [main] org.apache.catalina.startup.HostConfig.deployDirectory Deployment of web application directory [/home/danih/Documents/Universidad/Segundo Cuatrimestre/Sistemas Distribuidos/Práctica/Entregas/ObligatoriaDistribuidos/tomcat/apache-tomcat-9_2/webapps/examples] has finished in [148] ms
03-May-2023 23:53:38.060 INFORMACIÓN [main] org.apache.catalina.startup.HostConfig.deployDirectory Desplegando el directorio [/home/danih/Documents/Universidad/Segundo Cuatrimestre/Sistemas Distribuidos/Práctica/Entregas/ObligatoriaDistribuidos/tomcat/apache-tomcat-9_2/webapps/manager] de la aplicación web
03-May-2023 23:53:38.085 INFORMACIÓN [main] org.apache.catalina.startup.HostConfig.deployDirectory Deployment of web application directory [/home/danih/Documents/Universidad/Segundo Cuatrimestre/Sistemas Distribuidos/Práctica/Entregas/ObligatoriaDistribuidos/tomcat/apache-tomcat-9_2/webapps/manager] has finished in [24] ms
03-May-2023 23:53:38.085 INFORMACIÓN [main] org.apache.catalina.startup.HostConfig.deployDirectory Desplegando el directorio [/home/danih/Documents/Universidad/Segundo Cuatrimestre/Sistemas Distribuidos/Práctica/Entregas/ObligatoriaDistribuidos/tomcat/apache-tomcat-9_2/webapps/docs] de la aplicación web
03-May-2023 23:53:38.102 INFORMACIÓN [main] org.apache.catalina.startup.HostConfig.deployDirectory Deployment of web application directory [/home/danih/Documents/Universidad/Segundo Cuatrimestre/Sistemas Distribuidos/Práctica/Entregas/ObligatoriaDistribuidos/tomcat/apache-tomcat-9_2/webapps/docs] has finished in [17] ms
03-May-2023 23:53:38.102 INFORMACIÓN [main] org.apache.catalina.startup.HostConfig.deployDirectory Desplegando el directorio [/home/danih/Documents/Universidad/Segundo Cuatrimestre/Sistemas Distribuidos/Práctica/Entregas/ObligatoriaDistribuidos/tomcat/apache-tomcat-9_2/webapps/host-manager] de la aplicación web
03-May-2023 23:53:38.119 INFORMACIÓN [main] org.apache.catalina.startup.HostConfig.deployDirectory Deployment of web application directory [/home/danih/Documents/Universidad/Segundo Cuatrimestre/Sistemas Distribuidos/Práctica/Entregas/ObligatoriaDistribuidos/tomcat/apache-tomcat-9_2/webapps/host-manager] has finished in [17] ms
03-May-2023 23:53:38.119 INFORMACIÓN [main] org.apache.catalina.startup.HostConfig.deployDirectory Desplegando el directorio [/home/danih/Documents/Universidad/Segundo Cuatrimestre/Sistemas Distribuidos/Práctica/Entregas/ObligatoriaDistribuidos/tomcat/apache-tomcat-9_2/webapps/ROOT] de la aplicación web
03-May-2023 23:53:38.133 INFORMACIÓN [main] org.apache.catalina.startup.HostConfig.deployDirectory Deployment of web application directory [/home/danih/Documents/Universidad/Segundo Cuatrimestre/Sistemas Distribuidos/Práctica/Entregas/ObligatoriaDistribuidos/tomcat/apache-tomcat-9_2/webapps/ROOT] has finished in [14] ms
03-May-2023 23:53:38.138 INFORMACIÓN [main] org.apache.coyote.AbstractProtocol.start Starting ProtocolHandler ["http-nio-8081"]
03-May-2023 23:53:38.152 INFORMACIÓN [main] org.apache.catalina.startup.Catalina.start Server startup in [1938] milliseconds
03-May-2023 23:53:39.937 INFORMACIÓN [main] org.apache.catalina.core.StandardServer.await Se ha recibido un comando de apagado a través del puerto de apagado. Parando la instancia del Servidor.
03-May-2023 23:53:39.938 INFORMACIÓN [main] org.apache.coyote.AbstractProtocol.pause Pausing ProtocolHandler ["http-nio-8081"]
03-May-2023 23:53:39.942 INFORMACIÓN [main] org.apache.catalina.core.StandardService.stopInternal Parando servicio [Catalina]
03-May-2023 23:53:39.986 INFORMACIÓN [main] org.apache.coyote.AbstractProtocol.stop Stopping ProtocolHandler ["http-nio-8081"]
03-May-2023 23:53:39.999 INFORMACIÓN [main] org.apache.coyote.AbstractProtocol.destroy Destroying ProtocolHandler ["http-nio-8081"]
03-May-2023 23:53:40.675 INFORMACIÓN [main] org.apache.catalina.startup.VersionLoggerListener.log Nombre de la versión del servidor: Apache Tomcat/9.0.73
03-May-2023 23:53:40.680 INFORMACIÓN [main] org.apache.catalina.startup.VersionLoggerListener.log Server built:                      Feb 27 2023 15:33:40 UTC
03-May-2023 23:53:40.681 INFORMACIÓN [main] org.apache.catalina.startup.VersionLoggerListener.log Número de versión de servidor:     9.0.73.0
03-May-2023 23:53:40.681 INFORMACIÓN [main] org.apache.catalina.startup.VersionLoggerListener.log OS Name:                           Linux
03-May-2023 23:53:40.681 INFORMACIÓN [main] org.apache.catalina.startup.VersionLoggerListener.log Versión de Systema Operativo:      6.2.1-arch1-1
03-May-2023 23:53:40.681 INFORMACIÓN [main] org.apache.catalina.startup.VersionLoggerListener.log Arquitectura:                      amd64
03-May-2023 23:53:40.681 INFORMACIÓN [main] org.apache.catalina.startup.VersionLoggerListener.log Java Home:                         /usr/lib/jvm/java-11-openjdk
03-May-2023 23:53:40.681 INFORMACIÓN [main] org.apache.catalina.startup.VersionLoggerListener.log JVM Version:                       11.0.18+10
03-May-2023 23:53:40.681 INFORMACIÓN [main] org.apache.catalina.startup.VersionLoggerListener.log Vededor JVM:                       Oracle Corporation
03-May-2023 23:53:40.681 INFORMACIÓN [main] org.apache.catalina.startup.VersionLoggerListener.log CATALINA_BASE:                     /home/danih/Documents/Universidad/Segundo Cuatrimestre/Sistemas Distribuidos/Práctica/Entregas/ObligatoriaDistribuidos/tomcat/apache-tomcat-9_2
03-May-2023 23:53:40.682 INFORMACIÓN [main] org.apache.catalina.startup.VersionLoggerListener.log CATALINA_HOME:                     /home/danih/Documents/Universidad/Segundo Cuatrimestre/Sistemas Distribuidos/Práctica/Entregas/ObligatoriaDistribuidos/tomcat/apache-tomcat-9_2
03-May-2023 23:53:40.701 INFORMACIÓN [main] org.apache.catalina.startup.VersionLoggerListener.log Command line argument:             --add-opens=java.base/java.lang=ALL-UNNAMED
03-May-2023 23:53:40.701 INFORMACIÓN [main] org.apache.catalina.startup.VersionLoggerListener.log Command line argument:             --add-opens=java.base/java.io=ALL-UNNAMED
03-May-2023 23:53:40.701 INFORMACIÓN [main] org.apache.catalina.startup.VersionLoggerListener.log Command line argument:             --add-opens=java.base/java.util=ALL-UNNAMED
03-May-2023 23:53:40.702 INFORMACIÓN [main] org.apache.catalina.startup.VersionLoggerListener.log Command line argument:             --add-opens=java.base/java.util.concurrent=ALL-UNNAMED
03-May-2023 23:53:40.702 INFORMACIÓN [main] org.apache.catalina.startup.VersionLoggerListener.log Command line argument:             --add-opens=java.rmi/sun.rmi.transport=ALL-UNNAMED
03-May-2023 23:53:40.702 INFORMACIÓN [main] org.apache.catalina.startup.VersionLoggerListener.log Command line argument:             -Djava.util.logging.config.file=/home/danih/Documents/Universidad/Segundo Cuatrimestre/Sistemas Distribuidos/Práctica/Entregas/ObligatoriaDistribuidos/tomcat/apache-tomcat-9_2/conf/logging.properties
03-May-2023 23:53:40.702 INFORMACIÓN [main] org.apache.catalina.startup.VersionLoggerListener.log Command line argument:             -Djava.util.logging.manager=org.apache.juli.ClassLoaderLogManager
03-May-2023 23:53:40.703 INFORMACIÓN [main] org.apache.catalina.startup.VersionLoggerListener.log Command line argument:             -Djdk.tls.ephemeralDHKeySize=2048
03-May-2023 23:53:40.704 INFORMACIÓN [main] org.apache.catalina.startup.VersionLoggerListener.log Command line argument:             -Djava.protocol.handler.pkgs=org.apache.catalina.webresources
03-May-2023 23:53:40.704 INFORMACIÓN [main] org.apache.catalina.startup.VersionLoggerListener.log Command line argument:             -Dorg.apache.catalina.security.SecurityListener.UMASK=0027
03-May-2023 23:53:40.704 INFORMACIÓN [main] org.apache.catalina.startup.VersionLoggerListener.log Command line argument:             -Dignore.endorsed.dirs=
03-May-2023 23:53:40.704 INFORMACIÓN [main] org.apache.catalina.startup.VersionLoggerListener.log Command line argument:             -Dcatalina.base=/home/danih/Documents/Universidad/Segundo Cuatrimestre/Sistemas Distribuidos/Práctica/Entregas/ObligatoriaDistribuidos/tomcat/apache-tomcat-9_2
03-May-2023 23:53:40.704 INFORMACIÓN [main] org.apache.catalina.startup.VersionLoggerListener.log Command line argument:             -Dcatalina.home=/home/danih/Documents/Universidad/Segundo Cuatrimestre/Sistemas Distribuidos/Práctica/Entregas/ObligatoriaDistribuidos/tomcat/apache-tomcat-9_2
03-May-2023 23:53:40.704 INFORMACIÓN [main] org.apache.catalina.startup.VersionLoggerListener.log Command line argument:             -Djava.io.tmpdir=/home/danih/Documents/Universidad/Segundo Cuatrimestre/Sistemas Distribuidos/Práctica/Entregas/ObligatoriaDistribuidos/tomcat/apache-tomcat-9_2/temp
03-May-2023 23:53:40.706 INFORMACIÓN [main] org.apache.catalina.core.AprLifecycleListener.lifecycleEvent La biblioteca nativa de Apache Tomcat basada en ARP que permite un rendimiento óptimo en entornos de desarrollo no ha sido hallada en java.library.path: [/usr/local/lib64::/usr/java/packages/lib:/usr/lib64:/lib64:/lib:/usr/lib]
03-May-2023 23:53:41.155 INFORMACIÓN [main] org.apache.coyote.AbstractProtocol.init Inicializando el manejador de protocolo ["http-nio-8081"]

03-May-2023 23:53:41.189 INFORMACIÓN [main] org.apache.catalina.startup.Catalina.load Server initialization in [862] milliseconds
03-May-2023 23:53:41.269 INFORMACIÓN [main] org.apache.catalina.core.StandardService.startInternal Arrancando servicio [Catalina]
03-May-2023 23:53:41.269 INFORMACIÓN [main] org.apache.catalina.core.StandardEngine.startInternal Starting Servlet engine: [Apache Tomcat/9.0.73]
03-May-2023 23:53:41.289 INFORMACIÓN [main] org.apache.catalina.startup.HostConfig.deployWAR Despliegue del archivo [/home/danih/Documents/Universidad/Segundo Cuatrimestre/Sistemas Distribuidos/Práctica/Entregas/ObligatoriaDistribuidos/tomcat/apache-tomcat-9_2/webapps/ssdd.war] de la aplicación web
03-May-2023 23:53:41.322 INFORMACIÓN [main] org.apache.catalina.startup.ExpandWar.expand An expanded directory [/home/danih/Documents/Universidad/Segundo Cuatrimestre/Sistemas Distribuidos/Práctica/Entregas/ObligatoriaDistribuidos/tomcat/apache-tomcat-9_2/webapps/ssdd] was found with a last modified time that did not match the associated WAR. It will be deleted.
03-May-2023 23:53:42.144 INFORMACIÓN [main] org.apache.jasper.servlet.TldScanner.scanJars Al menos un JAR, que se ha explorado buscando TLDs, aún no contenía TLDs. Activar historial de depuración para este historiador para una completa lista de los JARs que fueron explorados y de los que nos se halló TLDs. Saltarse JARs no necesarios durante la exploración puede dar lugar a una mejora de tiempo significativa en el arranque y compilación de JSP .
03-May-2023 23:53:42.591 ADVERTENCIA [main] org.glassfish.jersey.server.wadl.WadlFeature.configure JAXBContext implementation could not be found. WADL feature is disabled.
03-May-2023 23:53:42.902 INFORMACIÓN [main] org.apache.catalina.startup.HostConfig.deployWAR Deployment of web application archive [/home/danih/Documents/Universidad/Segundo Cuatrimestre/Sistemas Distribuidos/Práctica/Entregas/ObligatoriaDistribuidos/tomcat/apache-tomcat-9_2/webapps/ssdd.war] has finished in [1.612] ms
03-May-2023 23:53:42.903 INFORMACIÓN [main] org.apache.catalina.startup.HostConfig.deployDirectory Desplegando el directorio [/home/danih/Documents/Universidad/Segundo Cuatrimestre/Sistemas Distribuidos/Práctica/Entregas/ObligatoriaDistribuidos/tomcat/apache-tomcat-9_2/webapps/examples] de la aplicación web
03-May-2023 23:53:43.115 INFORMACIÓN [main] org.apache.catalina.startup.HostConfig.deployDirectory Deployment of web application directory [/home/danih/Documents/Universidad/Segundo Cuatrimestre/Sistemas Distribuidos/Práctica/Entregas/ObligatoriaDistribuidos/tomcat/apache-tomcat-9_2/webapps/examples] has finished in [212] ms
03-May-2023 23:53:43.115 INFORMACIÓN [main] org.apache.catalina.startup.HostConfig.deployDirectory Desplegando el directorio [/home/danih/Documents/Universidad/Segundo Cuatrimestre/Sistemas Distribuidos/Práctica/Entregas/ObligatoriaDistribuidos/tomcat/apache-tomcat-9_2/webapps/manager] de la aplicación web
03-May-2023 23:53:43.149 INFORMACIÓN [main] org.apache.catalina.startup.HostConfig.deployDirectory Deployment of web application directory [/home/danih/Documents/Universidad/Segundo Cuatrimestre/Sistemas Distribuidos/Práctica/Entregas/ObligatoriaDistribuidos/tomcat/apache-tomcat-9_2/webapps/manager] has finished in [33] ms
03-May-2023 23:53:43.149 INFORMACIÓN [main] org.apache.catalina.startup.HostConfig.deployDirectory Desplegando el directorio [/home/danih/Documents/Universidad/Segundo Cuatrimestre/Sistemas Distribuidos/Práctica/Entregas/ObligatoriaDistribuidos/tomcat/apache-tomcat-9_2/webapps/docs] de la aplicación web
03-May-2023 23:53:43.171 INFORMACIÓN [main] org.apache.catalina.startup.HostConfig.deployDirectory Deployment of web application directory [/home/danih/Documents/Universidad/Segundo Cuatrimestre/Sistemas Distribuidos/Práctica/Entregas/ObligatoriaDistribuidos/tomcat/apache-tomcat-9_2/webapps/docs] has finished in [22] ms
03-May-2023 23:53:43.172 INFORMACIÓN [main] org.apache.catalina.startup.HostConfig.deployDirectory Desplegando el directorio [/home/danih/Documents/Universidad/Segundo Cuatrimestre/Sistemas Distribuidos/Práctica/Entregas/ObligatoriaDistribuidos/tomcat/apache-tomcat-9_2/webapps/host-manager] de la aplicación web
03-May-2023 23:53:43.194 INFORMACIÓN [main] org.apache.catalina.startup.HostConfig.deployDirectory Deployment of web application directory [/home/danih/Documents/Universidad/Segundo Cuatrimestre/Sistemas Distribuidos/Práctica/Entregas/ObligatoriaDistribuidos/tomcat/apache-tomcat-9_2/webapps/host-manager] has finished in [22] ms
03-May-2023 23:53:43.195 INFORMACIÓN [main] org.apache.catalina.startup.HostConfig.deployDirectory Desplegando el directorio [/home/danih/Documents/Universidad/Segundo Cuatrimestre/Sistemas Distribuidos/Práctica/Entregas/ObligatoriaDistribuidos/tomcat/apache-tomcat-9_2/webapps/ROOT] de la aplicación web
03-May-2023 23:53:43.210 INFORMACIÓN [main] org.apache.catalina.startup.HostConfig.deployDirectory Deployment of web application directory [/home/danih/Documents/Universidad/Segundo Cuatrimestre/Sistemas Distribuidos/Práctica/Entregas/ObligatoriaDistribuidos/tomcat/apache-tomcat-9_2/webapps/ROOT] has finished in [15] ms
03-May-2023 23:53:43.216 INFORMACIÓN [main] org.apache.coyote.AbstractProtocol.start Starting ProtocolHandler ["http-nio-8081"]
03-May-2023 23:53:43.228 INFORMACIÓN [main] org.apache.catalina.startup.Catalina.start Server startup in [2038] milliseconds
