22-Apr-2023 16:34:05.889 INFO [main] org.apache.catalina.core.ApplicationContext.log ContextListener: contextInitialized()
22-Apr-2023 16:34:05.889 INFO [main] org.apache.catalina.core.ApplicationContext.log SessionListener: contextInitialized()
22-Apr-2023 16:34:05.890 INFO [main] org.apache.catalina.core.ApplicationContext.log ContextListener: attributeAdded('StockTicker', 'async.Stockticker@4fedf908')
22-Apr-2023 16:37:37.535 INFO [Thread-1] org.apache.catalina.core.ApplicationContext.log SessionListener: contextDestroyed()
22-Apr-2023 16:37:37.535 INFO [Thread-1] org.apache.catalina.core.ApplicationContext.log ContextListener: contextDestroyed()
22-Apr-2023 16:40:27.939 INFO [main] org.apache.catalina.core.ApplicationContext.log ContextListener: contextInitialized()
22-Apr-2023 16:40:27.939 INFO [main] org.apache.catalina.core.ApplicationContext.log SessionListener: contextInitialized()
22-Apr-2023 16:40:27.940 INFO [main] org.apache.catalina.core.ApplicationContext.log ContextListener: attributeAdded('StockTicker', 'async.Stockticker@70777a65')
22-Apr-2023 17:33:28.417 INFO [Thread-1] org.apache.catalina.core.ApplicationContext.log SessionListener: contextDestroyed()
22-Apr-2023 17:33:28.417 INFO [Thread-1] org.apache.catalina.core.ApplicationContext.log ContextListener: contextDestroyed()
22-Apr-2023 22:32:25.106 INFO [main] org.apache.catalina.core.ApplicationContext.log ContextListener: contextInitialized()
22-Apr-2023 22:32:25.106 INFO [main] org.apache.catalina.core.ApplicationContext.log SessionListener: contextInitialized()
22-Apr-2023 22:32:25.107 INFO [main] org.apache.catalina.core.ApplicationContext.log ContextListener: attributeAdded('StockTicker', 'async.Stockticker@160c7c42')
22-Apr-2023 22:32:25.151 INFO [main] org.apache.catalina.core.ApplicationContext.log SessionListener: contextDestroyed()
22-Apr-2023 22:32:25.151 INFO [main] org.apache.catalina.core.ApplicationContext.log ContextListener: contextDestroyed()
22-Apr-2023 22:36:49.831 INFO [main] org.apache.catalina.core.ApplicationContext.log ContextListener: contextInitialized()
22-Apr-2023 22:36:49.831 INFO [main] org.apache.catalina.core.ApplicationContext.log SessionListener: contextInitialized()
22-Apr-2023 22:36:49.832 INFO [main] org.apache.catalina.core.ApplicationContext.log ContextListener: attributeAdded('StockTicker', 'async.Stockticker@236fd411')
22-Apr-2023 22:37:32.222 INFO [main] org.apache.catalina.core.ApplicationContext.log ContextListener: contextInitialized()
22-Apr-2023 22:37:32.223 INFO [main] org.apache.catalina.core.ApplicationContext.log SessionListener: contextInitialized()
22-Apr-2023 22:37:32.223 INFO [main] org.apache.catalina.core.ApplicationContext.log ContextListener: attributeAdded('StockTicker', 'async.Stockticker@1dbeedff')
22-Apr-2023 22:38:09.340 SEVERE [http-nio-8081-exec-3] org.apache.catalina.core.StandardWrapperValve.invoke Servlet.service() for servlet [Jersey REST Service] in context with path [/ssdd] threw exception [javax.ws.rs.ProcessingException: java.net.ConnectException: Conexión rehusada] with root cause
	java.net.ConnectException: Conexión rehusada
		at java.base/sun.nio.ch.Net.connect0(Native Method)
		at java.base/sun.nio.ch.Net.connect(Net.java:579)
		at java.base/sun.nio.ch.Net.connect(Net.java:568)
		at java.base/sun.nio.ch.NioSocketImpl.connect(NioSocketImpl.java:588)
		at java.base/java.net.Socket.connect(Socket.java:633)
		at java.base/sun.net.NetworkClient.doConnect(NetworkClient.java:178)
		at java.base/sun.net.www.http.HttpClient.openServer(HttpClient.java:531)
		at java.base/sun.net.www.http.HttpClient.openServer(HttpClient.java:636)
		at java.base/sun.net.www.http.HttpClient.<init>(HttpClient.java:279)
		at java.base/sun.net.www.http.HttpClient.New(HttpClient.java:384)
		at java.base/sun.net.www.http.HttpClient.New(HttpClient.java:406)
		at java.base/sun.net.www.protocol.http.HttpURLConnection.getNewHttpClient(HttpURLConnection.java:1309)
		at java.base/sun.net.www.protocol.http.HttpURLConnection.plainConnect0(HttpURLConnection.java:1242)
		at java.base/sun.net.www.protocol.http.HttpURLConnection.plainConnect(HttpURLConnection.java:1128)
		at java.base/sun.net.www.protocol.http.HttpURLConnection.connect(HttpURLConnection.java:1057)
		at java.base/sun.net.www.protocol.http.HttpURLConnection.getInputStream0(HttpURLConnection.java:1665)
		at java.base/sun.net.www.protocol.http.HttpURLConnection.getInputStream(HttpURLConnection.java:1589)
		at java.base/java.net.HttpURLConnection.getResponseCode(HttpURLConnection.java:529)
		at org.glassfish.jersey.client.internal.HttpUrlConnector._apply(HttpUrlConnector.java:380)
		at org.glassfish.jersey.client.internal.HttpUrlConnector.apply(HttpUrlConnector.java:268)
		at org.glassfish.jersey.client.ClientRuntime.invoke(ClientRuntime.java:300)
		at org.glassfish.jersey.client.JerseyInvocation.lambda$invoke$1(JerseyInvocation.java:675)
		at org.glassfish.jersey.client.JerseyInvocation.call(JerseyInvocation.java:697)
		at org.glassfish.jersey.client.JerseyInvocation.lambda$runInScope$3(JerseyInvocation.java:691)
		at org.glassfish.jersey.internal.Errors.process(Errors.java:292)
		at org.glassfish.jersey.internal.Errors.process(Errors.java:274)
		at org.glassfish.jersey.internal.Errors.process(Errors.java:205)
		at org.glassfish.jersey.process.internal.RequestScope.runInScope(RequestScope.java:390)
		at org.glassfish.jersey.client.JerseyInvocation.runInScope(JerseyInvocation.java:691)
		at org.glassfish.jersey.client.JerseyInvocation.invoke(JerseyInvocation.java:674)
		at org.glassfish.jersey.client.JerseyInvocation$Builder.method(JerseyInvocation.java:422)
		at org.glassfish.jersey.client.JerseyInvocation$Builder.get(JerseyInvocation.java:318)
		at util.ClientHelper.run(ClientHelper.java:40)
		at util.ClientHelper.requestEntry(ClientHelper.java:56)
		at ssdd.Process.start(Process.java:79)
		at java.base/jdk.internal.reflect.NativeMethodAccessorImpl.invoke0(Native Method)
		at java.base/jdk.internal.reflect.NativeMethodAccessorImpl.invoke(NativeMethodAccessorImpl.java:77)
		at java.base/jdk.internal.reflect.DelegatingMethodAccessorImpl.invoke(DelegatingMethodAccessorImpl.java:43)
		at java.base/java.lang.reflect.Method.invoke(Method.java:568)
		at org.glassfish.jersey.server.model.internal.ResourceMethodInvocationHandlerFactory.lambda$static$0(ResourceMethodInvocationHandlerFactory.java:52)
		at org.glassfish.jersey.server.model.internal.AbstractJavaResourceMethodDispatcher$1.run(AbstractJavaResourceMethodDispatcher.java:134)
		at org.glassfish.jersey.server.model.internal.AbstractJavaResourceMethodDispatcher.invoke(AbstractJavaResourceMethodDispatcher.java:177)
		at org.glassfish.jersey.server.model.internal.JavaResourceMethodDispatcherProvider$TypeOutInvoker.doDispatch(JavaResourceMethodDispatcherProvider.java:219)
		at org.glassfish.jersey.server.model.internal.AbstractJavaResourceMethodDispatcher.dispatch(AbstractJavaResourceMethodDispatcher.java:81)
		at org.glassfish.jersey.server.model.ResourceMethodInvoker.invoke(ResourceMethodInvoker.java:478)
		at org.glassfish.jersey.server.model.ResourceMethodInvoker.apply(ResourceMethodInvoker.java:400)
		at org.glassfish.jersey.server.model.ResourceMethodInvoker.apply(ResourceMethodInvoker.java:81)
		at org.glassfish.jersey.server.ServerRuntime$1.run(ServerRuntime.java:256)
		at org.glassfish.jersey.internal.Errors$1.call(Errors.java:248)
		at org.glassfish.jersey.internal.Errors$1.call(Errors.java:244)
		at org.glassfish.jersey.internal.Errors.process(Errors.java:292)
		at org.glassfish.jersey.internal.Errors.process(Errors.java:274)
		at org.glassfish.jersey.internal.Errors.process(Errors.java:244)
		at org.glassfish.jersey.process.internal.RequestScope.runInScope(RequestScope.java:265)
		at org.glassfish.jersey.server.ServerRuntime.process(ServerRuntime.java:235)
		at org.glassfish.jersey.server.ApplicationHandler.handle(ApplicationHandler.java:684)
		at org.glassfish.jersey.servlet.WebComponent.serviceImpl(WebComponent.java:394)
		at org.glassfish.jersey.servlet.WebComponent.service(WebComponent.java:346)
		at org.glassfish.jersey.servlet.ServletContainer.service(ServletContainer.java:358)
		at org.glassfish.jersey.servlet.ServletContainer.service(ServletContainer.java:311)
		at org.glassfish.jersey.servlet.ServletContainer.service(ServletContainer.java:205)
		at org.apache.catalina.core.ApplicationFilterChain.internalDoFilter(ApplicationFilterChain.java:209)
		at org.apache.catalina.core.ApplicationFilterChain.doFilter(ApplicationFilterChain.java:153)
		at org.apache.tomcat.websocket.server.WsFilter.doFilter(WsFilter.java:53)
		at org.apache.catalina.core.ApplicationFilterChain.internalDoFilter(ApplicationFilterChain.java:178)
		at org.apache.catalina.core.ApplicationFilterChain.doFilter(ApplicationFilterChain.java:153)
		at org.apache.catalina.core.StandardWrapperValve.invoke(StandardWrapperValve.java:167)
		at org.apache.catalina.core.StandardContextValve.invoke(StandardContextValve.java:90)
		at org.apache.catalina.authenticator.AuthenticatorBase.invoke(AuthenticatorBase.java:492)
		at org.apache.catalina.core.StandardHostValve.invoke(StandardHostValve.java:130)
		at org.apache.catalina.valves.ErrorReportValve.invoke(ErrorReportValve.java:93)
		at org.apache.catalina.valves.AbstractAccessLogValve.invoke(AbstractAccessLogValve.java:673)
		at org.apache.catalina.core.StandardEngineValve.invoke(StandardEngineValve.java:74)
		at org.apache.catalina.connector.CoyoteAdapter.service(CoyoteAdapter.java:343)
		at org.apache.coyote.http11.Http11Processor.service(Http11Processor.java:389)
		at org.apache.coyote.AbstractProcessorLight.process(AbstractProcessorLight.java:63)
		at org.apache.coyote.AbstractProtocol$ConnectionHandler.process(AbstractProtocol.java:926)
		at org.apache.tomcat.util.net.NioEndpoint$SocketProcessor.doRun(NioEndpoint.java:1791)
		at org.apache.tomcat.util.net.SocketProcessorBase.run(SocketProcessorBase.java:49)
		at org.apache.tomcat.util.threads.ThreadPoolExecutor.runWorker(ThreadPoolExecutor.java:1191)
		at org.apache.tomcat.util.threads.ThreadPoolExecutor$Worker.run(ThreadPoolExecutor.java:659)
		at org.apache.tomcat.util.threads.TaskThread$WrappingRunnable.run(TaskThread.java:61)
		at java.base/java.lang.Thread.run(Thread.java:833)
22-Apr-2023 22:43:23.632 INFO [main] org.apache.catalina.core.ApplicationContext.log ContextListener: contextInitialized()
22-Apr-2023 22:43:23.632 INFO [main] org.apache.catalina.core.ApplicationContext.log SessionListener: contextInitialized()
22-Apr-2023 22:43:23.633 INFO [main] org.apache.catalina.core.ApplicationContext.log ContextListener: attributeAdded('StockTicker', 'async.Stockticker@13ee97af')
22-Apr-2023 22:43:23.685 INFO [main] org.apache.catalina.core.ApplicationContext.log SessionListener: contextDestroyed()
22-Apr-2023 22:43:23.685 INFO [main] org.apache.catalina.core.ApplicationContext.log ContextListener: contextDestroyed()
22-Apr-2023 22:44:09.152 INFO [main] org.apache.catalina.core.ApplicationContext.log ContextListener: contextInitialized()
22-Apr-2023 22:44:09.152 INFO [main] org.apache.catalina.core.ApplicationContext.log SessionListener: contextInitialized()
22-Apr-2023 22:44:09.152 INFO [main] org.apache.catalina.core.ApplicationContext.log ContextListener: attributeAdded('StockTicker', 'async.Stockticker@7c4ca87c')
22-Apr-2023 22:44:09.206 INFO [main] org.apache.catalina.core.ApplicationContext.log SessionListener: contextDestroyed()
22-Apr-2023 22:44:09.206 INFO [main] org.apache.catalina.core.ApplicationContext.log ContextListener: contextDestroyed()
22-Apr-2023 22:44:28.490 INFO [main] org.apache.catalina.core.ApplicationContext.log ContextListener: contextInitialized()
22-Apr-2023 22:44:28.490 INFO [main] org.apache.catalina.core.ApplicationContext.log SessionListener: contextInitialized()
22-Apr-2023 22:44:28.490 INFO [main] org.apache.catalina.core.ApplicationContext.log ContextListener: attributeAdded('StockTicker', 'async.Stockticker@3129299f')
22-Apr-2023 23:08:10.882 INFO [main] org.apache.catalina.core.ApplicationContext.log ContextListener: contextInitialized()
22-Apr-2023 23:08:10.882 INFO [main] org.apache.catalina.core.ApplicationContext.log SessionListener: contextInitialized()
22-Apr-2023 23:08:10.882 INFO [main] org.apache.catalina.core.ApplicationContext.log ContextListener: attributeAdded('StockTicker', 'async.Stockticker@40863800')
22-Apr-2023 23:37:34.160 INFO [main] org.apache.catalina.core.ApplicationContext.log ContextListener: contextInitialized()
22-Apr-2023 23:37:34.161 INFO [main] org.apache.catalina.core.ApplicationContext.log SessionListener: contextInitialized()
22-Apr-2023 23:37:34.161 INFO [main] org.apache.catalina.core.ApplicationContext.log ContextListener: attributeAdded('StockTicker', 'async.Stockticker@5bb99d1d')
22-Apr-2023 23:42:26.502 INFO [main] org.apache.catalina.core.ApplicationContext.log ContextListener: contextInitialized()
22-Apr-2023 23:42:26.502 INFO [main] org.apache.catalina.core.ApplicationContext.log SessionListener: contextInitialized()
22-Apr-2023 23:42:26.503 INFO [main] org.apache.catalina.core.ApplicationContext.log ContextListener: attributeAdded('StockTicker', 'async.Stockticker@7df3da0b')
