09-May-2023 15:59:30.658 INFORMACIÓN [main] org.apache.catalina.core.ApplicationContext.log ContextListener: contextInitialized()
09-May-2023 15:59:30.658 INFORMACIÓN [main] org.apache.catalina.core.ApplicationContext.log SessionListener: contextInitialized()
09-May-2023 15:59:30.660 INFORMACIÓN [main] org.apache.catalina.core.ApplicationContext.log ContextListener: attributeAdded('StockTicker', 'async.Stockticker@160c7c42')
09-May-2023 16:16:56.860 INFORMACIÓN [main] org.apache.catalina.core.ApplicationContext.log SessionListener: contextDestroyed()
09-May-2023 16:16:56.860 INFORMACIÓN [main] org.apache.catalina.core.ApplicationContext.log ContextListener: contextDestroyed()
09-May-2023 16:17:00.550 INFORMACIÓN [main] org.apache.catalina.core.ApplicationContext.log ContextListener: contextInitialized()
09-May-2023 16:17:00.550 INFORMACIÓN [main] org.apache.catalina.core.ApplicationContext.log SessionListener: contextInitialized()
09-May-2023 16:17:00.552 INFORMACIÓN [main] org.apache.catalina.core.ApplicationContext.log ContextListener: attributeAdded('StockTicker', 'async.Stockticker@54941dfd')
09-May-2023 16:31:00.722 INFORMACIÓN [main] org.apache.catalina.core.ApplicationContext.log SessionListener: contextDestroyed()
09-May-2023 16:31:00.722 INFORMACIÓN [main] org.apache.catalina.core.ApplicationContext.log ContextListener: contextDestroyed()
09-May-2023 16:31:04.450 INFORMACIÓN [main] org.apache.catalina.core.ApplicationContext.log ContextListener: contextInitialized()
09-May-2023 16:31:04.450 INFORMACIÓN [main] org.apache.catalina.core.ApplicationContext.log SessionListener: contextInitialized()
09-May-2023 16:31:04.452 INFORMACIÓN [main] org.apache.catalina.core.ApplicationContext.log ContextListener: attributeAdded('StockTicker', 'async.Stockticker@5072e638')
09-May-2023 16:34:56.140 INFORMACIÓN [main] org.apache.catalina.core.ApplicationContext.log SessionListener: contextDestroyed()
09-May-2023 16:34:56.140 INFORMACIÓN [main] org.apache.catalina.core.ApplicationContext.log ContextListener: contextDestroyed()
09-May-2023 16:34:59.787 INFORMACIÓN [main] org.apache.catalina.core.ApplicationContext.log ContextListener: contextInitialized()
09-May-2023 16:34:59.787 INFORMACIÓN [main] org.apache.catalina.core.ApplicationContext.log SessionListener: contextInitialized()
09-May-2023 16:34:59.788 INFORMACIÓN [main] org.apache.catalina.core.ApplicationContext.log ContextListener: attributeAdded('StockTicker', 'async.Stockticker@3a709cc7')
09-May-2023 16:42:40.786 INFORMACIÓN [main] org.apache.catalina.core.ApplicationContext.log SessionListener: contextDestroyed()
09-May-2023 16:42:40.786 INFORMACIÓN [main] org.apache.catalina.core.ApplicationContext.log ContextListener: contextDestroyed()
09-May-2023 16:42:44.464 INFORMACIÓN [main] org.apache.catalina.core.ApplicationContext.log ContextListener: contextInitialized()
09-May-2023 16:42:44.464 INFORMACIÓN [main] org.apache.catalina.core.ApplicationContext.log SessionListener: contextInitialized()
09-May-2023 16:42:44.467 INFORMACIÓN [main] org.apache.catalina.core.ApplicationContext.log ContextListener: attributeAdded('StockTicker', 'async.Stockticker@edbc2bf')
09-May-2023 16:51:57.461 INFORMACIÓN [main] org.apache.catalina.core.ApplicationContext.log SessionListener: contextDestroyed()
09-May-2023 16:51:57.461 INFORMACIÓN [main] org.apache.catalina.core.ApplicationContext.log ContextListener: contextDestroyed()
09-May-2023 16:52:31.951 INFORMACIÓN [main] org.apache.catalina.core.ApplicationContext.log ContextListener: contextInitialized()
09-May-2023 16:52:31.952 INFORMACIÓN [main] org.apache.catalina.core.ApplicationContext.log SessionListener: contextInitialized()
09-May-2023 16:52:31.953 INFORMACIÓN [main] org.apache.catalina.core.ApplicationContext.log ContextListener: attributeAdded('StockTicker', 'async.Stockticker@59e0d521')
09-May-2023 17:18:09.160 INFORMACIÓN [Thread-1] org.apache.catalina.core.ApplicationContext.log SessionListener: contextDestroyed()
09-May-2023 17:18:09.160 INFORMACIÓN [Thread-1] org.apache.catalina.core.ApplicationContext.log ContextListener: contextDestroyed()
