1 E 1683567271805
1 S 1683567272011
2 E 1683567272276
2 S 1683567272544
1 E 1683567272547
1 S 1683567272790
1 E 1683567273309
1 S 1683567273434
2 E 1683567273437
2 S 1683567273626
1 E 1683567273784
1 S 1683567273887
2 E 1683567274022
2 S 1683567274311
1 E 1683567274400
1 S 1683567274546
2 E 1683567274701
2 S 1683567274843
1 E 1683567275004
1 S 1683567275164
2 E 1683567275287
2 S 1683567275449
1 E 1683567275660
1 S 1683567275838
2 E 1683567275841
2 S 1683567276026
1 E 1683567276372
1 S 1683567276534
2 E 1683567276538
2 S 1683567276664
1 E 1683567276919
1 S 1683567277066
2 E 1683567277181
2 S 1683567277449
1 E 1683567277467
1 S 1683567277726
2 E 1683567277842
2 S 1683567278106
1 E 1683567278136
1 S 1683567278383
2 E 1683567278552
2 S 1683567278740
1 E 1683567278898
1 S 1683567279189
2 E 1683567279259
2 S 1683567279498
1 E 1683567279597
1 S 1683567279742
2 E 1683567279991
2 S 1683567280265
1 E 1683567280268
1 S 1683567280530
1 E 1683567281046
1 S 1683567281189
2 E 1683567281192
2 S 1683567281396
1 E 1683567281583
1 S 1683567281854
2 E 1683567281857
2 S 1683567282090
1 E 1683567282331
1 S 1683567282435
2 E 1683567282589
2 S 1683567282878
1 E 1683567282881
1 S 1683567283171
1 E 1683567283514
1 S 1683567283771
2 E 1683567283775
2 S 1683567283887
1 E 1683567284262
1 S 1683567284408
2 E 1683567284411
2 S 1683567284584
1 E 1683567284893
1 S 1683567285163
2 E 1683567285166
2 S 1683567285393
1 E 1683567285512
1 S 1683567285764
2 E 1683567285909
2 S 1683567286048
1 E 1683567286127
1 S 1683567286313
2 E 1683567286539
2 S 1683567286813
1 E 1683567286816
1 S 1683567287057
1 E 1683567287430
1 S 1683567287602
2 E 1683567287605
2 S 1683567287863
1 E 1683567287977
1 S 1683567288228
2 E 1683567288333
2 S 1683567288634
1 E 1683567288637
1 S 1683567288807
1 E 1683567289217
1 S 1683567289321
2 E 1683567289324
2 S 1683567289475
1 E 1683567289736
1 S 1683567289850
2 E 1683567289853
2 S 1683567289962
1 E 1683567290180
1 S 1683567290395
2 E 1683567290398
2 S 1683567290503
1 E 1683567290809
1 S 1683567291004
2 E 1683567291007
2 S 1683567291226
1 E 1683567291407
1 S 1683567291653
2 E 1683567291696
2 S 1683567291902
1 E 1683567292059
1 S 1683567292358
2 E 1683567292360
2 S 1683567292649
1 E 1683567292751
1 S 1683567292946
2 E 1683567293121
2 S 1683567293231
1 E 1683567293408
1 S 1683567293678
2 E 1683567293682
2 S 1683567293885
1 E 1683567294054
1 S 1683567294340
2 E 1683567294343
2 S 1683567294615
1 E 1683567294799
1 S 1683567294981
2 E 1683567295080
2 S 1683567295264
1 E 1683567295409
1 S 1683567295593
2 E 1683567295649
2 S 1683567295753
1 E 1683567296068
1 S 1683567296265
2 E 1683567296268
2 S 1683567296434
1 E 1683567296670
1 S 1683567296902
2 E 1683567296919
2 S 1683567297026
1 E 1683567297313
1 S 1683567297572
2 E 1683567297574
2 S 1683567297792
1 E 1683567298093
1 S 1683567298380
2 E 1683567298382
2 S 1683567298602
1 E 1683567298794
1 S 1683567299010
2 E 1683567299067
2 S 1683567299249
1 E 1683567299355
1 S 1683567299473
2 E 1683567299634
2 S 1683567299819
1 E 1683567299943
1 S 1683567300104
2 E 1683567300171
2 S 1683567300467
1 E 1683567300479
1 S 1683567300778
2 E 1683567300895
2 S 1683567301146
1 E 1683567301251
1 S 1683567301516
2 E 1683567301519
2 S 1683567301758
1 E 1683567302005
1 S 1683567302162
2 E 1683567302242
2 S 1683567302431
1 E 1683567302537
1 S 1683567302645
2 E 1683567302864
2 S 1683567303047
1 E 1683567303061
1 S 1683567303205
2 E 1683567303495
2 S 1683567303668
1 E 1683567303671
1 S 1683567303817
1 E 1683567304270
1 S 1683567304439
2 E 1683567304442
2 S 1683567304658
1 E 1683567304929
1 S 1683567305206
2 E 1683567305209
2 S 1683567305421
1 E 1683567305687
1 S 1683567305797
2 E 1683567305799
2 S 1683567306018
1 E 1683567306159
1 S 1683567306381
2 E 1683567306426
2 S 1683567306693
1 E 1683567306726
1 S 1683567306924
2 E 1683567307159
2 S 1683567307331
1 E 1683567307334
1 S 1683567307470
2 E 1683567307657
2 S 1683567307823
1 E 1683567307874
1 S 1683567308145
2 E 1683567308269
2 S 1683567308399
1 E 1683567308649
1 S 1683567308767
2 E 1683567308911
2 S 1683567309140
1 E 1683567309233
1 S 1683567309522
2 E 1683567309524
2 S 1683567309703
1 E 1683567310035
1 S 1683567310184
2 E 1683567310187
2 S 1683567310314
1 E 1683567310613
1 S 1683567310760
2 E 1683567310826
2 S 1683567310927
1 E 1683567311177
1 S 1683567311420
2 E 1683567311422
2 S 1683567311595
1 E 1683567311877
1 S 1683567311984
2 E 1683567312107
2 S 1683567312269
1 E 1683567312425
1 S 1683567312545
2 E 1683567312720
2 S 1683567312910
1 E 1683567313052
1 S 1683567313324
2 E 1683567313330
2 S 1683567313435
1 E 1683567313832
1 S 1683567314018
2 E 1683567314020
2 S 1683567314129
1 E 1683567314354
1 S 1683567314601
2 E 1683567314630
2 S 1683567314801
1 E 1683567314936
1 S 1683567315091
2 E 1683567315175
2 S 1683567315317
1 E 1683567315479
1 S 1683567315587
2 E 1683567315743
2 S 1683567315864
1 E 1683567316010
1 S 1683567316186
2 E 1683567316244
2 S 1683567316446
1 E 1683567316649
1 S 1683567316842
2 E 1683567316845
2 S 1683567317096
1 E 1683567317208
1 S 1683567317332
2 E 1683567317423
2 S 1683567317717
1 E 1683567317794
1 S 1683567318055
2 E 1683567318198
2 S 1683567318304
1 E 1683567318478
1 S 1683567318683
2 E 1683567318754
2 S 1683567318952
1 E 1683567319167
1 S 1683567319414
2 E 1683567319417
2 S 1683567319587
1 E 1683567319890
1 S 1683567320040
2 E 1683567320043
2 S 1683567320148
1 E 1683567320431
1 S 1683567320628
2 E 1683567320630
2 S 1683567320925
1 E 1683567321133
1 S 1683567321247
2 E 1683567321412
2 S 1683567321690
1 E 1683567321745
1 S 1683567321929
2 E 1683567322139
2 S 1683567322433
1 E 1683567322435
1 S 1683567322543
1 E 1683567322914
1 S 1683567323032
2 E 1683567323034
2 S 1683567323279
1 E 1683567323355
1 S 1683567323563
2 E 1683567323634
2 S 1683567323853
1 E 1683567323941
1 S 1683567324200
2 E 1683567324367
2 S 1683567324648
1 E 1683567324651
1 S 1683567324826
1 E 1683567325300
1 S 1683567325600
2 E 1683567325602
2 S 1683567325806
1 E 1683567325915
1 S 1683567326036
2 E 1683567326281
2 S 1683567326481
1 E 1683567326543
1 S 1683567326730
2 E 1683567326875
2 S 1683567327167
1 E 1683567327223
1 S 1683567327410
2 E 1683567327578
2 S 1683567327764
1 E 1683567327898
1 S 1683567328150
2 E 1683567328231
2 S 1683567328362
1 E 1683567328566
1 S 1683567328753
2 E 1683567328798
2 S 1683567328962
1 E 1683567329264
1 S 1683567329541
2 E 1683567329543
2 S 1683567329819
1 E 1683567329871
1 S 1683567329997
2 E 1683567330212
2 S 1683567330425
1 E 1683567330436
1 S 1683567330708
2 E 1683567330904
2 S 1683567331007
1 E 1683567331178
1 S 1683567331474
2 E 1683567331476
2 S 1683567331682
1 E 1683567331851
1 S 1683567332107
2 E 1683567332111
2 S 1683567332239
1 E 1683567332536
1 S 1683567332693
2 E 1683567332751
2 S 1683567332975
1 E 1683567333190
1 S 1683567333464
2 E 1683567333466
2 S 1683567333750
1 E 1683567333790
1 S 1683567333925
2 E 1683567334091
2 S 1683567334209
1 E 1683567334409
1 S 1683567334695
2 E 1683567334698
2 S 1683567334919
2 E 1683567335365
2 S 1683567335540
2 E 1683567335900
2 S 1683567336196
2 E 1683567336573
2 S 1683567336873
2 E 1683567337248
2 S 1683567337538
2 E 1683567338058
2 S 1683567338260
2 E 1683567338630
2 S 1683567338876
2 E 1683567339252
2 S 1683567339512
2 E 1683567339852
2 S 1683567339987
