04-May-2023 00:03:45.464 INFORMACIÓN [main] org.apache.catalina.core.StandardServer.await Se ha recibido un comando de apagado a través del puerto de apagado. Parando la instancia del Servidor.
04-May-2023 00:03:45.465 INFORMACIÓN [main] org.apache.coyote.AbstractProtocol.pause Pausing ProtocolHandler ["http-nio-8080"]
04-May-2023 00:03:45.467 INFORMACIÓN [main] org.apache.catalina.core.StandardService.stopInternal Parando servicio [Catalina]
04-May-2023 00:03:45.491 INFORMACIÓN [main] org.apache.coyote.AbstractProtocol.stop Stopping ProtocolHandler ["http-nio-8080"]
04-May-2023 00:03:45.503 INFORMACIÓN [main] org.apache.coyote.AbstractProtocol.destroy Destroying ProtocolHandler ["http-nio-8080"]
04-May-2023 00:03:46.119 INFORMACIÓN [main] org.apache.catalina.startup.VersionLoggerListener.log Nombre de la versión del servidor: Apache Tomcat/9.0.73
04-May-2023 00:03:46.125 INFORMACIÓN [main] org.apache.catalina.startup.VersionLoggerListener.log Server built:                      Feb 27 2023 15:33:40 UTC
04-May-2023 00:03:46.125 INFORMACIÓN [main] org.apache.catalina.startup.VersionLoggerListener.log Número de versión de servidor:     9.0.73.0
04-May-2023 00:03:46.125 INFORMACIÓN [main] org.apache.catalina.startup.VersionLoggerListener.log OS Name:                           Linux
04-May-2023 00:03:46.125 INFORMACIÓN [main] org.apache.catalina.startup.VersionLoggerListener.log Versión de Systema Operativo:      6.2.1-arch1-1
04-May-2023 00:03:46.125 INFORMACIÓN [main] org.apache.catalina.startup.VersionLoggerListener.log Arquitectura:                      amd64
04-May-2023 00:03:46.126 INFORMACIÓN [main] org.apache.catalina.startup.VersionLoggerListener.log Java Home:                         /usr/lib/jvm/java-11-openjdk
04-May-2023 00:03:46.126 INFORMACIÓN [main] org.apache.catalina.startup.VersionLoggerListener.log JVM Version:                       11.0.18+10
04-May-2023 00:03:46.126 INFORMACIÓN [main] org.apache.catalina.startup.VersionLoggerListener.log Vededor JVM:                       Oracle Corporation
04-May-2023 00:03:46.126 INFORMACIÓN [main] org.apache.catalina.startup.VersionLoggerListener.log CATALINA_BASE:                     /home/danih/Documents/Universidad/Segundo Cuatrimestre/Sistemas Distribuidos/Práctica/Entregas/ObligatoriaDistribuidos/tomcat/apache-tomcat-9_1
04-May-2023 00:03:46.126 INFORMACIÓN [main] org.apache.catalina.startup.VersionLoggerListener.log CATALINA_HOME:                     /home/danih/Documents/Universidad/Segundo Cuatrimestre/Sistemas Distribuidos/Práctica/Entregas/ObligatoriaDistribuidos/tomcat/apache-tomcat-9_1
04-May-2023 00:03:46.146 INFORMACIÓN [main] org.apache.catalina.startup.VersionLoggerListener.log Command line argument:             --add-opens=java.base/java.lang=ALL-UNNAMED
04-May-2023 00:03:46.146 INFORMACIÓN [main] org.apache.catalina.startup.VersionLoggerListener.log Command line argument:             --add-opens=java.base/java.io=ALL-UNNAMED
04-May-2023 00:03:46.147 INFORMACIÓN [main] org.apache.catalina.startup.VersionLoggerListener.log Command line argument:             --add-opens=java.base/java.util=ALL-UNNAMED
04-May-2023 00:03:46.147 INFORMACIÓN [main] org.apache.catalina.startup.VersionLoggerListener.log Command line argument:             --add-opens=java.base/java.util.concurrent=ALL-UNNAMED
04-May-2023 00:03:46.147 INFORMACIÓN [main] org.apache.catalina.startup.VersionLoggerListener.log Command line argument:             --add-opens=java.rmi/sun.rmi.transport=ALL-UNNAMED
04-May-2023 00:03:46.147 INFORMACIÓN [main] org.apache.catalina.startup.VersionLoggerListener.log Command line argument:             -Djava.util.logging.config.file=/home/danih/Documents/Universidad/Segundo Cuatrimestre/Sistemas Distribuidos/Práctica/Entregas/ObligatoriaDistribuidos/tomcat/apache-tomcat-9_1/conf/logging.properties
04-May-2023 00:03:46.147 INFORMACIÓN [main] org.apache.catalina.startup.VersionLoggerListener.log Command line argument:             -Djava.util.logging.manager=org.apache.juli.ClassLoaderLogManager
04-May-2023 00:03:46.147 INFORMACIÓN [main] org.apache.catalina.startup.VersionLoggerListener.log Command line argument:             -Djdk.tls.ephemeralDHKeySize=2048
04-May-2023 00:03:46.147 INFORMACIÓN [main] org.apache.catalina.startup.VersionLoggerListener.log Command line argument:             -Djava.protocol.handler.pkgs=org.apache.catalina.webresources
04-May-2023 00:03:46.147 INFORMACIÓN [main] org.apache.catalina.startup.VersionLoggerListener.log Command line argument:             -Dorg.apache.catalina.security.SecurityListener.UMASK=0027
04-May-2023 00:03:46.147 INFORMACIÓN [main] org.apache.catalina.startup.VersionLoggerListener.log Command line argument:             -Dignore.endorsed.dirs=
04-May-2023 00:03:46.148 INFORMACIÓN [main] org.apache.catalina.startup.VersionLoggerListener.log Command line argument:             -Dcatalina.base=/home/danih/Documents/Universidad/Segundo Cuatrimestre/Sistemas Distribuidos/Práctica/Entregas/ObligatoriaDistribuidos/tomcat/apache-tomcat-9_1
04-May-2023 00:03:46.148 INFORMACIÓN [main] org.apache.catalina.startup.VersionLoggerListener.log Command line argument:             -Dcatalina.home=/home/danih/Documents/Universidad/Segundo Cuatrimestre/Sistemas Distribuidos/Práctica/Entregas/ObligatoriaDistribuidos/tomcat/apache-tomcat-9_1
04-May-2023 00:03:46.148 INFORMACIÓN [main] org.apache.catalina.startup.VersionLoggerListener.log Command line argument:             -Djava.io.tmpdir=/home/danih/Documents/Universidad/Segundo Cuatrimestre/Sistemas Distribuidos/Práctica/Entregas/ObligatoriaDistribuidos/tomcat/apache-tomcat-9_1/temp
04-May-2023 00:03:46.150 INFORMACIÓN [main] org.apache.catalina.core.AprLifecycleListener.lifecycleEvent La biblioteca nativa de Apache Tomcat basada en ARP que permite un rendimiento óptimo en entornos de desarrollo no ha sido hallada en java.library.path: [/usr/local/lib64::/usr/java/packages/lib:/usr/lib64:/lib64:/lib:/usr/lib]
04-May-2023 00:03:46.597 INFORMACIÓN [main] org.apache.coyote.AbstractProtocol.init Inicializando el manejador de protocolo ["http-nio-8080"]

04-May-2023 00:03:46.639 INFORMACIÓN [main] org.apache.catalina.startup.Catalina.load Server initialization in [825] milliseconds
04-May-2023 00:03:46.747 INFORMACIÓN [main] org.apache.catalina.core.StandardService.startInternal Arrancando servicio [Catalina]
04-May-2023 00:03:46.747 INFORMACIÓN [main] org.apache.catalina.core.StandardEngine.startInternal Starting Servlet engine: [Apache Tomcat/9.0.73]
04-May-2023 00:03:46.779 INFORMACIÓN [main] org.apache.catalina.startup.HostConfig.deployWAR Despliegue del archivo [/home/danih/Documents/Universidad/Segundo Cuatrimestre/Sistemas Distribuidos/Práctica/Entregas/ObligatoriaDistribuidos/tomcat/apache-tomcat-9_1/webapps/ssdd.war] de la aplicación web
04-May-2023 00:03:46.809 INFORMACIÓN [main] org.apache.catalina.startup.ExpandWar.expand An expanded directory [/home/danih/Documents/Universidad/Segundo Cuatrimestre/Sistemas Distribuidos/Práctica/Entregas/ObligatoriaDistribuidos/tomcat/apache-tomcat-9_1/webapps/ssdd] was found with a last modified time that did not match the associated WAR. It will be deleted.
04-May-2023 00:03:47.885 INFORMACIÓN [main] org.apache.jasper.servlet.TldScanner.scanJars Al menos un JAR, que se ha explorado buscando TLDs, aún no contenía TLDs. Activar historial de depuración para este historiador para una completa lista de los JARs que fueron explorados y de los que nos se halló TLDs. Saltarse JARs no necesarios durante la exploración puede dar lugar a una mejora de tiempo significativa en el arranque y compilación de JSP .
04-May-2023 00:03:48.409 ADVERTENCIA [main] org.glassfish.jersey.server.wadl.WadlFeature.configure JAXBContext implementation could not be found. WADL feature is disabled.
04-May-2023 00:03:48.648 INFORMACIÓN [main] org.apache.catalina.startup.HostConfig.deployWAR Deployment of web application archive [/home/danih/Documents/Universidad/Segundo Cuatrimestre/Sistemas Distribuidos/Práctica/Entregas/ObligatoriaDistribuidos/tomcat/apache-tomcat-9_1/webapps/ssdd.war] has finished in [1.870] ms
04-May-2023 00:03:48.649 INFORMACIÓN [main] org.apache.catalina.startup.HostConfig.deployDirectory Desplegando el directorio [/home/danih/Documents/Universidad/Segundo Cuatrimestre/Sistemas Distribuidos/Práctica/Entregas/ObligatoriaDistribuidos/tomcat/apache-tomcat-9_1/webapps/examples] de la aplicación web
04-May-2023 00:03:48.797 INFORMACIÓN [main] org.apache.catalina.startup.HostConfig.deployDirectory Deployment of web application directory [/home/danih/Documents/Universidad/Segundo Cuatrimestre/Sistemas Distribuidos/Práctica/Entregas/ObligatoriaDistribuidos/tomcat/apache-tomcat-9_1/webapps/examples] has finished in [148] ms
04-May-2023 00:03:48.797 INFORMACIÓN [main] org.apache.catalina.startup.HostConfig.deployDirectory Desplegando el directorio [/home/danih/Documents/Universidad/Segundo Cuatrimestre/Sistemas Distribuidos/Práctica/Entregas/ObligatoriaDistribuidos/tomcat/apache-tomcat-9_1/webapps/manager] de la aplicación web
04-May-2023 00:03:48.822 INFORMACIÓN [main] org.apache.catalina.startup.HostConfig.deployDirectory Deployment of web application directory [/home/danih/Documents/Universidad/Segundo Cuatrimestre/Sistemas Distribuidos/Práctica/Entregas/ObligatoriaDistribuidos/tomcat/apache-tomcat-9_1/webapps/manager] has finished in [24] ms
04-May-2023 00:03:48.822 INFORMACIÓN [main] org.apache.catalina.startup.HostConfig.deployDirectory Desplegando el directorio [/home/danih/Documents/Universidad/Segundo Cuatrimestre/Sistemas Distribuidos/Práctica/Entregas/ObligatoriaDistribuidos/tomcat/apache-tomcat-9_1/webapps/docs] de la aplicación web
04-May-2023 00:03:48.841 INFORMACIÓN [main] org.apache.catalina.startup.HostConfig.deployDirectory Deployment of web application directory [/home/danih/Documents/Universidad/Segundo Cuatrimestre/Sistemas Distribuidos/Práctica/Entregas/ObligatoriaDistribuidos/tomcat/apache-tomcat-9_1/webapps/docs] has finished in [19] ms
04-May-2023 00:03:48.841 INFORMACIÓN [main] org.apache.catalina.startup.HostConfig.deployDirectory Desplegando el directorio [/home/danih/Documents/Universidad/Segundo Cuatrimestre/Sistemas Distribuidos/Práctica/Entregas/ObligatoriaDistribuidos/tomcat/apache-tomcat-9_1/webapps/host-manager] de la aplicación web
04-May-2023 00:03:48.859 INFORMACIÓN [main] org.apache.catalina.startup.HostConfig.deployDirectory Deployment of web application directory [/home/danih/Documents/Universidad/Segundo Cuatrimestre/Sistemas Distribuidos/Práctica/Entregas/ObligatoriaDistribuidos/tomcat/apache-tomcat-9_1/webapps/host-manager] has finished in [18] ms
04-May-2023 00:03:48.859 INFORMACIÓN [main] org.apache.catalina.startup.HostConfig.deployDirectory Desplegando el directorio [/home/danih/Documents/Universidad/Segundo Cuatrimestre/Sistemas Distribuidos/Práctica/Entregas/ObligatoriaDistribuidos/tomcat/apache-tomcat-9_1/webapps/ROOT] de la aplicación web
04-May-2023 00:03:48.874 INFORMACIÓN [main] org.apache.catalina.startup.HostConfig.deployDirectory Deployment of web application directory [/home/danih/Documents/Universidad/Segundo Cuatrimestre/Sistemas Distribuidos/Práctica/Entregas/ObligatoriaDistribuidos/tomcat/apache-tomcat-9_1/webapps/ROOT] has finished in [15] ms
04-May-2023 00:03:48.880 INFORMACIÓN [main] org.apache.coyote.AbstractProtocol.start Starting ProtocolHandler ["http-nio-8080"]
04-May-2023 00:03:48.892 INFORMACIÓN [main] org.apache.catalina.startup.Catalina.start Server startup in [2252] milliseconds
04-May-2023 00:11:50.204 INFORMACIÓN [main] org.apache.catalina.core.StandardServer.await Se ha recibido un comando de apagado a través del puerto de apagado. Parando la instancia del Servidor.
04-May-2023 00:11:50.205 INFORMACIÓN [main] org.apache.coyote.AbstractProtocol.pause Pausing ProtocolHandler ["http-nio-8080"]
04-May-2023 00:11:50.207 INFORMACIÓN [main] org.apache.catalina.core.StandardService.stopInternal Parando servicio [Catalina]
04-May-2023 00:11:50.232 INFORMACIÓN [main] org.apache.coyote.AbstractProtocol.stop Stopping ProtocolHandler ["http-nio-8080"]
04-May-2023 00:11:50.244 INFORMACIÓN [main] org.apache.coyote.AbstractProtocol.destroy Destroying ProtocolHandler ["http-nio-8080"]
04-May-2023 00:11:50.808 INFORMACIÓN [main] org.apache.catalina.startup.VersionLoggerListener.log Nombre de la versión del servidor: Apache Tomcat/9.0.73
04-May-2023 00:11:50.813 INFORMACIÓN [main] org.apache.catalina.startup.VersionLoggerListener.log Server built:                      Feb 27 2023 15:33:40 UTC
04-May-2023 00:11:50.813 INFORMACIÓN [main] org.apache.catalina.startup.VersionLoggerListener.log Número de versión de servidor:     9.0.73.0
04-May-2023 00:11:50.813 INFORMACIÓN [main] org.apache.catalina.startup.VersionLoggerListener.log OS Name:                           Linux
04-May-2023 00:11:50.813 INFORMACIÓN [main] org.apache.catalina.startup.VersionLoggerListener.log Versión de Systema Operativo:      6.2.1-arch1-1
04-May-2023 00:11:50.813 INFORMACIÓN [main] org.apache.catalina.startup.VersionLoggerListener.log Arquitectura:                      amd64
04-May-2023 00:11:50.814 INFORMACIÓN [main] org.apache.catalina.startup.VersionLoggerListener.log Java Home:                         /usr/lib/jvm/java-11-openjdk
04-May-2023 00:11:50.814 INFORMACIÓN [main] org.apache.catalina.startup.VersionLoggerListener.log JVM Version:                       11.0.18+10
04-May-2023 00:11:50.814 INFORMACIÓN [main] org.apache.catalina.startup.VersionLoggerListener.log Vededor JVM:                       Oracle Corporation
04-May-2023 00:11:50.814 INFORMACIÓN [main] org.apache.catalina.startup.VersionLoggerListener.log CATALINA_BASE:                     /home/danih/Documents/Universidad/Segundo Cuatrimestre/Sistemas Distribuidos/Práctica/Entregas/ObligatoriaDistribuidos/tomcat/apache-tomcat-9_1
04-May-2023 00:11:50.814 INFORMACIÓN [main] org.apache.catalina.startup.VersionLoggerListener.log CATALINA_HOME:                     /home/danih/Documents/Universidad/Segundo Cuatrimestre/Sistemas Distribuidos/Práctica/Entregas/ObligatoriaDistribuidos/tomcat/apache-tomcat-9_1
04-May-2023 00:11:50.831 INFORMACIÓN [main] org.apache.catalina.startup.VersionLoggerListener.log Command line argument:             --add-opens=java.base/java.lang=ALL-UNNAMED
04-May-2023 00:11:50.831 INFORMACIÓN [main] org.apache.catalina.startup.VersionLoggerListener.log Command line argument:             --add-opens=java.base/java.io=ALL-UNNAMED
04-May-2023 00:11:50.832 INFORMACIÓN [main] org.apache.catalina.startup.VersionLoggerListener.log Command line argument:             --add-opens=java.base/java.util=ALL-UNNAMED
04-May-2023 00:11:50.832 INFORMACIÓN [main] org.apache.catalina.startup.VersionLoggerListener.log Command line argument:             --add-opens=java.base/java.util.concurrent=ALL-UNNAMED
04-May-2023 00:11:50.832 INFORMACIÓN [main] org.apache.catalina.startup.VersionLoggerListener.log Command line argument:             --add-opens=java.rmi/sun.rmi.transport=ALL-UNNAMED
04-May-2023 00:11:50.832 INFORMACIÓN [main] org.apache.catalina.startup.VersionLoggerListener.log Command line argument:             -Djava.util.logging.config.file=/home/danih/Documents/Universidad/Segundo Cuatrimestre/Sistemas Distribuidos/Práctica/Entregas/ObligatoriaDistribuidos/tomcat/apache-tomcat-9_1/conf/logging.properties
04-May-2023 00:11:50.832 INFORMACIÓN [main] org.apache.catalina.startup.VersionLoggerListener.log Command line argument:             -Djava.util.logging.manager=org.apache.juli.ClassLoaderLogManager
04-May-2023 00:11:50.833 INFORMACIÓN [main] org.apache.catalina.startup.VersionLoggerListener.log Command line argument:             -Djdk.tls.ephemeralDHKeySize=2048
04-May-2023 00:11:50.833 INFORMACIÓN [main] org.apache.catalina.startup.VersionLoggerListener.log Command line argument:             -Djava.protocol.handler.pkgs=org.apache.catalina.webresources
04-May-2023 00:11:50.833 INFORMACIÓN [main] org.apache.catalina.startup.VersionLoggerListener.log Command line argument:             -Dorg.apache.catalina.security.SecurityListener.UMASK=0027
04-May-2023 00:11:50.833 INFORMACIÓN [main] org.apache.catalina.startup.VersionLoggerListener.log Command line argument:             -Dignore.endorsed.dirs=
04-May-2023 00:11:50.834 INFORMACIÓN [main] org.apache.catalina.startup.VersionLoggerListener.log Command line argument:             -Dcatalina.base=/home/danih/Documents/Universidad/Segundo Cuatrimestre/Sistemas Distribuidos/Práctica/Entregas/ObligatoriaDistribuidos/tomcat/apache-tomcat-9_1
04-May-2023 00:11:50.834 INFORMACIÓN [main] org.apache.catalina.startup.VersionLoggerListener.log Command line argument:             -Dcatalina.home=/home/danih/Documents/Universidad/Segundo Cuatrimestre/Sistemas Distribuidos/Práctica/Entregas/ObligatoriaDistribuidos/tomcat/apache-tomcat-9_1
04-May-2023 00:11:50.834 INFORMACIÓN [main] org.apache.catalina.startup.VersionLoggerListener.log Command line argument:             -Djava.io.tmpdir=/home/danih/Documents/Universidad/Segundo Cuatrimestre/Sistemas Distribuidos/Práctica/Entregas/ObligatoriaDistribuidos/tomcat/apache-tomcat-9_1/temp
04-May-2023 00:11:50.835 INFORMACIÓN [main] org.apache.catalina.core.AprLifecycleListener.lifecycleEvent La biblioteca nativa de Apache Tomcat basada en ARP que permite un rendimiento óptimo en entornos de desarrollo no ha sido hallada en java.library.path: [/usr/local/lib64::/usr/java/packages/lib:/usr/lib64:/lib64:/lib:/usr/lib]
04-May-2023 00:11:51.267 INFORMACIÓN [main] org.apache.coyote.AbstractProtocol.init Inicializando el manejador de protocolo ["http-nio-8080"]

04-May-2023 00:11:51.313 INFORMACIÓN [main] org.apache.catalina.startup.Catalina.load Server initialization in [786] milliseconds
04-May-2023 00:11:51.444 INFORMACIÓN [main] org.apache.catalina.core.StandardService.startInternal Arrancando servicio [Catalina]
04-May-2023 00:11:51.444 INFORMACIÓN [main] org.apache.catalina.core.StandardEngine.startInternal Starting Servlet engine: [Apache Tomcat/9.0.73]
04-May-2023 00:11:51.474 INFORMACIÓN [main] org.apache.catalina.startup.HostConfig.deployWAR Despliegue del archivo [/home/danih/Documents/Universidad/Segundo Cuatrimestre/Sistemas Distribuidos/Práctica/Entregas/ObligatoriaDistribuidos/tomcat/apache-tomcat-9_1/webapps/ssdd.war] de la aplicación web
04-May-2023 00:11:51.508 INFORMACIÓN [main] org.apache.catalina.startup.ExpandWar.expand An expanded directory [/home/danih/Documents/Universidad/Segundo Cuatrimestre/Sistemas Distribuidos/Práctica/Entregas/ObligatoriaDistribuidos/tomcat/apache-tomcat-9_1/webapps/ssdd] was found with a last modified time that did not match the associated WAR. It will be deleted.
04-May-2023 00:11:52.788 INFORMACIÓN [main] org.apache.jasper.servlet.TldScanner.scanJars Al menos un JAR, que se ha explorado buscando TLDs, aún no contenía TLDs. Activar historial de depuración para este historiador para una completa lista de los JARs que fueron explorados y de los que nos se halló TLDs. Saltarse JARs no necesarios durante la exploración puede dar lugar a una mejora de tiempo significativa en el arranque y compilación de JSP .
04-May-2023 00:11:53.299 ADVERTENCIA [main] org.glassfish.jersey.server.wadl.WadlFeature.configure JAXBContext implementation could not be found. WADL feature is disabled.
04-May-2023 00:11:53.555 INFORMACIÓN [main] org.apache.catalina.startup.HostConfig.deployWAR Deployment of web application archive [/home/danih/Documents/Universidad/Segundo Cuatrimestre/Sistemas Distribuidos/Práctica/Entregas/ObligatoriaDistribuidos/tomcat/apache-tomcat-9_1/webapps/ssdd.war] has finished in [2.081] ms
04-May-2023 00:11:53.556 INFORMACIÓN [main] org.apache.catalina.startup.HostConfig.deployDirectory Desplegando el directorio [/home/danih/Documents/Universidad/Segundo Cuatrimestre/Sistemas Distribuidos/Práctica/Entregas/ObligatoriaDistribuidos/tomcat/apache-tomcat-9_1/webapps/examples] de la aplicación web
04-May-2023 00:11:53.750 INFORMACIÓN [main] org.apache.catalina.startup.HostConfig.deployDirectory Deployment of web application directory [/home/danih/Documents/Universidad/Segundo Cuatrimestre/Sistemas Distribuidos/Práctica/Entregas/ObligatoriaDistribuidos/tomcat/apache-tomcat-9_1/webapps/examples] has finished in [195] ms
04-May-2023 00:11:53.750 INFORMACIÓN [main] org.apache.catalina.startup.HostConfig.deployDirectory Desplegando el directorio [/home/danih/Documents/Universidad/Segundo Cuatrimestre/Sistemas Distribuidos/Práctica/Entregas/ObligatoriaDistribuidos/tomcat/apache-tomcat-9_1/webapps/manager] de la aplicación web
04-May-2023 00:11:53.774 INFORMACIÓN [main] org.apache.catalina.startup.HostConfig.deployDirectory Deployment of web application directory [/home/danih/Documents/Universidad/Segundo Cuatrimestre/Sistemas Distribuidos/Práctica/Entregas/ObligatoriaDistribuidos/tomcat/apache-tomcat-9_1/webapps/manager] has finished in [24] ms
04-May-2023 00:11:53.774 INFORMACIÓN [main] org.apache.catalina.startup.HostConfig.deployDirectory Desplegando el directorio [/home/danih/Documents/Universidad/Segundo Cuatrimestre/Sistemas Distribuidos/Práctica/Entregas/ObligatoriaDistribuidos/tomcat/apache-tomcat-9_1/webapps/docs] de la aplicación web
04-May-2023 00:11:53.792 INFORMACIÓN [main] org.apache.catalina.startup.HostConfig.deployDirectory Deployment of web application directory [/home/danih/Documents/Universidad/Segundo Cuatrimestre/Sistemas Distribuidos/Práctica/Entregas/ObligatoriaDistribuidos/tomcat/apache-tomcat-9_1/webapps/docs] has finished in [18] ms
04-May-2023 00:11:53.792 INFORMACIÓN [main] org.apache.catalina.startup.HostConfig.deployDirectory Desplegando el directorio [/home/danih/Documents/Universidad/Segundo Cuatrimestre/Sistemas Distribuidos/Práctica/Entregas/ObligatoriaDistribuidos/tomcat/apache-tomcat-9_1/webapps/host-manager] de la aplicación web
04-May-2023 00:11:53.809 INFORMACIÓN [main] org.apache.catalina.startup.HostConfig.deployDirectory Deployment of web application directory [/home/danih/Documents/Universidad/Segundo Cuatrimestre/Sistemas Distribuidos/Práctica/Entregas/ObligatoriaDistribuidos/tomcat/apache-tomcat-9_1/webapps/host-manager] has finished in [17] ms
04-May-2023 00:11:53.809 INFORMACIÓN [main] org.apache.catalina.startup.HostConfig.deployDirectory Desplegando el directorio [/home/danih/Documents/Universidad/Segundo Cuatrimestre/Sistemas Distribuidos/Práctica/Entregas/ObligatoriaDistribuidos/tomcat/apache-tomcat-9_1/webapps/ROOT] de la aplicación web
04-May-2023 00:11:53.827 INFORMACIÓN [main] org.apache.catalina.startup.HostConfig.deployDirectory Deployment of web application directory [/home/danih/Documents/Universidad/Segundo Cuatrimestre/Sistemas Distribuidos/Práctica/Entregas/ObligatoriaDistribuidos/tomcat/apache-tomcat-9_1/webapps/ROOT] has finished in [17] ms
04-May-2023 00:11:53.834 INFORMACIÓN [main] org.apache.coyote.AbstractProtocol.start Starting ProtocolHandler ["http-nio-8080"]
04-May-2023 00:11:53.850 INFORMACIÓN [main] org.apache.catalina.startup.Catalina.start Server startup in [2536] milliseconds
04-May-2023 00:19:54.997 ADVERTENCIA [main] org.apache.catalina.core.StandardServer.await The socket listening for the shutdown command experienced an unexpected timeout [481.140] milliseconds after the call to accept(). Is this an instance of bug 56684?
	java.net.SocketTimeoutException: Accept timed out
		at java.base/java.net.PlainSocketImpl.socketAccept(Native Method)
		at java.base/java.net.AbstractPlainSocketImpl.accept(AbstractPlainSocketImpl.java:474)
		at java.base/java.net.ServerSocket.implAccept(ServerSocket.java:565)
		at java.base/java.net.ServerSocket.accept(ServerSocket.java:533)
		at org.apache.catalina.core.StandardServer.await(StandardServer.java:604)
		at org.apache.catalina.startup.Catalina.await(Catalina.java:864)
		at org.apache.catalina.startup.Catalina.start(Catalina.java:810)
		at java.base/jdk.internal.reflect.NativeMethodAccessorImpl.invoke0(Native Method)
		at java.base/jdk.internal.reflect.NativeMethodAccessorImpl.invoke(NativeMethodAccessorImpl.java:62)
		at java.base/jdk.internal.reflect.DelegatingMethodAccessorImpl.invoke(DelegatingMethodAccessorImpl.java:43)
		at java.base/java.lang.reflect.Method.invoke(Method.java:566)
		at org.apache.catalina.startup.Bootstrap.start(Bootstrap.java:347)
		at org.apache.catalina.startup.Bootstrap.main(Bootstrap.java:478)
04-May-2023 00:19:54.999 INFORMACIÓN [Thread-1] org.apache.coyote.AbstractProtocol.pause Pausing ProtocolHandler ["http-nio-8080"]
04-May-2023 00:19:55.001 INFORMACIÓN [Thread-1] org.apache.catalina.core.StandardService.stopInternal Parando servicio [Catalina]
04-May-2023 00:19:55.043 INFORMACIÓN [Thread-1] org.apache.coyote.AbstractProtocol.stop Stopping ProtocolHandler ["http-nio-8080"]
04-May-2023 00:19:55.058 INFORMACIÓN [Thread-1] org.apache.coyote.AbstractProtocol.destroy Destroying ProtocolHandler ["http-nio-8080"]
