30-Apr-2023 00:06:45.328 INFO [main] org.apache.catalina.core.ApplicationContext.log SessionListener: contextDestroyed()
30-Apr-2023 00:06:45.328 INFO [main] org.apache.catalina.core.ApplicationContext.log ContextListener: contextDestroyed()
30-Apr-2023 00:06:47.367 INFO [main] org.apache.catalina.core.ApplicationContext.log ContextListener: contextInitialized()
30-Apr-2023 00:06:47.367 INFO [main] org.apache.catalina.core.ApplicationContext.log SessionListener: contextInitialized()
30-Apr-2023 00:06:47.367 INFO [main] org.apache.catalina.core.ApplicationContext.log ContextListener: attributeAdded('StockTicker', 'async.Stockticker@2faf6e4a')
30-Apr-2023 00:09:53.182 INFO [main] org.apache.catalina.core.ApplicationContext.log SessionListener: contextDestroyed()
30-Apr-2023 00:09:53.183 INFO [main] org.apache.catalina.core.ApplicationContext.log ContextListener: contextDestroyed()
30-Apr-2023 00:09:55.247 INFO [main] org.apache.catalina.core.ApplicationContext.log ContextListener: contextInitialized()
30-Apr-2023 00:09:55.247 INFO [main] org.apache.catalina.core.ApplicationContext.log SessionListener: contextInitialized()
30-Apr-2023 00:09:55.247 INFO [main] org.apache.catalina.core.ApplicationContext.log ContextListener: attributeAdded('StockTicker', 'async.Stockticker@7bda01da')
30-Apr-2023 00:12:47.122 INFO [main] org.apache.catalina.core.ApplicationContext.log SessionListener: contextDestroyed()
30-Apr-2023 00:12:47.122 INFO [main] org.apache.catalina.core.ApplicationContext.log ContextListener: contextDestroyed()
30-Apr-2023 00:12:49.259 INFO [main] org.apache.catalina.core.ApplicationContext.log ContextListener: contextInitialized()
30-Apr-2023 00:12:49.259 INFO [main] org.apache.catalina.core.ApplicationContext.log SessionListener: contextInitialized()
30-Apr-2023 00:12:49.259 INFO [main] org.apache.catalina.core.ApplicationContext.log ContextListener: attributeAdded('StockTicker', 'async.Stockticker@5bde6148')
30-Apr-2023 00:17:19.992 INFO [main] org.apache.catalina.core.ApplicationContext.log SessionListener: contextDestroyed()
30-Apr-2023 00:17:19.992 INFO [main] org.apache.catalina.core.ApplicationContext.log ContextListener: contextDestroyed()
30-Apr-2023 00:17:21.855 INFO [main] org.apache.catalina.core.ApplicationContext.log ContextListener: contextInitialized()
30-Apr-2023 00:17:21.855 INFO [main] org.apache.catalina.core.ApplicationContext.log SessionListener: contextInitialized()
30-Apr-2023 00:17:21.855 INFO [main] org.apache.catalina.core.ApplicationContext.log ContextListener: attributeAdded('StockTicker', 'async.Stockticker@5341641d')
30-Apr-2023 00:17:24.949 INFO [main] org.apache.catalina.core.ApplicationContext.log SessionListener: contextDestroyed()
30-Apr-2023 00:17:24.949 INFO [main] org.apache.catalina.core.ApplicationContext.log ContextListener: contextDestroyed()
30-Apr-2023 00:17:27.032 INFO [main] org.apache.catalina.core.ApplicationContext.log ContextListener: contextInitialized()
30-Apr-2023 00:17:27.033 INFO [main] org.apache.catalina.core.ApplicationContext.log SessionListener: contextInitialized()
30-Apr-2023 00:17:27.034 INFO [main] org.apache.catalina.core.ApplicationContext.log ContextListener: attributeAdded('StockTicker', 'async.Stockticker@4fd37449')
30-Apr-2023 00:18:30.160 SEVERE [http-nio-8080-exec-1] org.apache.catalina.core.StandardWrapperValve.invoke Servlet.service() for servlet [Jersey REST Service] in context with path [/ssdd] threw exception [java.lang.ArrayIndexOutOfBoundsException: Index 0 out of bounds for length 0] with root cause
	java.lang.ArrayIndexOutOfBoundsException: Index 0 out of bounds for length 0
		at persistence.FileHelper.adjustLog(FileHelper.java:43)
		at ssdd.Node.start(Node.java:125)
		at java.base/jdk.internal.reflect.NativeMethodAccessorImpl.invoke0(Native Method)
		at java.base/jdk.internal.reflect.NativeMethodAccessorImpl.invoke(NativeMethodAccessorImpl.java:77)
		at java.base/jdk.internal.reflect.DelegatingMethodAccessorImpl.invoke(DelegatingMethodAccessorImpl.java:43)
		at java.base/java.lang.reflect.Method.invoke(Method.java:568)
		at org.glassfish.jersey.server.model.internal.ResourceMethodInvocationHandlerFactory.lambda$static$0(ResourceMethodInvocationHandlerFactory.java:52)
		at org.glassfish.jersey.server.model.internal.AbstractJavaResourceMethodDispatcher$1.run(AbstractJavaResourceMethodDispatcher.java:134)
		at org.glassfish.jersey.server.model.internal.AbstractJavaResourceMethodDispatcher.invoke(AbstractJavaResourceMethodDispatcher.java:177)
		at org.glassfish.jersey.server.model.internal.JavaResourceMethodDispatcherProvider$TypeOutInvoker.doDispatch(JavaResourceMethodDispatcherProvider.java:219)
		at org.glassfish.jersey.server.model.internal.AbstractJavaResourceMethodDispatcher.dispatch(AbstractJavaResourceMethodDispatcher.java:81)
		at org.glassfish.jersey.server.model.ResourceMethodInvoker.invoke(ResourceMethodInvoker.java:478)
		at org.glassfish.jersey.server.model.ResourceMethodInvoker.apply(ResourceMethodInvoker.java:400)
		at org.glassfish.jersey.server.model.ResourceMethodInvoker.apply(ResourceMethodInvoker.java:81)
		at org.glassfish.jersey.server.ServerRuntime$1.run(ServerRuntime.java:256)
		at org.glassfish.jersey.internal.Errors$1.call(Errors.java:248)
		at org.glassfish.jersey.internal.Errors$1.call(Errors.java:244)
		at org.glassfish.jersey.internal.Errors.process(Errors.java:292)
		at org.glassfish.jersey.internal.Errors.process(Errors.java:274)
		at org.glassfish.jersey.internal.Errors.process(Errors.java:244)
		at org.glassfish.jersey.process.internal.RequestScope.runInScope(RequestScope.java:265)
		at org.glassfish.jersey.server.ServerRuntime.process(ServerRuntime.java:235)
		at org.glassfish.jersey.server.ApplicationHandler.handle(ApplicationHandler.java:684)
		at org.glassfish.jersey.servlet.WebComponent.serviceImpl(WebComponent.java:394)
		at org.glassfish.jersey.servlet.WebComponent.service(WebComponent.java:346)
		at org.glassfish.jersey.servlet.ServletContainer.service(ServletContainer.java:358)
		at org.glassfish.jersey.servlet.ServletContainer.service(ServletContainer.java:311)
		at org.glassfish.jersey.servlet.ServletContainer.service(ServletContainer.java:205)
		at org.apache.catalina.core.ApplicationFilterChain.internalDoFilter(ApplicationFilterChain.java:209)
		at org.apache.catalina.core.ApplicationFilterChain.doFilter(ApplicationFilterChain.java:153)
		at org.apache.tomcat.websocket.server.WsFilter.doFilter(WsFilter.java:53)
		at org.apache.catalina.core.ApplicationFilterChain.internalDoFilter(ApplicationFilterChain.java:178)
		at org.apache.catalina.core.ApplicationFilterChain.doFilter(ApplicationFilterChain.java:153)
		at org.apache.catalina.core.StandardWrapperValve.invoke(StandardWrapperValve.java:167)
		at org.apache.catalina.core.StandardContextValve.invoke(StandardContextValve.java:90)
		at org.apache.catalina.authenticator.AuthenticatorBase.invoke(AuthenticatorBase.java:492)
		at org.apache.catalina.core.StandardHostValve.invoke(StandardHostValve.java:130)
		at org.apache.catalina.valves.ErrorReportValve.invoke(ErrorReportValve.java:93)
		at org.apache.catalina.valves.AbstractAccessLogValve.invoke(AbstractAccessLogValve.java:673)
		at org.apache.catalina.core.StandardEngineValve.invoke(StandardEngineValve.java:74)
		at org.apache.catalina.connector.CoyoteAdapter.service(CoyoteAdapter.java:343)
		at org.apache.coyote.http11.Http11Processor.service(Http11Processor.java:389)
		at org.apache.coyote.AbstractProcessorLight.process(AbstractProcessorLight.java:63)
		at org.apache.coyote.AbstractProtocol$ConnectionHandler.process(AbstractProtocol.java:926)
		at org.apache.tomcat.util.net.NioEndpoint$SocketProcessor.doRun(NioEndpoint.java:1791)
		at org.apache.tomcat.util.net.SocketProcessorBase.run(SocketProcessorBase.java:49)
		at org.apache.tomcat.util.threads.ThreadPoolExecutor.runWorker(ThreadPoolExecutor.java:1191)
		at org.apache.tomcat.util.threads.ThreadPoolExecutor$Worker.run(ThreadPoolExecutor.java:659)
		at org.apache.tomcat.util.threads.TaskThread$WrappingRunnable.run(TaskThread.java:61)
		at java.base/java.lang.Thread.run(Thread.java:833)
30-Apr-2023 00:20:12.388 INFO [main] org.apache.catalina.core.ApplicationContext.log SessionListener: contextDestroyed()
30-Apr-2023 00:20:12.388 INFO [main] org.apache.catalina.core.ApplicationContext.log ContextListener: contextDestroyed()
30-Apr-2023 00:20:14.460 INFO [main] org.apache.catalina.core.ApplicationContext.log ContextListener: contextInitialized()
30-Apr-2023 00:20:14.460 INFO [main] org.apache.catalina.core.ApplicationContext.log SessionListener: contextInitialized()
30-Apr-2023 00:20:14.461 INFO [main] org.apache.catalina.core.ApplicationContext.log ContextListener: attributeAdded('StockTicker', 'async.Stockticker@36a58466')
30-Apr-2023 00:23:29.752 INFO [main] org.apache.catalina.core.ApplicationContext.log SessionListener: contextDestroyed()
30-Apr-2023 00:23:29.752 INFO [main] org.apache.catalina.core.ApplicationContext.log ContextListener: contextDestroyed()
30-Apr-2023 00:23:31.802 INFO [main] org.apache.catalina.core.ApplicationContext.log ContextListener: contextInitialized()
30-Apr-2023 00:23:31.802 INFO [main] org.apache.catalina.core.ApplicationContext.log SessionListener: contextInitialized()
30-Apr-2023 00:23:31.803 INFO [main] org.apache.catalina.core.ApplicationContext.log ContextListener: attributeAdded('StockTicker', 'async.Stockticker@53ba25ff')
30-Apr-2023 00:25:47.288 INFO [main] org.apache.catalina.core.ApplicationContext.log SessionListener: contextDestroyed()
30-Apr-2023 00:25:47.288 INFO [main] org.apache.catalina.core.ApplicationContext.log ContextListener: contextDestroyed()
30-Apr-2023 10:25:49.158 INFO [main] org.apache.catalina.core.ApplicationContext.log ContextListener: contextInitialized()
30-Apr-2023 10:25:49.158 INFO [main] org.apache.catalina.core.ApplicationContext.log SessionListener: contextInitialized()
30-Apr-2023 10:25:49.158 INFO [main] org.apache.catalina.core.ApplicationContext.log ContextListener: attributeAdded('StockTicker', 'async.Stockticker@78b9155e')
30-Apr-2023 10:30:58.922 INFO [main] org.apache.catalina.core.ApplicationContext.log SessionListener: contextDestroyed()
30-Apr-2023 10:30:58.922 INFO [main] org.apache.catalina.core.ApplicationContext.log ContextListener: contextDestroyed()
30-Apr-2023 10:31:00.812 INFO [main] org.apache.catalina.core.ApplicationContext.log ContextListener: contextInitialized()
30-Apr-2023 10:31:00.812 INFO [main] org.apache.catalina.core.ApplicationContext.log SessionListener: contextInitialized()
30-Apr-2023 10:31:00.813 INFO [main] org.apache.catalina.core.ApplicationContext.log ContextListener: attributeAdded('StockTicker', 'async.Stockticker@2faf6e4a')
30-Apr-2023 10:31:08.396 INFO [main] org.apache.catalina.core.ApplicationContext.log SessionListener: contextDestroyed()
30-Apr-2023 10:31:08.396 INFO [main] org.apache.catalina.core.ApplicationContext.log ContextListener: contextDestroyed()
30-Apr-2023 10:31:10.440 INFO [main] org.apache.catalina.core.ApplicationContext.log ContextListener: contextInitialized()
30-Apr-2023 10:31:10.440 INFO [main] org.apache.catalina.core.ApplicationContext.log SessionListener: contextInitialized()
30-Apr-2023 10:31:10.441 INFO [main] org.apache.catalina.core.ApplicationContext.log ContextListener: attributeAdded('StockTicker', 'async.Stockticker@36a58466')
30-Apr-2023 10:46:15.791 INFO [main] org.apache.catalina.core.ApplicationContext.log SessionListener: contextDestroyed()
30-Apr-2023 10:46:15.791 INFO [main] org.apache.catalina.core.ApplicationContext.log ContextListener: contextDestroyed()
30-Apr-2023 10:46:17.863 INFO [main] org.apache.catalina.core.ApplicationContext.log ContextListener: contextInitialized()
30-Apr-2023 10:46:17.863 INFO [main] org.apache.catalina.core.ApplicationContext.log SessionListener: contextInitialized()
30-Apr-2023 10:46:17.864 INFO [main] org.apache.catalina.core.ApplicationContext.log ContextListener: attributeAdded('StockTicker', 'async.Stockticker@58f290bc')
30-Apr-2023 10:48:57.462 INFO [main] org.apache.catalina.core.ApplicationContext.log SessionListener: contextDestroyed()
30-Apr-2023 10:48:57.462 INFO [main] org.apache.catalina.core.ApplicationContext.log ContextListener: contextDestroyed()
30-Apr-2023 10:50:09.588 INFO [main] org.apache.catalina.core.ApplicationContext.log ContextListener: contextInitialized()
30-Apr-2023 10:50:09.588 INFO [main] org.apache.catalina.core.ApplicationContext.log SessionListener: contextInitialized()
30-Apr-2023 10:50:09.588 INFO [main] org.apache.catalina.core.ApplicationContext.log ContextListener: attributeAdded('StockTicker', 'async.Stockticker@5402612e')
30-Apr-2023 10:52:56.018 INFO [main] org.apache.catalina.core.ApplicationContext.log ContextListener: contextInitialized()
30-Apr-2023 10:52:56.018 INFO [main] org.apache.catalina.core.ApplicationContext.log SessionListener: contextInitialized()
30-Apr-2023 10:52:56.019 INFO [main] org.apache.catalina.core.ApplicationContext.log ContextListener: attributeAdded('StockTicker', 'async.Stockticker@18513c23')
30-Apr-2023 10:52:56.084 INFO [main] org.apache.catalina.core.ApplicationContext.log SessionListener: contextDestroyed()
30-Apr-2023 10:52:56.084 INFO [main] org.apache.catalina.core.ApplicationContext.log ContextListener: contextDestroyed()
30-Apr-2023 10:53:04.800 INFO [main] org.apache.catalina.core.ApplicationContext.log SessionListener: contextDestroyed()
30-Apr-2023 10:53:04.800 INFO [main] org.apache.catalina.core.ApplicationContext.log ContextListener: contextDestroyed()
30-Apr-2023 10:53:11.172 INFO [main] org.apache.catalina.core.ApplicationContext.log ContextListener: contextInitialized()
30-Apr-2023 10:53:11.172 INFO [main] org.apache.catalina.core.ApplicationContext.log SessionListener: contextInitialized()
30-Apr-2023 10:53:11.173 INFO [main] org.apache.catalina.core.ApplicationContext.log ContextListener: attributeAdded('StockTicker', 'async.Stockticker@5341641d')
30-Apr-2023 10:59:42.150 INFO [main] org.apache.catalina.core.ApplicationContext.log ContextListener: contextInitialized()
30-Apr-2023 10:59:42.150 INFO [main] org.apache.catalina.core.ApplicationContext.log SessionListener: contextInitialized()
30-Apr-2023 10:59:42.151 INFO [main] org.apache.catalina.core.ApplicationContext.log ContextListener: attributeAdded('StockTicker', 'async.Stockticker@5b490d5e')
30-Apr-2023 10:59:42.215 INFO [main] org.apache.catalina.core.ApplicationContext.log SessionListener: contextDestroyed()
30-Apr-2023 10:59:42.215 INFO [main] org.apache.catalina.core.ApplicationContext.log ContextListener: contextDestroyed()
30-Apr-2023 11:00:05.054 INFO [main] org.apache.catalina.core.ApplicationContext.log SessionListener: contextDestroyed()
30-Apr-2023 11:00:05.054 INFO [main] org.apache.catalina.core.ApplicationContext.log ContextListener: contextDestroyed()
30-Apr-2023 11:00:09.240 INFO [main] org.apache.catalina.core.ApplicationContext.log ContextListener: contextInitialized()
30-Apr-2023 11:00:09.240 INFO [main] org.apache.catalina.core.ApplicationContext.log SessionListener: contextInitialized()
30-Apr-2023 11:00:09.241 INFO [main] org.apache.catalina.core.ApplicationContext.log ContextListener: attributeAdded('StockTicker', 'async.Stockticker@5a7e81')
30-Apr-2023 11:14:45.638 INFO [main] org.apache.catalina.core.ApplicationContext.log ContextListener: contextInitialized()
30-Apr-2023 11:14:45.638 INFO [main] org.apache.catalina.core.ApplicationContext.log SessionListener: contextInitialized()
30-Apr-2023 11:14:45.639 INFO [main] org.apache.catalina.core.ApplicationContext.log ContextListener: attributeAdded('StockTicker', 'async.Stockticker@3350ab4')
30-Apr-2023 11:14:45.692 INFO [main] org.apache.catalina.core.ApplicationContext.log SessionListener: contextDestroyed()
30-Apr-2023 11:14:45.692 INFO [main] org.apache.catalina.core.ApplicationContext.log ContextListener: contextDestroyed()
30-Apr-2023 11:14:51.506 INFO [main] org.apache.catalina.core.ApplicationContext.log SessionListener: contextDestroyed()
30-Apr-2023 11:14:51.506 INFO [main] org.apache.catalina.core.ApplicationContext.log ContextListener: contextDestroyed()
30-Apr-2023 11:14:54.884 INFO [main] org.apache.catalina.core.ApplicationContext.log ContextListener: contextInitialized()
30-Apr-2023 11:14:54.884 INFO [main] org.apache.catalina.core.ApplicationContext.log SessionListener: contextInitialized()
30-Apr-2023 11:14:54.885 INFO [main] org.apache.catalina.core.ApplicationContext.log ContextListener: attributeAdded('StockTicker', 'async.Stockticker@10d4b573')
30-Apr-2023 11:16:19.344 INFO [main] org.apache.catalina.core.ApplicationContext.log SessionListener: contextDestroyed()
30-Apr-2023 11:16:19.344 INFO [main] org.apache.catalina.core.ApplicationContext.log ContextListener: contextDestroyed()
30-Apr-2023 11:16:24.659 INFO [main] org.apache.catalina.core.ApplicationContext.log ContextListener: contextInitialized()
30-Apr-2023 11:16:24.660 INFO [main] org.apache.catalina.core.ApplicationContext.log SessionListener: contextInitialized()
30-Apr-2023 11:16:24.660 INFO [main] org.apache.catalina.core.ApplicationContext.log ContextListener: attributeAdded('StockTicker', 'async.Stockticker@54941dfd')
30-Apr-2023 11:17:12.204 INFO [main] org.apache.catalina.core.ApplicationContext.log SessionListener: contextDestroyed()
30-Apr-2023 11:17:12.204 INFO [main] org.apache.catalina.core.ApplicationContext.log ContextListener: contextDestroyed()
30-Apr-2023 11:17:15.084 INFO [main] org.apache.catalina.core.ApplicationContext.log ContextListener: contextInitialized()
30-Apr-2023 11:17:15.084 INFO [main] org.apache.catalina.core.ApplicationContext.log SessionListener: contextInitialized()
30-Apr-2023 11:17:15.084 INFO [main] org.apache.catalina.core.ApplicationContext.log ContextListener: attributeAdded('StockTicker', 'async.Stockticker@21ea1d9d')
30-Apr-2023 11:25:59.496 INFO [main] org.apache.catalina.core.ApplicationContext.log SessionListener: contextDestroyed()
30-Apr-2023 11:25:59.496 INFO [main] org.apache.catalina.core.ApplicationContext.log ContextListener: contextDestroyed()
30-Apr-2023 11:26:03.900 INFO [main] org.apache.catalina.core.ApplicationContext.log ContextListener: contextInitialized()
30-Apr-2023 11:26:03.900 INFO [main] org.apache.catalina.core.ApplicationContext.log SessionListener: contextInitialized()
30-Apr-2023 11:26:03.901 INFO [main] org.apache.catalina.core.ApplicationContext.log ContextListener: attributeAdded('StockTicker', 'async.Stockticker@5402612e')
30-Apr-2023 11:26:08.187 INFO [main] org.apache.catalina.core.ApplicationContext.log SessionListener: contextDestroyed()
30-Apr-2023 11:26:08.187 INFO [main] org.apache.catalina.core.ApplicationContext.log ContextListener: contextDestroyed()
30-Apr-2023 11:26:12.082 INFO [main] org.apache.catalina.core.ApplicationContext.log ContextListener: contextInitialized()
30-Apr-2023 11:26:12.082 INFO [main] org.apache.catalina.core.ApplicationContext.log SessionListener: contextInitialized()
30-Apr-2023 11:26:12.083 INFO [main] org.apache.catalina.core.ApplicationContext.log ContextListener: attributeAdded('StockTicker', 'async.Stockticker@58f290bc')
30-Apr-2023 11:28:05.440 INFO [Thread-1] org.apache.catalina.core.ApplicationContext.log SessionListener: contextDestroyed()
30-Apr-2023 11:28:05.441 INFO [Thread-1] org.apache.catalina.core.ApplicationContext.log ContextListener: contextDestroyed()
30-Apr-2023 14:08:42.140 INFO [main] org.apache.catalina.core.ApplicationContext.log ContextListener: contextInitialized()
30-Apr-2023 14:08:42.141 INFO [main] org.apache.catalina.core.ApplicationContext.log SessionListener: contextInitialized()
30-Apr-2023 14:08:42.141 INFO [main] org.apache.catalina.core.ApplicationContext.log ContextListener: attributeAdded('StockTicker', 'async.Stockticker@53ba25ff')
30-Apr-2023 14:10:15.199 SEVERE [http-nio-8080-exec-9] org.apache.catalina.core.StandardWrapperValve.invoke Servlet.service() for servlet [Jersey REST Service] in context with path [/ssdd] threw exception [java.lang.IllegalStateException: java.io.IOException: java.lang.reflect.InvocationTargetException] with root cause
	java.nio.file.NoSuchFileException: /home/danih/Documents/Universidad/Segundo Cuatrimestre/Sistemas Distribuidos/Práctica/Entregas/ObligatoriaDistribuidos/tomcat/apache-tomcat-9_1/webapps/ssdd/WEB-INF/lib/osgi-resource-locator-1.0.3.jar
		at java.base/sun.nio.fs.UnixException.translateToIOException(UnixException.java:92)
		at java.base/sun.nio.fs.UnixException.rethrowAsIOException(UnixException.java:106)
		at java.base/sun.nio.fs.UnixException.rethrowAsIOException(UnixException.java:111)
		at java.base/sun.nio.fs.UnixFileAttributeViews$Basic.readAttributes(UnixFileAttributeViews.java:55)
		at java.base/sun.nio.fs.UnixFileSystemProvider.readAttributes(UnixFileSystemProvider.java:148)
		at java.base/sun.nio.fs.LinuxFileSystemProvider.readAttributes(LinuxFileSystemProvider.java:99)
		at java.base/java.nio.file.Files.readAttributes(Files.java:1851)
		at java.base/java.util.zip.ZipFile$Source.get(ZipFile.java:1264)
		at java.base/java.util.zip.ZipFile$CleanableResource.<init>(ZipFile.java:709)
		at java.base/java.util.zip.ZipFile.<init>(ZipFile.java:243)
		at java.base/java.util.zip.ZipFile.<init>(ZipFile.java:172)
		at java.base/java.util.jar.JarFile.<init>(JarFile.java:347)
		at java.base/jdk.internal.reflect.GeneratedConstructorAccessor7.newInstance(Unknown Source)
		at java.base/jdk.internal.reflect.DelegatingConstructorAccessorImpl.newInstance(DelegatingConstructorAccessorImpl.java:45)
		at java.base/java.lang.reflect.Constructor.newInstanceWithCaller(Constructor.java:499)
		at java.base/java.lang.reflect.Constructor.newInstance(Constructor.java:480)
		at org.apache.tomcat.util.compat.Jre9Compat.jarFileNewInstance(Jre9Compat.java:206)
		at org.apache.tomcat.util.compat.JreCompat.jarFileNewInstance(JreCompat.java:241)
		at org.apache.catalina.webresources.AbstractArchiveResourceSet.openJarFile(AbstractArchiveResourceSet.java:299)
		at org.apache.catalina.webresources.AbstractSingleArchiveResourceSet.getArchiveEntry(AbstractSingleArchiveResourceSet.java:96)
		at org.apache.catalina.webresources.AbstractArchiveResourceSet.getResource(AbstractArchiveResourceSet.java:249)
		at org.apache.catalina.webresources.StandardRoot.getResourceInternal(StandardRoot.java:272)
		at org.apache.catalina.webresources.Cache.getResource(Cache.java:64)
		at org.apache.catalina.webresources.StandardRoot.getResource(StandardRoot.java:211)
		at org.apache.catalina.webresources.StandardRoot.getClassLoaderResource(StandardRoot.java:220)
		at org.apache.catalina.loader.WebappClassLoaderBase.findClassInternal(WebappClassLoaderBase.java:2351)
		at org.apache.catalina.loader.WebappClassLoaderBase.findClass(WebappClassLoaderBase.java:875)
		at org.apache.catalina.loader.WebappClassLoaderBase.loadClass(WebappClassLoaderBase.java:1376)
		at org.apache.catalina.loader.WebappClassLoaderBase.loadClass(WebappClassLoaderBase.java:1220)
		at org.glassfish.jersey.server.ServerRuntime$Responder.process(ServerRuntime.java:407)
		at org.glassfish.jersey.server.ServerRuntime$1.run(ServerRuntime.java:264)
		at org.glassfish.jersey.internal.Errors$1.call(Errors.java:248)
		at org.glassfish.jersey.internal.Errors$1.call(Errors.java:244)
		at org.glassfish.jersey.internal.Errors.process(Errors.java:292)
		at org.glassfish.jersey.internal.Errors.process(Errors.java:274)
		at org.glassfish.jersey.internal.Errors.process(Errors.java:244)
		at org.glassfish.jersey.process.internal.RequestScope.runInScope(RequestScope.java:265)
		at org.glassfish.jersey.server.ServerRuntime.process(ServerRuntime.java:235)
		at org.glassfish.jersey.server.ApplicationHandler.handle(ApplicationHandler.java:684)
		at org.glassfish.jersey.servlet.WebComponent.serviceImpl(WebComponent.java:394)
		at org.glassfish.jersey.servlet.WebComponent.service(WebComponent.java:346)
		at org.glassfish.jersey.servlet.ServletContainer.service(ServletContainer.java:358)
		at org.glassfish.jersey.servlet.ServletContainer.service(ServletContainer.java:311)
		at org.glassfish.jersey.servlet.ServletContainer.service(ServletContainer.java:205)
		at org.apache.catalina.core.ApplicationFilterChain.internalDoFilter(ApplicationFilterChain.java:209)
		at org.apache.catalina.core.ApplicationFilterChain.doFilter(ApplicationFilterChain.java:153)
		at org.apache.tomcat.websocket.server.WsFilter.doFilter(WsFilter.java:53)
		at org.apache.catalina.core.ApplicationFilterChain.internalDoFilter(ApplicationFilterChain.java:178)
		at org.apache.catalina.core.ApplicationFilterChain.doFilter(ApplicationFilterChain.java:153)
		at org.apache.catalina.core.StandardWrapperValve.invoke(StandardWrapperValve.java:167)
		at org.apache.catalina.core.StandardContextValve.invoke(StandardContextValve.java:90)
		at org.apache.catalina.authenticator.AuthenticatorBase.invoke(AuthenticatorBase.java:492)
		at org.apache.catalina.core.StandardHostValve.invoke(StandardHostValve.java:130)
		at org.apache.catalina.valves.ErrorReportValve.invoke(ErrorReportValve.java:93)
		at org.apache.catalina.valves.AbstractAccessLogValve.invoke(AbstractAccessLogValve.java:673)
		at org.apache.catalina.core.StandardEngineValve.invoke(StandardEngineValve.java:74)
		at org.apache.catalina.connector.CoyoteAdapter.service(CoyoteAdapter.java:343)
		at org.apache.coyote.http11.Http11Processor.service(Http11Processor.java:389)
		at org.apache.coyote.AbstractProcessorLight.process(AbstractProcessorLight.java:63)
		at org.apache.coyote.AbstractProtocol$ConnectionHandler.process(AbstractProtocol.java:926)
		at org.apache.tomcat.util.net.NioEndpoint$SocketProcessor.doRun(NioEndpoint.java:1791)
		at org.apache.tomcat.util.net.SocketProcessorBase.run(SocketProcessorBase.java:49)
		at org.apache.tomcat.util.threads.ThreadPoolExecutor.runWorker(ThreadPoolExecutor.java:1191)
		at org.apache.tomcat.util.threads.ThreadPoolExecutor$Worker.run(ThreadPoolExecutor.java:659)
		at org.apache.tomcat.util.threads.TaskThread$WrappingRunnable.run(TaskThread.java:61)
		at java.base/java.lang.Thread.run(Thread.java:833)
30-Apr-2023 14:10:16.274 INFO [main] org.apache.catalina.core.ApplicationContext.log ContextListener: contextInitialized()
30-Apr-2023 14:10:16.274 INFO [main] org.apache.catalina.core.ApplicationContext.log SessionListener: contextInitialized()
30-Apr-2023 14:10:16.275 INFO [main] org.apache.catalina.core.ApplicationContext.log ContextListener: attributeAdded('StockTicker', 'async.Stockticker@681d704e')
30-Apr-2023 14:10:16.344 INFO [main] org.apache.catalina.core.ApplicationContext.log SessionListener: contextDestroyed()
30-Apr-2023 14:10:16.344 INFO [main] org.apache.catalina.core.ApplicationContext.log ContextListener: contextDestroyed()
30-Apr-2023 14:10:27.477 INFO [main] org.apache.catalina.core.ApplicationContext.log SessionListener: contextDestroyed()
30-Apr-2023 14:10:27.477 INFO [main] org.apache.catalina.core.ApplicationContext.log ContextListener: contextDestroyed()
30-Apr-2023 14:10:53.306 INFO [main] org.apache.catalina.core.ApplicationContext.log ContextListener: contextInitialized()
30-Apr-2023 14:10:53.306 INFO [main] org.apache.catalina.core.ApplicationContext.log SessionListener: contextInitialized()
30-Apr-2023 14:10:53.306 INFO [main] org.apache.catalina.core.ApplicationContext.log ContextListener: attributeAdded('StockTicker', 'async.Stockticker@36a58466')
30-Apr-2023 14:29:34.827 INFO [main] org.apache.catalina.core.ApplicationContext.log ContextListener: contextInitialized()
30-Apr-2023 14:29:34.827 INFO [main] org.apache.catalina.core.ApplicationContext.log SessionListener: contextInitialized()
30-Apr-2023 14:29:34.827 INFO [main] org.apache.catalina.core.ApplicationContext.log ContextListener: attributeAdded('StockTicker', 'async.Stockticker@236fd411')
30-Apr-2023 14:29:34.870 INFO [main] org.apache.catalina.core.ApplicationContext.log SessionListener: contextDestroyed()
30-Apr-2023 14:29:34.870 INFO [main] org.apache.catalina.core.ApplicationContext.log ContextListener: contextDestroyed()
30-Apr-2023 14:29:57.266 INFO [main] org.apache.catalina.core.ApplicationContext.log SessionListener: contextDestroyed()
30-Apr-2023 14:29:57.266 INFO [main] org.apache.catalina.core.ApplicationContext.log ContextListener: contextDestroyed()
30-Apr-2023 14:30:23.131 INFO [main] org.apache.catalina.core.ApplicationContext.log ContextListener: contextInitialized()
30-Apr-2023 14:30:23.131 INFO [main] org.apache.catalina.core.ApplicationContext.log SessionListener: contextInitialized()
30-Apr-2023 14:30:23.132 INFO [main] org.apache.catalina.core.ApplicationContext.log ContextListener: attributeAdded('StockTicker', 'async.Stockticker@6480a063')
30-Apr-2023 14:30:23.888 SEVERE [http-nio-8080-exec-1] org.apache.catalina.core.StandardWrapperValve.invoke Servlet.service() for servlet [Jersey REST Service] in context with path [/ssdd] threw exception [javax.ws.rs.ProcessingException: java.net.ConnectException: Conexión rehusada] with root cause
	java.net.ConnectException: Conexión rehusada
		at java.base/sun.nio.ch.Net.connect0(Native Method)
		at java.base/sun.nio.ch.Net.connect(Net.java:579)
		at java.base/sun.nio.ch.Net.connect(Net.java:568)
		at java.base/sun.nio.ch.NioSocketImpl.connect(NioSocketImpl.java:588)
		at java.base/java.net.Socket.connect(Socket.java:633)
		at java.base/sun.net.NetworkClient.doConnect(NetworkClient.java:178)
		at java.base/sun.net.www.http.HttpClient.openServer(HttpClient.java:531)
		at java.base/sun.net.www.http.HttpClient.openServer(HttpClient.java:636)
		at java.base/sun.net.www.http.HttpClient.<init>(HttpClient.java:279)
		at java.base/sun.net.www.http.HttpClient.New(HttpClient.java:384)
		at java.base/sun.net.www.http.HttpClient.New(HttpClient.java:406)
		at java.base/sun.net.www.protocol.http.HttpURLConnection.getNewHttpClient(HttpURLConnection.java:1309)
		at java.base/sun.net.www.protocol.http.HttpURLConnection.plainConnect0(HttpURLConnection.java:1242)
		at java.base/sun.net.www.protocol.http.HttpURLConnection.plainConnect(HttpURLConnection.java:1128)
		at java.base/sun.net.www.protocol.http.HttpURLConnection.connect(HttpURLConnection.java:1057)
		at java.base/sun.net.www.protocol.http.HttpURLConnection.getInputStream0(HttpURLConnection.java:1665)
		at java.base/sun.net.www.protocol.http.HttpURLConnection.getInputStream(HttpURLConnection.java:1589)
		at java.base/java.net.HttpURLConnection.getResponseCode(HttpURLConnection.java:529)
		at org.glassfish.jersey.client.internal.HttpUrlConnector._apply(HttpUrlConnector.java:380)
		at org.glassfish.jersey.client.internal.HttpUrlConnector.apply(HttpUrlConnector.java:268)
		at org.glassfish.jersey.client.ClientRuntime.invoke(ClientRuntime.java:300)
		at org.glassfish.jersey.client.JerseyInvocation.lambda$invoke$1(JerseyInvocation.java:675)
		at org.glassfish.jersey.client.JerseyInvocation.call(JerseyInvocation.java:697)
		at org.glassfish.jersey.client.JerseyInvocation.lambda$runInScope$3(JerseyInvocation.java:691)
		at org.glassfish.jersey.internal.Errors.process(Errors.java:292)
		at org.glassfish.jersey.internal.Errors.process(Errors.java:274)
		at org.glassfish.jersey.internal.Errors.process(Errors.java:205)
		at org.glassfish.jersey.process.internal.RequestScope.runInScope(RequestScope.java:390)
		at org.glassfish.jersey.client.JerseyInvocation.runInScope(JerseyInvocation.java:691)
		at org.glassfish.jersey.client.JerseyInvocation.invoke(JerseyInvocation.java:674)
		at org.glassfish.jersey.client.JerseyInvocation$Builder.method(JerseyInvocation.java:422)
		at org.glassfish.jersey.client.JerseyInvocation$Builder.get(JerseyInvocation.java:318)
		at util.ClientHelper.run(ClientHelper.java:40)
		at util.ClientHelper.requestEntry(ClientHelper.java:56)
		at ssdd.Node.start(Node.java:95)
		at java.base/jdk.internal.reflect.NativeMethodAccessorImpl.invoke0(Native Method)
		at java.base/jdk.internal.reflect.NativeMethodAccessorImpl.invoke(NativeMethodAccessorImpl.java:77)
		at java.base/jdk.internal.reflect.DelegatingMethodAccessorImpl.invoke(DelegatingMethodAccessorImpl.java:43)
		at java.base/java.lang.reflect.Method.invoke(Method.java:568)
		at org.glassfish.jersey.server.model.internal.ResourceMethodInvocationHandlerFactory.lambda$static$0(ResourceMethodInvocationHandlerFactory.java:52)
		at org.glassfish.jersey.server.model.internal.AbstractJavaResourceMethodDispatcher$1.run(AbstractJavaResourceMethodDispatcher.java:134)
		at org.glassfish.jersey.server.model.internal.AbstractJavaResourceMethodDispatcher.invoke(AbstractJavaResourceMethodDispatcher.java:177)
		at org.glassfish.jersey.server.model.internal.JavaResourceMethodDispatcherProvider$TypeOutInvoker.doDispatch(JavaResourceMethodDispatcherProvider.java:219)
		at org.glassfish.jersey.server.model.internal.AbstractJavaResourceMethodDispatcher.dispatch(AbstractJavaResourceMethodDispatcher.java:81)
		at org.glassfish.jersey.server.model.ResourceMethodInvoker.invoke(ResourceMethodInvoker.java:478)
		at org.glassfish.jersey.server.model.ResourceMethodInvoker.apply(ResourceMethodInvoker.java:400)
		at org.glassfish.jersey.server.model.ResourceMethodInvoker.apply(ResourceMethodInvoker.java:81)
		at org.glassfish.jersey.server.ServerRuntime$1.run(ServerRuntime.java:256)
		at org.glassfish.jersey.internal.Errors$1.call(Errors.java:248)
		at org.glassfish.jersey.internal.Errors$1.call(Errors.java:244)
		at org.glassfish.jersey.internal.Errors.process(Errors.java:292)
		at org.glassfish.jersey.internal.Errors.process(Errors.java:274)
		at org.glassfish.jersey.internal.Errors.process(Errors.java:244)
		at org.glassfish.jersey.process.internal.RequestScope.runInScope(RequestScope.java:265)
		at org.glassfish.jersey.server.ServerRuntime.process(ServerRuntime.java:235)
		at org.glassfish.jersey.server.ApplicationHandler.handle(ApplicationHandler.java:684)
		at org.glassfish.jersey.servlet.WebComponent.serviceImpl(WebComponent.java:394)
		at org.glassfish.jersey.servlet.WebComponent.service(WebComponent.java:346)
		at org.glassfish.jersey.servlet.ServletContainer.service(ServletContainer.java:358)
		at org.glassfish.jersey.servlet.ServletContainer.service(ServletContainer.java:311)
		at org.glassfish.jersey.servlet.ServletContainer.service(ServletContainer.java:205)
		at org.apache.catalina.core.ApplicationFilterChain.internalDoFilter(ApplicationFilterChain.java:209)
		at org.apache.catalina.core.ApplicationFilterChain.doFilter(ApplicationFilterChain.java:153)
		at org.apache.tomcat.websocket.server.WsFilter.doFilter(WsFilter.java:53)
		at org.apache.catalina.core.ApplicationFilterChain.internalDoFilter(ApplicationFilterChain.java:178)
		at org.apache.catalina.core.ApplicationFilterChain.doFilter(ApplicationFilterChain.java:153)
		at org.apache.catalina.core.StandardWrapperValve.invoke(StandardWrapperValve.java:167)
		at org.apache.catalina.core.StandardContextValve.invoke(StandardContextValve.java:90)
		at org.apache.catalina.authenticator.AuthenticatorBase.invoke(AuthenticatorBase.java:492)
		at org.apache.catalina.core.StandardHostValve.invoke(StandardHostValve.java:130)
		at org.apache.catalina.valves.ErrorReportValve.invoke(ErrorReportValve.java:93)
		at org.apache.catalina.valves.AbstractAccessLogValve.invoke(AbstractAccessLogValve.java:673)
		at org.apache.catalina.core.StandardEngineValve.invoke(StandardEngineValve.java:74)
		at org.apache.catalina.connector.CoyoteAdapter.service(CoyoteAdapter.java:343)
		at org.apache.coyote.http11.Http11Processor.service(Http11Processor.java:389)
		at org.apache.coyote.AbstractProcessorLight.process(AbstractProcessorLight.java:63)
		at org.apache.coyote.AbstractProtocol$ConnectionHandler.process(AbstractProtocol.java:926)
		at org.apache.tomcat.util.net.NioEndpoint$SocketProcessor.doRun(NioEndpoint.java:1791)
		at org.apache.tomcat.util.net.SocketProcessorBase.run(SocketProcessorBase.java:49)
		at org.apache.tomcat.util.threads.ThreadPoolExecutor.runWorker(ThreadPoolExecutor.java:1191)
		at org.apache.tomcat.util.threads.ThreadPoolExecutor$Worker.run(ThreadPoolExecutor.java:659)
		at org.apache.tomcat.util.threads.TaskThread$WrappingRunnable.run(TaskThread.java:61)
		at java.base/java.lang.Thread.run(Thread.java:833)
30-Apr-2023 14:30:41.412 INFO [main] org.apache.catalina.core.ApplicationContext.log ContextListener: contextInitialized()
30-Apr-2023 14:30:41.412 INFO [main] org.apache.catalina.core.ApplicationContext.log SessionListener: contextInitialized()
30-Apr-2023 14:30:41.413 INFO [main] org.apache.catalina.core.ApplicationContext.log ContextListener: attributeAdded('StockTicker', 'async.Stockticker@3129299f')
30-Apr-2023 14:30:41.457 INFO [main] org.apache.catalina.core.ApplicationContext.log SessionListener: contextDestroyed()
30-Apr-2023 14:30:41.457 INFO [main] org.apache.catalina.core.ApplicationContext.log ContextListener: contextDestroyed()
30-Apr-2023 14:30:45.600 INFO [main] org.apache.catalina.core.ApplicationContext.log SessionListener: contextDestroyed()
30-Apr-2023 14:30:45.600 INFO [main] org.apache.catalina.core.ApplicationContext.log ContextListener: contextDestroyed()
30-Apr-2023 14:31:00.055 INFO [main] org.apache.catalina.core.ApplicationContext.log ContextListener: contextInitialized()
30-Apr-2023 14:31:00.055 INFO [main] org.apache.catalina.core.ApplicationContext.log SessionListener: contextInitialized()
30-Apr-2023 14:31:00.056 INFO [main] org.apache.catalina.core.ApplicationContext.log ContextListener: attributeAdded('StockTicker', 'async.Stockticker@62158991')
30-Apr-2023 14:31:00.848 SEVERE [http-nio-8080-exec-1] org.apache.catalina.core.StandardWrapperValve.invoke Servlet.service() for servlet [Jersey REST Service] in context with path [/ssdd] threw exception [javax.ws.rs.ProcessingException: java.net.ConnectException: Conexión rehusada] with root cause
	java.net.ConnectException: Conexión rehusada
		at java.base/sun.nio.ch.Net.connect0(Native Method)
		at java.base/sun.nio.ch.Net.connect(Net.java:579)
		at java.base/sun.nio.ch.Net.connect(Net.java:568)
		at java.base/sun.nio.ch.NioSocketImpl.connect(NioSocketImpl.java:588)
		at java.base/java.net.Socket.connect(Socket.java:633)
		at java.base/sun.net.NetworkClient.doConnect(NetworkClient.java:178)
		at java.base/sun.net.www.http.HttpClient.openServer(HttpClient.java:531)
		at java.base/sun.net.www.http.HttpClient.openServer(HttpClient.java:636)
		at java.base/sun.net.www.http.HttpClient.<init>(HttpClient.java:279)
		at java.base/sun.net.www.http.HttpClient.New(HttpClient.java:384)
		at java.base/sun.net.www.http.HttpClient.New(HttpClient.java:406)
		at java.base/sun.net.www.protocol.http.HttpURLConnection.getNewHttpClient(HttpURLConnection.java:1309)
		at java.base/sun.net.www.protocol.http.HttpURLConnection.plainConnect0(HttpURLConnection.java:1242)
		at java.base/sun.net.www.protocol.http.HttpURLConnection.plainConnect(HttpURLConnection.java:1128)
		at java.base/sun.net.www.protocol.http.HttpURLConnection.connect(HttpURLConnection.java:1057)
		at java.base/sun.net.www.protocol.http.HttpURLConnection.getInputStream0(HttpURLConnection.java:1665)
		at java.base/sun.net.www.protocol.http.HttpURLConnection.getInputStream(HttpURLConnection.java:1589)
		at java.base/java.net.HttpURLConnection.getResponseCode(HttpURLConnection.java:529)
		at org.glassfish.jersey.client.internal.HttpUrlConnector._apply(HttpUrlConnector.java:380)
		at org.glassfish.jersey.client.internal.HttpUrlConnector.apply(HttpUrlConnector.java:268)
		at org.glassfish.jersey.client.ClientRuntime.invoke(ClientRuntime.java:300)
		at org.glassfish.jersey.client.JerseyInvocation.lambda$invoke$1(JerseyInvocation.java:675)
		at org.glassfish.jersey.client.JerseyInvocation.call(JerseyInvocation.java:697)
		at org.glassfish.jersey.client.JerseyInvocation.lambda$runInScope$3(JerseyInvocation.java:691)
		at org.glassfish.jersey.internal.Errors.process(Errors.java:292)
		at org.glassfish.jersey.internal.Errors.process(Errors.java:274)
		at org.glassfish.jersey.internal.Errors.process(Errors.java:205)
		at org.glassfish.jersey.process.internal.RequestScope.runInScope(RequestScope.java:390)
		at org.glassfish.jersey.client.JerseyInvocation.runInScope(JerseyInvocation.java:691)
		at org.glassfish.jersey.client.JerseyInvocation.invoke(JerseyInvocation.java:674)
		at org.glassfish.jersey.client.JerseyInvocation$Builder.method(JerseyInvocation.java:422)
		at org.glassfish.jersey.client.JerseyInvocation$Builder.get(JerseyInvocation.java:318)
		at util.ClientHelper.run(ClientHelper.java:40)
		at util.ClientHelper.requestEntry(ClientHelper.java:56)
		at ssdd.Node.start(Node.java:95)
		at java.base/jdk.internal.reflect.NativeMethodAccessorImpl.invoke0(Native Method)
		at java.base/jdk.internal.reflect.NativeMethodAccessorImpl.invoke(NativeMethodAccessorImpl.java:77)
		at java.base/jdk.internal.reflect.DelegatingMethodAccessorImpl.invoke(DelegatingMethodAccessorImpl.java:43)
		at java.base/java.lang.reflect.Method.invoke(Method.java:568)
		at org.glassfish.jersey.server.model.internal.ResourceMethodInvocationHandlerFactory.lambda$static$0(ResourceMethodInvocationHandlerFactory.java:52)
		at org.glassfish.jersey.server.model.internal.AbstractJavaResourceMethodDispatcher$1.run(AbstractJavaResourceMethodDispatcher.java:134)
		at org.glassfish.jersey.server.model.internal.AbstractJavaResourceMethodDispatcher.invoke(AbstractJavaResourceMethodDispatcher.java:177)
		at org.glassfish.jersey.server.model.internal.JavaResourceMethodDispatcherProvider$TypeOutInvoker.doDispatch(JavaResourceMethodDispatcherProvider.java:219)
		at org.glassfish.jersey.server.model.internal.AbstractJavaResourceMethodDispatcher.dispatch(AbstractJavaResourceMethodDispatcher.java:81)
		at org.glassfish.jersey.server.model.ResourceMethodInvoker.invoke(ResourceMethodInvoker.java:478)
		at org.glassfish.jersey.server.model.ResourceMethodInvoker.apply(ResourceMethodInvoker.java:400)
		at org.glassfish.jersey.server.model.ResourceMethodInvoker.apply(ResourceMethodInvoker.java:81)
		at org.glassfish.jersey.server.ServerRuntime$1.run(ServerRuntime.java:256)
		at org.glassfish.jersey.internal.Errors$1.call(Errors.java:248)
		at org.glassfish.jersey.internal.Errors$1.call(Errors.java:244)
		at org.glassfish.jersey.internal.Errors.process(Errors.java:292)
		at org.glassfish.jersey.internal.Errors.process(Errors.java:274)
		at org.glassfish.jersey.internal.Errors.process(Errors.java:244)
		at org.glassfish.jersey.process.internal.RequestScope.runInScope(RequestScope.java:265)
		at org.glassfish.jersey.server.ServerRuntime.process(ServerRuntime.java:235)
		at org.glassfish.jersey.server.ApplicationHandler.handle(ApplicationHandler.java:684)
		at org.glassfish.jersey.servlet.WebComponent.serviceImpl(WebComponent.java:394)
		at org.glassfish.jersey.servlet.WebComponent.service(WebComponent.java:346)
		at org.glassfish.jersey.servlet.ServletContainer.service(ServletContainer.java:358)
		at org.glassfish.jersey.servlet.ServletContainer.service(ServletContainer.java:311)
		at org.glassfish.jersey.servlet.ServletContainer.service(ServletContainer.java:205)
		at org.apache.catalina.core.ApplicationFilterChain.internalDoFilter(ApplicationFilterChain.java:209)
		at org.apache.catalina.core.ApplicationFilterChain.doFilter(ApplicationFilterChain.java:153)
		at org.apache.tomcat.websocket.server.WsFilter.doFilter(WsFilter.java:53)
		at org.apache.catalina.core.ApplicationFilterChain.internalDoFilter(ApplicationFilterChain.java:178)
		at org.apache.catalina.core.ApplicationFilterChain.doFilter(ApplicationFilterChain.java:153)
		at org.apache.catalina.core.StandardWrapperValve.invoke(StandardWrapperValve.java:167)
		at org.apache.catalina.core.StandardContextValve.invoke(StandardContextValve.java:90)
		at org.apache.catalina.authenticator.AuthenticatorBase.invoke(AuthenticatorBase.java:492)
		at org.apache.catalina.core.StandardHostValve.invoke(StandardHostValve.java:130)
		at org.apache.catalina.valves.ErrorReportValve.invoke(ErrorReportValve.java:93)
		at org.apache.catalina.valves.AbstractAccessLogValve.invoke(AbstractAccessLogValve.java:673)
		at org.apache.catalina.core.StandardEngineValve.invoke(StandardEngineValve.java:74)
		at org.apache.catalina.connector.CoyoteAdapter.service(CoyoteAdapter.java:343)
		at org.apache.coyote.http11.Http11Processor.service(Http11Processor.java:389)
		at org.apache.coyote.AbstractProcessorLight.process(AbstractProcessorLight.java:63)
		at org.apache.coyote.AbstractProtocol$ConnectionHandler.process(AbstractProtocol.java:926)
		at org.apache.tomcat.util.net.NioEndpoint$SocketProcessor.doRun(NioEndpoint.java:1791)
		at org.apache.tomcat.util.net.SocketProcessorBase.run(SocketProcessorBase.java:49)
		at org.apache.tomcat.util.threads.ThreadPoolExecutor.runWorker(ThreadPoolExecutor.java:1191)
		at org.apache.tomcat.util.threads.ThreadPoolExecutor$Worker.run(ThreadPoolExecutor.java:659)
		at org.apache.tomcat.util.threads.TaskThread$WrappingRunnable.run(TaskThread.java:61)
		at java.base/java.lang.Thread.run(Thread.java:833)
30-Apr-2023 14:32:52.438 SEVERE [http-nio-8080-exec-6] org.apache.catalina.core.StandardWrapperValve.invoke Servlet.service() for servlet [Jersey REST Service] in context with path [/ssdd] threw exception [java.lang.IllegalStateException: java.io.IOException: java.lang.reflect.InvocationTargetException] with root cause
	java.nio.file.NoSuchFileException: /home/danih/Documents/Universidad/Segundo Cuatrimestre/Sistemas Distribuidos/Práctica/Entregas/ObligatoriaDistribuidos/tomcat/apache-tomcat-9_1/webapps/ssdd/WEB-INF/lib/jersey-hk2.jar
		at java.base/sun.nio.fs.UnixException.translateToIOException(UnixException.java:92)
		at java.base/sun.nio.fs.UnixException.rethrowAsIOException(UnixException.java:106)
		at java.base/sun.nio.fs.UnixException.rethrowAsIOException(UnixException.java:111)
		at java.base/sun.nio.fs.UnixFileAttributeViews$Basic.readAttributes(UnixFileAttributeViews.java:55)
		at java.base/sun.nio.fs.UnixFileSystemProvider.readAttributes(UnixFileSystemProvider.java:148)
		at java.base/sun.nio.fs.LinuxFileSystemProvider.readAttributes(LinuxFileSystemProvider.java:99)
		at java.base/java.nio.file.Files.readAttributes(Files.java:1851)
		at java.base/java.util.zip.ZipFile$Source.get(ZipFile.java:1264)
		at java.base/java.util.zip.ZipFile$CleanableResource.<init>(ZipFile.java:709)
		at java.base/java.util.zip.ZipFile.<init>(ZipFile.java:243)
		at java.base/java.util.zip.ZipFile.<init>(ZipFile.java:172)
		at java.base/java.util.jar.JarFile.<init>(JarFile.java:347)
		at java.base/jdk.internal.reflect.GeneratedConstructorAccessor7.newInstance(Unknown Source)
		at java.base/jdk.internal.reflect.DelegatingConstructorAccessorImpl.newInstance(DelegatingConstructorAccessorImpl.java:45)
		at java.base/java.lang.reflect.Constructor.newInstanceWithCaller(Constructor.java:499)
		at java.base/java.lang.reflect.Constructor.newInstance(Constructor.java:480)
		at org.apache.tomcat.util.compat.Jre9Compat.jarFileNewInstance(Jre9Compat.java:206)
		at org.apache.tomcat.util.compat.JreCompat.jarFileNewInstance(JreCompat.java:241)
		at org.apache.catalina.webresources.AbstractArchiveResourceSet.openJarFile(AbstractArchiveResourceSet.java:299)
		at org.apache.catalina.webresources.AbstractSingleArchiveResourceSet.getArchiveEntry(AbstractSingleArchiveResourceSet.java:96)
		at org.apache.catalina.webresources.AbstractArchiveResourceSet.getResource(AbstractArchiveResourceSet.java:249)
		at org.apache.catalina.webresources.StandardRoot.getResourceInternal(StandardRoot.java:272)
		at org.apache.catalina.webresources.Cache.getResource(Cache.java:64)
		at org.apache.catalina.webresources.StandardRoot.getResource(StandardRoot.java:211)
		at org.apache.catalina.webresources.StandardRoot.getClassLoaderResource(StandardRoot.java:220)
		at org.apache.catalina.loader.WebappClassLoaderBase.findClassInternal(WebappClassLoaderBase.java:2386)
		at org.apache.catalina.loader.WebappClassLoaderBase.findClass(WebappClassLoaderBase.java:875)
		at org.apache.catalina.loader.WebappClassLoaderBase.loadClass(WebappClassLoaderBase.java:1376)
		at org.apache.catalina.loader.WebappClassLoaderBase.loadClass(WebappClassLoaderBase.java:1220)
		at org.glassfish.jersey.internal.guava.LocalCache$Segment.expireEntries(LocalCache.java:2592)
		at org.glassfish.jersey.internal.guava.LocalCache$Segment.tryExpireEntries(LocalCache.java:2574)
		at org.glassfish.jersey.internal.guava.LocalCache$Segment.getLiveEntry(LocalCache.java:2679)
		at org.glassfish.jersey.internal.guava.LocalCache$Segment.get(LocalCache.java:2711)
		at org.glassfish.jersey.internal.guava.LocalCache.getIfPresent(LocalCache.java:600)
		at org.glassfish.jersey.internal.guava.LocalCache$LocalManualCache.getIfPresent(LocalCache.java:3771)
		at org.glassfish.jersey.internal.util.collection.LRU$LRUFactory$1.getIfPresent(LRU.java:64)
		at org.glassfish.jersey.message.internal.HttpHeaderReader$ListReader.readList(HttpHeaderReader.java:639)
		at org.glassfish.jersey.message.internal.HttpHeaderReader$ListReader.readList(HttpHeaderReader.java:632)
		at org.glassfish.jersey.message.internal.HttpHeaderReader$QualifiedListReader.readList(HttpHeaderReader.java:593)
		at org.glassfish.jersey.message.internal.HttpHeaderReader.readAcceptMediaType(HttpHeaderReader.java:387)
		at org.glassfish.jersey.message.internal.InboundMessageContext.lambda$acceptTypeCache$1(InboundMessageContext.java:508)
		at org.glassfish.jersey.internal.util.collection.Values$LazyValueImpl.get(Values.java:317)
		at org.glassfish.jersey.message.internal.InboundMessageContext.getQualifiedAcceptableMediaTypes(InboundMessageContext.java:496)
		at org.glassfish.jersey.server.internal.routing.MethodSelectingRouter.getMethodRouter(MethodSelectingRouter.java:424)
		at org.glassfish.jersey.server.internal.routing.MethodSelectingRouter.access$000(MethodSelectingRouter.java:73)
		at org.glassfish.jersey.server.internal.routing.MethodSelectingRouter$4.apply(MethodSelectingRouter.java:674)
		at org.glassfish.jersey.server.internal.routing.MethodSelectingRouter.apply(MethodSelectingRouter.java:305)
		at org.glassfish.jersey.server.internal.routing.RoutingStage._apply(RoutingStage.java:86)
		at org.glassfish.jersey.server.internal.routing.RoutingStage._apply(RoutingStage.java:89)
		at org.glassfish.jersey.server.internal.routing.RoutingStage._apply(RoutingStage.java:89)
		at org.glassfish.jersey.server.internal.routing.RoutingStage._apply(RoutingStage.java:89)
		at org.glassfish.jersey.server.internal.routing.RoutingStage.apply(RoutingStage.java:69)
		at org.glassfish.jersey.server.internal.routing.RoutingStage.apply(RoutingStage.java:38)
		at org.glassfish.jersey.process.internal.Stages.process(Stages.java:173)
		at org.glassfish.jersey.server.ServerRuntime$1.run(ServerRuntime.java:248)
		at org.glassfish.jersey.internal.Errors$1.call(Errors.java:248)
		at org.glassfish.jersey.internal.Errors$1.call(Errors.java:244)
		at org.glassfish.jersey.internal.Errors.process(Errors.java:292)
		at org.glassfish.jersey.internal.Errors.process(Errors.java:274)
		at org.glassfish.jersey.internal.Errors.process(Errors.java:244)
		at org.glassfish.jersey.process.internal.RequestScope.runInScope(RequestScope.java:265)
		at org.glassfish.jersey.server.ServerRuntime.process(ServerRuntime.java:235)
		at org.glassfish.jersey.server.ApplicationHandler.handle(ApplicationHandler.java:684)
		at org.glassfish.jersey.servlet.WebComponent.serviceImpl(WebComponent.java:394)
		at org.glassfish.jersey.servlet.WebComponent.service(WebComponent.java:346)
		at org.glassfish.jersey.servlet.ServletContainer.service(ServletContainer.java:358)
		at org.glassfish.jersey.servlet.ServletContainer.service(ServletContainer.java:311)
		at org.glassfish.jersey.servlet.ServletContainer.service(ServletContainer.java:205)
		at org.apache.catalina.core.ApplicationFilterChain.internalDoFilter(ApplicationFilterChain.java:209)
		at org.apache.catalina.core.ApplicationFilterChain.doFilter(ApplicationFilterChain.java:153)
		at org.apache.tomcat.websocket.server.WsFilter.doFilter(WsFilter.java:53)
		at org.apache.catalina.core.ApplicationFilterChain.internalDoFilter(ApplicationFilterChain.java:178)
		at org.apache.catalina.core.ApplicationFilterChain.doFilter(ApplicationFilterChain.java:153)
		at org.apache.catalina.core.StandardWrapperValve.invoke(StandardWrapperValve.java:167)
		at org.apache.catalina.core.StandardContextValve.invoke(StandardContextValve.java:90)
		at org.apache.catalina.authenticator.AuthenticatorBase.invoke(AuthenticatorBase.java:492)
		at org.apache.catalina.core.StandardHostValve.invoke(StandardHostValve.java:130)
		at org.apache.catalina.valves.ErrorReportValve.invoke(ErrorReportValve.java:93)
		at org.apache.catalina.valves.AbstractAccessLogValve.invoke(AbstractAccessLogValve.java:673)
		at org.apache.catalina.core.StandardEngineValve.invoke(StandardEngineValve.java:74)
		at org.apache.catalina.connector.CoyoteAdapter.service(CoyoteAdapter.java:343)
		at org.apache.coyote.http11.Http11Processor.service(Http11Processor.java:389)
		at org.apache.coyote.AbstractProcessorLight.process(AbstractProcessorLight.java:63)
		at org.apache.coyote.AbstractProtocol$ConnectionHandler.process(AbstractProtocol.java:926)
		at org.apache.tomcat.util.net.NioEndpoint$SocketProcessor.doRun(NioEndpoint.java:1791)
		at org.apache.tomcat.util.net.SocketProcessorBase.run(SocketProcessorBase.java:49)
		at org.apache.tomcat.util.threads.ThreadPoolExecutor.runWorker(ThreadPoolExecutor.java:1191)
		at org.apache.tomcat.util.threads.ThreadPoolExecutor$Worker.run(ThreadPoolExecutor.java:659)
		at org.apache.tomcat.util.threads.TaskThread$WrappingRunnable.run(TaskThread.java:61)
		at java.base/java.lang.Thread.run(Thread.java:833)
30-Apr-2023 14:32:53.484 INFO [main] org.apache.catalina.core.ApplicationContext.log ContextListener: contextInitialized()
30-Apr-2023 14:32:53.484 INFO [main] org.apache.catalina.core.ApplicationContext.log SessionListener: contextInitialized()
30-Apr-2023 14:32:53.484 INFO [main] org.apache.catalina.core.ApplicationContext.log ContextListener: attributeAdded('StockTicker', 'async.Stockticker@68d8ae27')
30-Apr-2023 14:32:53.531 INFO [main] org.apache.catalina.core.ApplicationContext.log SessionListener: contextDestroyed()
30-Apr-2023 14:32:53.531 INFO [main] org.apache.catalina.core.ApplicationContext.log ContextListener: contextDestroyed()
30-Apr-2023 14:34:14.673 INFO [main] org.apache.catalina.core.ApplicationContext.log SessionListener: contextDestroyed()
30-Apr-2023 14:34:14.673 INFO [main] org.apache.catalina.core.ApplicationContext.log ContextListener: contextDestroyed()
30-Apr-2023 14:40:37.550 INFO [main] org.apache.catalina.core.ApplicationContext.log ContextListener: contextInitialized()
30-Apr-2023 14:40:37.550 INFO [main] org.apache.catalina.core.ApplicationContext.log SessionListener: contextInitialized()
30-Apr-2023 14:40:37.550 INFO [main] org.apache.catalina.core.ApplicationContext.log ContextListener: attributeAdded('StockTicker', 'async.Stockticker@1fa98a22')
30-Apr-2023 14:43:42.040 INFO [main] org.apache.catalina.core.ApplicationContext.log SessionListener: contextDestroyed()
30-Apr-2023 14:43:42.040 INFO [main] org.apache.catalina.core.ApplicationContext.log ContextListener: contextDestroyed()
30-Apr-2023 14:43:47.344 INFO [main] org.apache.catalina.core.ApplicationContext.log ContextListener: contextInitialized()
30-Apr-2023 14:43:47.345 INFO [main] org.apache.catalina.core.ApplicationContext.log SessionListener: contextInitialized()
30-Apr-2023 14:43:47.345 INFO [main] org.apache.catalina.core.ApplicationContext.log ContextListener: attributeAdded('StockTicker', 'async.Stockticker@79c4f23b')
30-Apr-2023 14:50:06.721 INFO [main] org.apache.catalina.core.ApplicationContext.log SessionListener: contextDestroyed()
30-Apr-2023 14:50:06.721 INFO [main] org.apache.catalina.core.ApplicationContext.log ContextListener: contextDestroyed()
30-Apr-2023 14:50:11.840 INFO [main] org.apache.catalina.core.ApplicationContext.log ContextListener: contextInitialized()
30-Apr-2023 14:50:11.840 INFO [main] org.apache.catalina.core.ApplicationContext.log SessionListener: contextInitialized()
30-Apr-2023 14:50:11.841 INFO [main] org.apache.catalina.core.ApplicationContext.log ContextListener: attributeAdded('StockTicker', 'async.Stockticker@644947ee')
30-Apr-2023 15:24:26.094 INFO [main] org.apache.catalina.core.ApplicationContext.log ContextListener: contextInitialized()
30-Apr-2023 15:24:26.094 INFO [main] org.apache.catalina.core.ApplicationContext.log SessionListener: contextInitialized()
30-Apr-2023 15:24:26.095 INFO [main] org.apache.catalina.core.ApplicationContext.log ContextListener: attributeAdded('StockTicker', 'async.Stockticker@173a5fad')
30-Apr-2023 15:24:26.143 INFO [main] org.apache.catalina.core.ApplicationContext.log SessionListener: contextDestroyed()
30-Apr-2023 15:24:26.143 INFO [main] org.apache.catalina.core.ApplicationContext.log ContextListener: contextDestroyed()
30-Apr-2023 15:25:02.151 INFO [main] org.apache.catalina.core.ApplicationContext.log ContextListener: contextInitialized()
30-Apr-2023 15:25:02.151 INFO [main] org.apache.catalina.core.ApplicationContext.log SessionListener: contextInitialized()
30-Apr-2023 15:25:02.152 INFO [main] org.apache.catalina.core.ApplicationContext.log ContextListener: attributeAdded('StockTicker', 'async.Stockticker@21ea1d9d')
30-Apr-2023 15:35:59.132 INFO [Thread-1] org.apache.catalina.core.ApplicationContext.log SessionListener: contextDestroyed()
30-Apr-2023 15:35:59.132 INFO [Thread-1] org.apache.catalina.core.ApplicationContext.log ContextListener: contextDestroyed()
